TpTrace Verbose: 0 : 17604, 1, 2024/05/05, 16:37:42.510, 1853998869247, datacollector.dll, Version: 17.9.0-release-24072-02
TpTrace Information: 0 : 17604, 1, 2024/05/05, 16:37:42.514, 1853998905986, datacollector.dll, DataCollectorMain.Run: Starting data collector run with args: --port,53468,--parentprocessid,18484,--diag,D:\БРУ\3 КУРС\6 Семестр\ОС\лр11\OS_20\TaskPriorityCalculator\NunitTesting\bin\Debug\net6.0\fine-code-coverage\coverage-tool-output\diagnostics.datacollector.24-05-05_16-37-42_40870_5.log,--tracelevel,4
TpTrace Information: 0 : 17604, 1, 2024/05/05, 16:37:42.514, 1853998906730, datacollector.dll, DataCollector: Monitoring parent process with id: '18484'
TpTrace Information: 0 : 17604, 1, 2024/05/05, 16:37:42.519, 1853998959959, datacollector.dll, Trying to connect to server on socket : 127.0.0.1:53468 
TpTrace Verbose: 0 : 17604, 1, 2024/05/05, 16:37:42.525, 1853999012847, datacollector.dll, SocketCommunicationManager : SetupClientAsync : Attempting to connect to the server.
TpTrace Information: 0 : 17604, 6, 2024/05/05, 16:37:42.530, 1853999065691, datacollector.dll, Connected to the server successfully 
TpTrace Information: 0 : 17604, 6, 2024/05/05, 16:37:42.530, 1853999066562, datacollector.dll, Using the buffer size of 16384 bytes
TpTrace Information: 0 : 17604, 1, 2024/05/05, 16:37:42.585, 1853999617556, datacollector.dll, DataCollector: Start Request Processing.
TpTrace Verbose: 0 : 17604, 1, 2024/05/05, 16:37:42.585, 1853999618999, datacollector.dll, SocketCommunicationManager.WaitForServerConnection took: 0 ms, with 90000 ms timeout, and finished with True.
TpTrace Information: 0 : 17604, 1, 2024/05/05, 16:37:42.585, 1853999620723, datacollector.dll, DataCollectionRequestHandler.ProcessRequests: Datacollector received message: (DataCollection.BeforeTestRunStart) -> {"MessageType":"DataCollection.BeforeTestRunStart","Payload":{"SettingsXml":"<RunSettings><RunConfiguration><ResultsDirectory>D:\\БРУ\\3 КУРС\\6 Семестр\\ОС\\лр11\\OS_20\\TaskPriorityCalculator\\NunitTesting\\bin\\Debug\\net6.0\\fine-code-coverage\\coverage-tool-output</ResultsDirectory><TargetPlatform>X64</TargetPlatform><TargetFrameworkVersion>.NETCoreApp,Version=v6.0</TargetFrameworkVersion><DesignMode>False</DesignMode><CollectSourceInformation>False</CollectSourceInformation><TestAdaptersPaths>C:\\Program Files\\dotnet\\sdk\\8.0.204\\Extensions</TestAdaptersPaths></RunConfiguration><LoggerRunSettings><Loggers><Logger friendlyName=\"blame\" enabled=\"True\" /><Logger friendlyName=\"Console\" uri=\"logger://microsoft/TestPlatform/ConsoleLogger/v1\" assemblyQualifiedName=\"Microsoft.VisualStudio.TestPlatform.CommandLine.Internal.ConsoleLogger, vstest.console, Version=15.0.0.0, Culture=neutral, PublicKeyToken=b03f5f7f11d50a3a\" codeBase=\"C:\\Program Files\\dotnet\\sdk\\8.0.204\\vstest.console.dll\" enabled=\"True\" /></Loggers></LoggerRunSettings><DataCollectionRunSettings><DataCollectors><DataCollector friendlyName=\"blame\" enabled=\"True\"><Configuration><ResultsDirectory>D:\\БРУ\\3 КУРС\\6 Семестр\\ОС\\лр11\\OS_20\\TaskPriorityCalculator\\NunitTesting\\bin\\Debug\\net6.0\\fine-code-coverage\\coverage-tool-output</ResultsDirectory></Configuration></DataCollector></DataCollectors></DataCollectionRunSettings></RunSettings>","Sources":["D:\\БРУ\\3 КУРС\\6 Семестр\\ОС\\лр11\\OS_20\\TaskPriorityCalculator\\NunitTesting\\bin\\Debug\\net6.0\\fine-code-coverage\\build-output\\NunitTesting.dll"],"IsTelemetryOptedIn":false}}
TpTrace Verbose: 0 : 17604, 1, 2024/05/05, 16:37:42.613, 1853999899728, datacollector.dll, TestPluginCache: Update extensions started. Skip filter = False
TpTrace Verbose: 0 : 17604, 1, 2024/05/05, 16:37:42.614, 1853999904009, datacollector.dll, TestPluginCache: Using directories for assembly resolution 'C:\Program Files\dotnet\sdk\8.0.204\Extensions'.
TpTrace Verbose: 0 : 17604, 1, 2024/05/05, 16:37:42.614, 1853999904426, datacollector.dll, TestPluginCache: Updated the available extensions to 'C:\Program Files\dotnet\sdk\8.0.204\Extensions\Microsoft.TestPlatform.Extensions.BlameDataCollector.dll,C:\Program Files\dotnet\sdk\8.0.204\Extensions\Microsoft.TestPlatform.Extensions.EventLogCollector.dll'.
TpTrace Verbose: 0 : 17604, 1, 2024/05/05, 16:37:42.617, 1853999932079, datacollector.dll, TestPluginCache.DiscoverTestExtensions: finding test extensions in assemblies ends with: Collector.dll TPluginInfo: Microsoft.VisualStudio.TestPlatform.Common.DataCollector.DataCollectorConfig TExtension: Microsoft.VisualStudio.TestPlatform.ObjectModel.DataCollection.DataCollector
TpTrace Verbose: 0 : 17604, 1, 2024/05/05, 16:37:42.618, 1853999947684, datacollector.dll, TestPluginCache.GetExtensionPaths: Filtered extension paths: C:\Program Files\dotnet\sdk\8.0.204\Extensions\Microsoft.TestPlatform.Extensions.BlameDataCollector.dll
C:\Program Files\dotnet\sdk\8.0.204\Extensions\Microsoft.TestPlatform.Extensions.EventLogCollector.dll
TpTrace Verbose: 0 : 17604, 1, 2024/05/05, 16:37:42.618, 1853999948081, datacollector.dll, TestPluginCache.GetExtensionPaths: Added default extension paths: 
TpTrace Verbose: 0 : 17604, 1, 2024/05/05, 16:37:42.618, 1853999948200, datacollector.dll, TestPluginCache.GetExtensionPaths: Added unfilterableExtensionPaths: 
TpTrace Information: 0 : 17604, 1, 2024/05/05, 16:37:42.619, 1853999951081, datacollector.dll, AssemblyResolver.ctor: Creating AssemblyResolver with searchDirectories C:\Program Files\dotnet\sdk\8.0.204\Extensions,C:\Program Files\dotnet\sdk\8.0.204
TpTrace Verbose: 0 : 17604, 1, 2024/05/05, 16:37:42.619, 1853999957790, datacollector.dll, TestPluginCache.DiscoverTestExtensions: Discovering the extensions using extension path.
TpTrace Verbose: 0 : 17604, 1, 2024/05/05, 16:37:42.619, 1853999958566, datacollector.dll, TestPluginCache.GetExtensionPaths: Filtered extension paths: C:\Program Files\dotnet\sdk\8.0.204\Extensions\Microsoft.TestPlatform.Extensions.BlameDataCollector.dll
C:\Program Files\dotnet\sdk\8.0.204\Extensions\Microsoft.TestPlatform.Extensions.EventLogCollector.dll
TpTrace Verbose: 0 : 17604, 1, 2024/05/05, 16:37:42.619, 1853999958771, datacollector.dll, TestPluginCache.GetExtensionPaths: Added default extension paths: 
TpTrace Verbose: 0 : 17604, 1, 2024/05/05, 16:37:42.619, 1853999958881, datacollector.dll, TestPluginCache.GetExtensionPaths: Added unfilterableExtensionPaths: 
TpTrace Verbose: 0 : 17604, 1, 2024/05/05, 16:37:42.619, 1853999959093, datacollector.dll, TestPluginCache.DiscoverTestExtensions: Discovering the extensions using allExtensionPaths: C:\Program Files\dotnet\sdk\8.0.204\Extensions\Microsoft.TestPlatform.Extensions.BlameDataCollector.dll
C:\Program Files\dotnet\sdk\8.0.204\Extensions\Microsoft.TestPlatform.Extensions.EventLogCollector.dll
TpTrace Information: 0 : 17604, 1, 2024/05/05, 16:37:42.619, 1853999959740, datacollector.dll, AssemblyResolver.AddSearchDirectories: Adding more searchDirectories C:\Program Files\dotnet\sdk\8.0.204\Extensions,C:\Program Files\dotnet\sdk\8.0.204
TpTrace Information: 0 : 17604, 1, 2024/05/05, 16:37:42.619, 1853999959985, datacollector.dll, AssemblyResolver.AddSearchDirectories: Adding more searchDirectories C:\Program Files\dotnet\sdk\8.0.204\Extensions,C:\Program Files\dotnet\sdk\8.0.204
TpTrace Information: 0 : 17604, 1, 2024/05/05, 16:37:42.620, 1853999961740, datacollector.dll, AssemblyResolver.OnResolve: Microsoft.TestPlatform.Extensions.BlameDataCollector: Resolving assembly.
TpTrace Information: 0 : 17604, 1, 2024/05/05, 16:37:42.620, 1853999962217, datacollector.dll, AssemblyResolver.OnResolve: Microsoft.TestPlatform.Extensions.BlameDataCollector: Searching in: 'C:\Program Files\dotnet\sdk\8.0.204\Extensions'.
TpTrace Information: 0 : 17604, 1, 2024/05/05, 16:37:42.625, 1854000011544, datacollector.dll, AssemblyResolver.OnResolve: Microsoft.TestPlatform.Extensions.BlameDataCollector: Loading assembly 'C:\Program Files\dotnet\sdk\8.0.204\Extensions\Microsoft.TestPlatform.Extensions.BlameDataCollector.dll'.
TpTrace Information: 0 : 17604, 1, 2024/05/05, 16:37:42.625, 1854000017385, datacollector.dll, AssemblyResolver.OnResolve: Resolved assembly: Microsoft.TestPlatform.Extensions.BlameDataCollector, from path: C:\Program Files\dotnet\sdk\8.0.204\Extensions\Microsoft.TestPlatform.Extensions.BlameDataCollector.dll
TpTrace Verbose: 0 : 17604, 1, 2024/05/05, 16:37:42.629, 1854000052451, datacollector.dll, MetadataReaderExtensionsHelper: Discovering extensions inside assembly 'Microsoft.TestPlatform.Extensions.BlameDataCollector, Version=15.0.0.0, Culture=neutral, PublicKeyToken=b03f5f7f11d50a3a' file path 'C:\Program Files\dotnet\sdk\8.0.204\Extensions\Microsoft.TestPlatform.Extensions.BlameDataCollector.dll'
TpTrace Error: 0 : 17604, 1, 2024/05/05, 16:37:42.630, 1854000070654, datacollector.dll, The type "Microsoft.TestPlatform.Extensions.BlameDataCollector.BlameCollector" defined in "Microsoft.TestPlatform.Extensions.BlameDataCollector.dll" does not have ExtensionUri attribute.
TpTrace Information: 0 : 17604, 1, 2024/05/05, 16:37:42.632, 1854000089120, datacollector.dll, GetTestExtensionFromType: Register extension with identifier data 'datacollector://microsoft/TestPlatform/Extensions/Blame/v1' and type 'Microsoft.TestPlatform.Extensions.BlameDataCollector.BlameCollector, Microsoft.TestPlatform.Extensions.BlameDataCollector, Version=15.0.0.0, Culture=neutral, PublicKeyToken=b03f5f7f11d50a3a' inside file 'C:\Program Files\dotnet\sdk\8.0.204\Extensions\Microsoft.TestPlatform.Extensions.BlameDataCollector.dll'
TpTrace Information: 0 : 17604, 1, 2024/05/05, 16:37:42.632, 1854000089903, datacollector.dll, AssemblyResolver.OnResolve: Microsoft.TestPlatform.Extensions.EventLogCollector: Resolving assembly.
TpTrace Information: 0 : 17604, 1, 2024/05/05, 16:37:42.632, 1854000090260, datacollector.dll, AssemblyResolver.OnResolve: Microsoft.TestPlatform.Extensions.EventLogCollector: Searching in: 'C:\Program Files\dotnet\sdk\8.0.204\Extensions'.
TpTrace Information: 0 : 17604, 1, 2024/05/05, 16:37:42.633, 1854000094581, datacollector.dll, AssemblyResolver.OnResolve: Microsoft.TestPlatform.Extensions.EventLogCollector: Loading assembly 'C:\Program Files\dotnet\sdk\8.0.204\Extensions\Microsoft.TestPlatform.Extensions.EventLogCollector.dll'.
TpTrace Information: 0 : 17604, 1, 2024/05/05, 16:37:42.633, 1854000097886, datacollector.dll, AssemblyResolver.OnResolve: Resolved assembly: Microsoft.TestPlatform.Extensions.EventLogCollector, from path: C:\Program Files\dotnet\sdk\8.0.204\Extensions\Microsoft.TestPlatform.Extensions.EventLogCollector.dll
TpTrace Verbose: 0 : 17604, 1, 2024/05/05, 16:37:42.633, 1854000098320, datacollector.dll, MetadataReaderExtensionsHelper: Discovering extensions inside assembly 'Microsoft.TestPlatform.Extensions.EventLogCollector, Version=15.0.0.0, Culture=neutral, PublicKeyToken=b03f5f7f11d50a3a' file path 'C:\Program Files\dotnet\sdk\8.0.204\Extensions\Microsoft.TestPlatform.Extensions.EventLogCollector.dll'
TpTrace Error: 0 : 17604, 1, 2024/05/05, 16:37:42.636, 1854000128605, datacollector.dll, The type "Microsoft.TestPlatform.Extensions.EventLogCollector.EventLogDataCollector" defined in "Microsoft.TestPlatform.Extensions.EventLogCollector.dll" does not have ExtensionUri attribute.
TpTrace Information: 0 : 17604, 1, 2024/05/05, 16:37:42.636, 1854000131038, datacollector.dll, GetTestExtensionFromType: Register extension with identifier data 'datacollector://microsoft/EventLog/2.0' and type 'Microsoft.TestPlatform.Extensions.EventLogCollector.EventLogDataCollector, Microsoft.TestPlatform.Extensions.EventLogCollector, Version=15.0.0.0, Culture=neutral, PublicKeyToken=b03f5f7f11d50a3a' inside file 'C:\Program Files\dotnet\sdk\8.0.204\Extensions\Microsoft.TestPlatform.Extensions.EventLogCollector.dll'
TpTrace Verbose: 0 : 17604, 1, 2024/05/05, 16:37:42.637, 1854000132431, datacollector.dll, TestPluginCache: Discovered the extensions using extension path 'C:\Program Files\dotnet\sdk\8.0.204\Extensions\Microsoft.TestPlatform.Extensions.BlameDataCollector.dll,C:\Program Files\dotnet\sdk\8.0.204\Extensions\Microsoft.TestPlatform.Extensions.EventLogCollector.dll'.
TpTrace Verbose: 0 : 17604, 1, 2024/05/05, 16:37:42.637, 1854000132739, datacollector.dll, TestPluginCache: Discoverers are ''.
TpTrace Verbose: 0 : 17604, 1, 2024/05/05, 16:37:42.637, 1854000132901, datacollector.dll, TestPluginCache: Executors are ''.
TpTrace Verbose: 0 : 17604, 1, 2024/05/05, 16:37:42.637, 1854000133034, datacollector.dll, TestPluginCache: Executors2 are ''.
TpTrace Verbose: 0 : 17604, 1, 2024/05/05, 16:37:42.637, 1854000133152, datacollector.dll, TestPluginCache: Setting providers are ''.
TpTrace Verbose: 0 : 17604, 1, 2024/05/05, 16:37:42.637, 1854000133267, datacollector.dll, TestPluginCache: Loggers are ''.
TpTrace Verbose: 0 : 17604, 1, 2024/05/05, 16:37:42.637, 1854000133382, datacollector.dll, TestPluginCache: TestHosts are ''.
TpTrace Verbose: 0 : 17604, 1, 2024/05/05, 16:37:42.637, 1854000134746, datacollector.dll, TestPluginCache: DataCollectors are 'datacollector://microsoft/TestPlatform/Extensions/Blame/v1,datacollector://microsoft/EventLog/2.0'.
TpTrace Information: 0 : 17604, 1, 2024/05/05, 16:37:42.638, 1854000145581, datacollector.dll, TestPluginManager.CreateTestExtension: Attempting to load test extension: Microsoft.TestPlatform.Extensions.BlameDataCollector.BlameCollector
TpTrace Information: 0 : 17604, 1, 2024/05/05, 16:37:42.644, 1854000210706, datacollector.dll, [MonitorPostmortemDump]Monitor enabled: 'False'
TpTrace Verbose: 0 : 17604, 1, 2024/05/05, 16:37:42.645, 1854000219925, datacollector.dll, MulticastDelegateUtilities.SafeInvoke: DataCollectionEvents.SessionStart: Invoking callbacks was skipped because there are no subscribers.
TpTrace Information: 0 : 17604, 1, 2024/05/05, 16:37:42.646, 1854000225280, datacollector.dll, Listening on Endpoint : 127.0.0.1:53470
TpTrace Information: 0 : 17604, 1, 2024/05/05, 16:37:42.653, 1854000293420, datacollector.dll, DataCollectionRequestHandler.ProcessRequests : DataCollection started.
TpTrace Information: 0 : 17604, 1, 2024/05/05, 16:37:42.698, 1854000742574, datacollector.dll, DataCollectionRequestHandler.ProcessRequests: Datacollector received message: (DataCollection.TestHostLaunched) -> {"MessageType":"DataCollection.TestHostLaunched","Payload":{"ProcessId":15848}}
TpTrace Verbose: 0 : 17604, 1, 2024/05/05, 16:37:42.699, 1854000759579, datacollector.dll, MulticastDelegateUtilities.SafeInvoke: DataCollectionEvents.TestHostLaunched: Invoking callback 1/1 for Microsoft.TestPlatform.Extensions.BlameDataCollector.BlameCollector., took 0 ms.
TpTrace Information: 0 : 17604, 8, 2024/05/05, 16:37:42.845, 1854002214489, datacollector.dll, Using the buffer size of 16384 bytes
TpTrace Verbose: 0 : 17604, 6, 2024/05/05, 16:37:42.845, 1854002214556, datacollector.dll, SocketCommunicationManager.WaitForClientConnection took: 195 ms, with 90000 ms timeout, and finished with True.
TpTrace Information: 0 : 17604, 8, 2024/05/05, 16:37:42.845, 1854002215177, datacollector.dll, Accepted Client request and set the flag
TpTrace Information: 0 : 17604, 6, 2024/05/05, 16:37:43.394, 1854007702194, datacollector.dll, DataCollectionTestCaseEventHandler: Test case starting.
TpTrace Information: 0 : 17604, 6, 2024/05/05, 16:37:43.401, 1854007778712, datacollector.dll, BlameCollector.EventsTestCaseStart: Test Case Start
TpTrace Verbose: 0 : 17604, 6, 2024/05/05, 16:37:43.401, 1854007780257, datacollector.dll, MulticastDelegateUtilities.SafeInvoke: DataCollectionEvents.TestCaseStart: Invoking callback 1/1 for Microsoft.TestPlatform.Extensions.BlameDataCollector.BlameCollector., took 0 ms.
TpTrace Information: 0 : 17604, 6, 2024/05/05, 16:37:43.402, 1854007781604, datacollector.dll, DataCollectionTestCaseEventHandler: Test case 'TestTaskPriority(LessThan2Weeks,Critical,SpecializedEquipment,Initial,High) - 78b778ad-a9d9-8b15-d041-8d19c330c0a7' started.
TpTrace Information: 0 : 17604, 6, 2024/05/05, 16:37:43.411, 1854007873477, datacollector.dll, DataCollectionTestCaseEventHandler: Test case completing.
TpTrace Information: 0 : 17604, 6, 2024/05/05, 16:37:43.414, 1854007905218, datacollector.dll, BlameCollector.EventsTestCaseEnd: Test Case End
TpTrace Verbose: 0 : 17604, 6, 2024/05/05, 16:37:43.414, 1854007907307, datacollector.dll, MulticastDelegateUtilities.SafeInvoke: DataCollectionEvents.TestCaseEnd: Invoking callback 1/1 for Microsoft.TestPlatform.Extensions.BlameDataCollector.BlameCollector., took 0 ms.
TpTrace Information: 0 : 17604, 6, 2024/05/05, 16:37:43.415, 1854007920789, datacollector.dll, DataCollectionTestCaseEventHandler: Test case 'TestTaskPriority(LessThan2Weeks,Critical,SpecializedEquipment,Initial,High) - 78b778ad-a9d9-8b15-d041-8d19c330c0a7' completed
TpTrace Information: 0 : 17604, 6, 2024/05/05, 16:37:43.422, 1854007986373, datacollector.dll, DataCollectionTestCaseEventHandler: Test case starting.
TpTrace Information: 0 : 17604, 6, 2024/05/05, 16:37:43.423, 1854007994494, datacollector.dll, BlameCollector.EventsTestCaseStart: Test Case Start
TpTrace Verbose: 0 : 17604, 6, 2024/05/05, 16:37:43.423, 1854007995153, datacollector.dll, MulticastDelegateUtilities.SafeInvoke: DataCollectionEvents.TestCaseStart: Invoking callback 1/1 for Microsoft.TestPlatform.Extensions.BlameDataCollector.BlameCollector., took 0 ms.
TpTrace Information: 0 : 17604, 6, 2024/05/05, 16:37:43.423, 1854007996043, datacollector.dll, DataCollectionTestCaseEventHandler: Test case 'TestTaskPriority(LessThan2Weeks,High,ProjectManagerSupport,Initial,High) - f61f45c8-fab7-4eec-b76e-00e1adff27bc' started.
TpTrace Information: 0 : 17604, 6, 2024/05/05, 16:37:43.424, 1854008001576, datacollector.dll, DataCollectionTestCaseEventHandler: Test case completing.
TpTrace Information: 0 : 17604, 6, 2024/05/05, 16:37:43.424, 1854008006623, datacollector.dll, BlameCollector.EventsTestCaseEnd: Test Case End
TpTrace Verbose: 0 : 17604, 6, 2024/05/05, 16:37:43.424, 1854008007014, datacollector.dll, MulticastDelegateUtilities.SafeInvoke: DataCollectionEvents.TestCaseEnd: Invoking callback 1/1 for Microsoft.TestPlatform.Extensions.BlameDataCollector.BlameCollector., took 0 ms.
TpTrace Information: 0 : 17604, 6, 2024/05/05, 16:37:43.425, 1854008011086, datacollector.dll, DataCollectionTestCaseEventHandler: Test case 'TestTaskPriority(LessThan2Weeks,High,ProjectManagerSupport,Initial,High) - f61f45c8-fab7-4eec-b76e-00e1adff27bc' completed
TpTrace Information: 0 : 17604, 6, 2024/05/05, 16:37:43.425, 1854008016427, datacollector.dll, DataCollectionTestCaseEventHandler: Test case starting.
TpTrace Information: 0 : 17604, 6, 2024/05/05, 16:37:43.425, 1854008019473, datacollector.dll, BlameCollector.EventsTestCaseStart: Test Case Start
TpTrace Error: 0 : 17604, 6, 2024/05/05, 16:37:43.434, 1854008106621, datacollector.dll, MulticastDelegateUtilities.SafeInvoke: 1: Invoking callback 1/Microsoft.TestPlatform.Extensions.BlameDataCollector.BlameCollector for .DataCollectionEvents.TestCaseStart, failed after 1 ms with: System.Reflection.TargetInvocationException: Exception has been thrown by the target of an invocation.
 ---> System.ArgumentException: An item with the same key has already been added. Key: 78b778ad-a9d9-8b15-d041-8d19c330c0a7
   at System.Collections.Generic.Dictionary`2.TryInsert(TKey key, TValue value, InsertionBehavior behavior)
   at System.Collections.Generic.Dictionary`2.Add(TKey key, TValue value)
   at Microsoft.TestPlatform.Extensions.BlameDataCollector.BlameCollector.EventsTestCaseStart(Object sender, TestCaseStartEventArgs e) in /_/src/Microsoft.TestPlatform.Extensions.BlameDataCollector/BlameCollector.cs:line 461
   at InvokeStub_EventHandler`1.Invoke(Object, Span`1)
   at System.Reflection.MethodBaseInvoker.InvokeWithFewArgs(Object obj, BindingFlags invokeAttr, Binder binder, Object[] parameters, CultureInfo culture)
   --- End of inner exception stack trace ---
   at System.Reflection.MethodBaseInvoker.InvokeWithFewArgs(Object obj, BindingFlags invokeAttr, Binder binder, Object[] parameters, CultureInfo culture)
   at System.Delegate.DynamicInvokeImpl(Object[] args)
   at Microsoft.VisualStudio.TestPlatform.Utilities.MulticastDelegateUtilities.SafeInvoke(Delegate delegates, Object sender, Object args, String traceDisplayName) in /_/src/Microsoft.TestPlatform.CoreUtilities/Utilities/MulticastDelegateUtilities.cs:line 59.
TpTrace Information: 0 : 17604, 6, 2024/05/05, 16:37:43.434, 1854008108465, datacollector.dll, DataCollectionTestCaseEventHandler: Test case 'TestTaskPriority(LessThan2Weeks,Critical,SpecializedEquipment,Initial,High) - 78b778ad-a9d9-8b15-d041-8d19c330c0a7' started.
TpTrace Information: 0 : 17604, 6, 2024/05/05, 16:37:43.435, 1854008114820, datacollector.dll, DataCollectionTestCaseEventHandler: Test case completing.
TpTrace Information: 0 : 17604, 6, 2024/05/05, 16:37:43.435, 1854008118477, datacollector.dll, BlameCollector.EventsTestCaseEnd: Test Case End
TpTrace Verbose: 0 : 17604, 6, 2024/05/05, 16:37:43.435, 1854008118820, datacollector.dll, MulticastDelegateUtilities.SafeInvoke: DataCollectionEvents.TestCaseEnd: Invoking callback 1/1 for Microsoft.TestPlatform.Extensions.BlameDataCollector.BlameCollector., took 0 ms.
TpTrace Information: 0 : 17604, 6, 2024/05/05, 16:37:43.435, 1854008119668, datacollector.dll, DataCollectionTestCaseEventHandler: Test case 'TestTaskPriority(LessThan2Weeks,Critical,SpecializedEquipment,Initial,High) - 78b778ad-a9d9-8b15-d041-8d19c330c0a7' completed
TpTrace Information: 0 : 17604, 6, 2024/05/05, 16:37:43.436, 1854008127361, datacollector.dll, DataCollectionTestCaseEventHandler: Test case starting.
TpTrace Information: 0 : 17604, 6, 2024/05/05, 16:37:43.436, 1854008130379, datacollector.dll, BlameCollector.EventsTestCaseStart: Test Case Start
TpTrace Verbose: 0 : 17604, 6, 2024/05/05, 16:37:43.436, 1854008130694, datacollector.dll, MulticastDelegateUtilities.SafeInvoke: DataCollectionEvents.TestCaseStart: Invoking callback 1/1 for Microsoft.TestPlatform.Extensions.BlameDataCollector.BlameCollector., took 0 ms.
TpTrace Information: 0 : 17604, 6, 2024/05/05, 16:37:43.437, 1854008131223, datacollector.dll, DataCollectionTestCaseEventHandler: Test case 'TestTaskPriority(LessThan2Weeks,Critical,ProjectManagerSupport,InProgress,High) - fa34bbbc-d660-0183-8788-edb873fdcfc6' started.
TpTrace Information: 0 : 17604, 6, 2024/05/05, 16:37:43.437, 1854008135938, datacollector.dll, DataCollectionTestCaseEventHandler: Test case completing.
TpTrace Information: 0 : 17604, 6, 2024/05/05, 16:37:43.437, 1854008138954, datacollector.dll, BlameCollector.EventsTestCaseEnd: Test Case End
TpTrace Verbose: 0 : 17604, 6, 2024/05/05, 16:37:43.437, 1854008139423, datacollector.dll, MulticastDelegateUtilities.SafeInvoke: DataCollectionEvents.TestCaseEnd: Invoking callback 1/1 for Microsoft.TestPlatform.Extensions.BlameDataCollector.BlameCollector., took 0 ms.
TpTrace Information: 0 : 17604, 6, 2024/05/05, 16:37:43.437, 1854008139985, datacollector.dll, DataCollectionTestCaseEventHandler: Test case 'TestTaskPriority(LessThan2Weeks,Critical,ProjectManagerSupport,InProgress,High) - fa34bbbc-d660-0183-8788-edb873fdcfc6' completed
TpTrace Information: 0 : 17604, 6, 2024/05/05, 16:37:43.438, 1854008145389, datacollector.dll, DataCollectionTestCaseEventHandler: Test case starting.
TpTrace Information: 0 : 17604, 6, 2024/05/05, 16:37:43.438, 1854008148087, datacollector.dll, BlameCollector.EventsTestCaseStart: Test Case Start
TpTrace Verbose: 0 : 17604, 6, 2024/05/05, 16:37:43.438, 1854008148594, datacollector.dll, MulticastDelegateUtilities.SafeInvoke: DataCollectionEvents.TestCaseStart: Invoking callback 1/1 for Microsoft.TestPlatform.Extensions.BlameDataCollector.BlameCollector., took 0 ms.
TpTrace Information: 0 : 17604, 6, 2024/05/05, 16:37:43.438, 1854008149060, datacollector.dll, DataCollectionTestCaseEventHandler: Test case 'TestTaskPriority(Between2And4Weeks,Critical,SpecializedEquipment,Initial,High) - d50d657f-47ce-78a0-8888-ca9999e2b17e' started.
TpTrace Information: 0 : 17604, 6, 2024/05/05, 16:37:43.439, 1854008154157, datacollector.dll, DataCollectionTestCaseEventHandler: Test case completing.
TpTrace Information: 0 : 17604, 6, 2024/05/05, 16:37:43.439, 1854008157062, datacollector.dll, BlameCollector.EventsTestCaseEnd: Test Case End
TpTrace Verbose: 0 : 17604, 6, 2024/05/05, 16:37:43.439, 1854008157364, datacollector.dll, MulticastDelegateUtilities.SafeInvoke: DataCollectionEvents.TestCaseEnd: Invoking callback 1/1 for Microsoft.TestPlatform.Extensions.BlameDataCollector.BlameCollector., took 0 ms.
TpTrace Information: 0 : 17604, 6, 2024/05/05, 16:37:43.439, 1854008157973, datacollector.dll, DataCollectionTestCaseEventHandler: Test case 'TestTaskPriority(Between2And4Weeks,Critical,SpecializedEquipment,Initial,High) - d50d657f-47ce-78a0-8888-ca9999e2b17e' completed
TpTrace Information: 0 : 17604, 6, 2024/05/05, 16:37:43.440, 1854008162819, datacollector.dll, DataCollectionTestCaseEventHandler: Test case starting.
TpTrace Information: 0 : 17604, 6, 2024/05/05, 16:37:43.440, 1854008165697, datacollector.dll, BlameCollector.EventsTestCaseStart: Test Case Start
TpTrace Verbose: 0 : 17604, 6, 2024/05/05, 16:37:43.440, 1854008166046, datacollector.dll, MulticastDelegateUtilities.SafeInvoke: DataCollectionEvents.TestCaseStart: Invoking callback 1/1 for Microsoft.TestPlatform.Extensions.BlameDataCollector.BlameCollector., took 0 ms.
TpTrace Information: 0 : 17604, 6, 2024/05/05, 16:37:43.440, 1854008166558, datacollector.dll, DataCollectionTestCaseEventHandler: Test case 'TestTaskPriority(Between2And4Weeks,Critical,ProjectManagerSupport,InProgress,Medium) - 69c9de2c-a903-460c-1f0e-177d124c6f83' started.
TpTrace Information: 0 : 17604, 6, 2024/05/05, 16:37:43.440, 1854008170532, datacollector.dll, DataCollectionTestCaseEventHandler: Test case completing.
TpTrace Information: 0 : 17604, 6, 2024/05/05, 16:37:43.441, 1854008173239, datacollector.dll, BlameCollector.EventsTestCaseEnd: Test Case End
TpTrace Verbose: 0 : 17604, 6, 2024/05/05, 16:37:43.441, 1854008173604, datacollector.dll, MulticastDelegateUtilities.SafeInvoke: DataCollectionEvents.TestCaseEnd: Invoking callback 1/1 for Microsoft.TestPlatform.Extensions.BlameDataCollector.BlameCollector., took 0 ms.
TpTrace Information: 0 : 17604, 6, 2024/05/05, 16:37:43.441, 1854008174223, datacollector.dll, DataCollectionTestCaseEventHandler: Test case 'TestTaskPriority(Between2And4Weeks,Critical,ProjectManagerSupport,InProgress,Medium) - 69c9de2c-a903-460c-1f0e-177d124c6f83' completed
TpTrace Information: 0 : 17604, 6, 2024/05/05, 16:37:43.442, 1854008182657, datacollector.dll, DataCollectionTestCaseEventHandler: Test case starting.
TpTrace Information: 0 : 17604, 6, 2024/05/05, 16:37:43.442, 1854008185540, datacollector.dll, BlameCollector.EventsTestCaseStart: Test Case Start
TpTrace Verbose: 0 : 17604, 6, 2024/05/05, 16:37:43.442, 1854008185902, datacollector.dll, MulticastDelegateUtilities.SafeInvoke: DataCollectionEvents.TestCaseStart: Invoking callback 1/1 for Microsoft.TestPlatform.Extensions.BlameDataCollector.BlameCollector., took 0 ms.
TpTrace Information: 0 : 17604, 6, 2024/05/05, 16:37:43.442, 1854008186371, datacollector.dll, DataCollectionTestCaseEventHandler: Test case 'TestTaskPriority(Between2And4Weeks,Critical,ExternalExperts,Finalizing,Low) - 46cc0131-b302-36fc-ef7e-21a9db9b9c2d' started.
TpTrace Information: 0 : 17604, 6, 2024/05/05, 16:37:43.443, 1854008193753, datacollector.dll, DataCollectionTestCaseEventHandler: Test case completing.
TpTrace Information: 0 : 17604, 6, 2024/05/05, 16:37:43.443, 1854008196441, datacollector.dll, BlameCollector.EventsTestCaseEnd: Test Case End
TpTrace Verbose: 0 : 17604, 6, 2024/05/05, 16:37:43.443, 1854008196740, datacollector.dll, MulticastDelegateUtilities.SafeInvoke: DataCollectionEvents.TestCaseEnd: Invoking callback 1/1 for Microsoft.TestPlatform.Extensions.BlameDataCollector.BlameCollector., took 0 ms.
TpTrace Information: 0 : 17604, 6, 2024/05/05, 16:37:43.443, 1854008197279, datacollector.dll, DataCollectionTestCaseEventHandler: Test case 'TestTaskPriority(Between2And4Weeks,Critical,ExternalExperts,Finalizing,Low) - 46cc0131-b302-36fc-ef7e-21a9db9b9c2d' completed
TpTrace Information: 0 : 17604, 6, 2024/05/05, 16:37:43.445, 1854008211466, datacollector.dll, DataCollectionTestCaseEventHandler: Test case starting.
TpTrace Information: 0 : 17604, 6, 2024/05/05, 16:37:43.445, 1854008214751, datacollector.dll, BlameCollector.EventsTestCaseStart: Test Case Start
TpTrace Verbose: 0 : 17604, 6, 2024/05/05, 16:37:43.445, 1854008215097, datacollector.dll, MulticastDelegateUtilities.SafeInvoke: DataCollectionEvents.TestCaseStart: Invoking callback 1/1 for Microsoft.TestPlatform.Extensions.BlameDataCollector.BlameCollector., took 0 ms.
TpTrace Information: 0 : 17604, 6, 2024/05/05, 16:37:43.445, 1854008215667, datacollector.dll, DataCollectionTestCaseEventHandler: Test case 'DetermineTaskPriority_ExecutionTimeBetween2And4Weeks_CriticalPriority_FinalizingProjectState_ReturnsLowPriority - c9c23289-1c86-dd5c-7f94-87e1d53cffc5' started.
TpTrace Information: 0 : 17604, 6, 2024/05/05, 16:37:43.445, 1854008220152, datacollector.dll, DataCollectionTestCaseEventHandler: Test case completing.
TpTrace Information: 0 : 17604, 6, 2024/05/05, 16:37:43.446, 1854008222956, datacollector.dll, BlameCollector.EventsTestCaseEnd: Test Case End
TpTrace Verbose: 0 : 17604, 6, 2024/05/05, 16:37:43.446, 1854008223256, datacollector.dll, MulticastDelegateUtilities.SafeInvoke: DataCollectionEvents.TestCaseEnd: Invoking callback 1/1 for Microsoft.TestPlatform.Extensions.BlameDataCollector.BlameCollector., took 0 ms.
TpTrace Information: 0 : 17604, 6, 2024/05/05, 16:37:43.446, 1854008223787, datacollector.dll, DataCollectionTestCaseEventHandler: Test case 'DetermineTaskPriority_ExecutionTimeBetween2And4Weeks_CriticalPriority_FinalizingProjectState_ReturnsLowPriority - c9c23289-1c86-dd5c-7f94-87e1d53cffc5' completed
TpTrace Information: 0 : 17604, 6, 2024/05/05, 16:37:43.446, 1854008228868, datacollector.dll, DataCollectionTestCaseEventHandler: Test case starting.
TpTrace Information: 0 : 17604, 6, 2024/05/05, 16:37:43.447, 1854008231457, datacollector.dll, BlameCollector.EventsTestCaseStart: Test Case Start
TpTrace Verbose: 0 : 17604, 6, 2024/05/05, 16:37:43.447, 1854008231814, datacollector.dll, MulticastDelegateUtilities.SafeInvoke: DataCollectionEvents.TestCaseStart: Invoking callback 1/1 for Microsoft.TestPlatform.Extensions.BlameDataCollector.BlameCollector., took 0 ms.
TpTrace Information: 0 : 17604, 6, 2024/05/05, 16:37:43.447, 1854008232296, datacollector.dll, DataCollectionTestCaseEventHandler: Test case 'DetermineTaskPriority_ExecutionTimeBetween2And4Weeks_CriticalPriority_InitialProjectState_ReturnsHighPriority - 2ce41e71-5643-ed26-aefb-3c658474b7de' started.
TpTrace Information: 0 : 17604, 6, 2024/05/05, 16:37:43.447, 1854008236974, datacollector.dll, DataCollectionTestCaseEventHandler: Test case completing.
TpTrace Information: 0 : 17604, 6, 2024/05/05, 16:37:43.447, 1854008240319, datacollector.dll, BlameCollector.EventsTestCaseEnd: Test Case End
TpTrace Verbose: 0 : 17604, 6, 2024/05/05, 16:37:43.447, 1854008240704, datacollector.dll, MulticastDelegateUtilities.SafeInvoke: DataCollectionEvents.TestCaseEnd: Invoking callback 1/1 for Microsoft.TestPlatform.Extensions.BlameDataCollector.BlameCollector., took 0 ms.
TpTrace Information: 0 : 17604, 6, 2024/05/05, 16:37:43.448, 1854008241247, datacollector.dll, DataCollectionTestCaseEventHandler: Test case 'DetermineTaskPriority_ExecutionTimeBetween2And4Weeks_CriticalPriority_InitialProjectState_ReturnsHighPriority - 2ce41e71-5643-ed26-aefb-3c658474b7de' completed
TpTrace Information: 0 : 17604, 6, 2024/05/05, 16:37:43.472, 1854008490233, datacollector.dll, DataCollectionTestCaseEventHandler: Test case starting.
TpTrace Information: 0 : 17604, 6, 2024/05/05, 16:37:43.473, 1854008497841, datacollector.dll, BlameCollector.EventsTestCaseStart: Test Case Start
TpTrace Verbose: 0 : 17604, 6, 2024/05/05, 16:37:43.473, 1854008498316, datacollector.dll, MulticastDelegateUtilities.SafeInvoke: DataCollectionEvents.TestCaseStart: Invoking callback 1/1 for Microsoft.TestPlatform.Extensions.BlameDataCollector.BlameCollector., took 0 ms.
TpTrace Information: 0 : 17604, 6, 2024/05/05, 16:37:43.473, 1854008499118, datacollector.dll, DataCollectionTestCaseEventHandler: Test case 'DetermineTaskPriority_ExecutionTimeBetween2And4Weeks_CriticalPriority_NonInitialProjectState_ReturnsMediumPriority - 88a78464-9315-1a91-9f45-8dd4082b0b13' started.
TpTrace Information: 0 : 17604, 6, 2024/05/05, 16:37:43.474, 1854008504305, datacollector.dll, DataCollectionTestCaseEventHandler: Test case completing.
TpTrace Information: 0 : 17604, 6, 2024/05/05, 16:37:43.474, 1854008508267, datacollector.dll, BlameCollector.EventsTestCaseEnd: Test Case End
TpTrace Verbose: 0 : 17604, 6, 2024/05/05, 16:37:43.474, 1854008508681, datacollector.dll, MulticastDelegateUtilities.SafeInvoke: DataCollectionEvents.TestCaseEnd: Invoking callback 1/1 for Microsoft.TestPlatform.Extensions.BlameDataCollector.BlameCollector., took 0 ms.
TpTrace Information: 0 : 17604, 6, 2024/05/05, 16:37:43.474, 1854008509842, datacollector.dll, DataCollectionTestCaseEventHandler: Test case 'DetermineTaskPriority_ExecutionTimeBetween2And4Weeks_CriticalPriority_NonInitialProjectState_ReturnsMediumPriority - 88a78464-9315-1a91-9f45-8dd4082b0b13' completed
TpTrace Information: 0 : 17604, 6, 2024/05/05, 16:37:43.475, 1854008514027, datacollector.dll, DataCollectionTestCaseEventHandler: Test case starting.
TpTrace Information: 0 : 17604, 6, 2024/05/05, 16:37:43.475, 1854008517716, datacollector.dll, BlameCollector.EventsTestCaseStart: Test Case Start
TpTrace Verbose: 0 : 17604, 6, 2024/05/05, 16:37:43.475, 1854008518118, datacollector.dll, MulticastDelegateUtilities.SafeInvoke: DataCollectionEvents.TestCaseStart: Invoking callback 1/1 for Microsoft.TestPlatform.Extensions.BlameDataCollector.BlameCollector., took 0 ms.
TpTrace Information: 0 : 17604, 6, 2024/05/05, 16:37:43.475, 1854008518882, datacollector.dll, DataCollectionTestCaseEventHandler: Test case 'DetermineTaskPriority_ExecutionTimeLessThan2Weeks_CriticalPriority_InitialProjectState_ReturnsHighPriority - c8b90a43-92b0-413d-b8c0-a18f3fe2d016' started.
TpTrace Information: 0 : 17604, 6, 2024/05/05, 16:37:43.476, 1854008523178, datacollector.dll, DataCollectionTestCaseEventHandler: Test case completing.
TpTrace Information: 0 : 17604, 6, 2024/05/05, 16:37:43.476, 1854008526996, datacollector.dll, BlameCollector.EventsTestCaseEnd: Test Case End
TpTrace Verbose: 0 : 17604, 6, 2024/05/05, 16:37:43.476, 1854008527408, datacollector.dll, MulticastDelegateUtilities.SafeInvoke: DataCollectionEvents.TestCaseEnd: Invoking callback 1/1 for Microsoft.TestPlatform.Extensions.BlameDataCollector.BlameCollector., took 0 ms.
TpTrace Information: 0 : 17604, 6, 2024/05/05, 16:37:43.476, 1854008528106, datacollector.dll, DataCollectionTestCaseEventHandler: Test case 'DetermineTaskPriority_ExecutionTimeLessThan2Weeks_CriticalPriority_InitialProjectState_ReturnsHighPriority - c8b90a43-92b0-413d-b8c0-a18f3fe2d016' completed
TpTrace Information: 0 : 17604, 6, 2024/05/05, 16:37:43.477, 1854008532392, datacollector.dll, DataCollectionTestCaseEventHandler: Test case starting.
TpTrace Information: 0 : 17604, 6, 2024/05/05, 16:37:43.477, 1854008537307, datacollector.dll, BlameCollector.EventsTestCaseStart: Test Case Start
TpTrace Verbose: 0 : 17604, 6, 2024/05/05, 16:37:43.477, 1854008537786, datacollector.dll, MulticastDelegateUtilities.SafeInvoke: DataCollectionEvents.TestCaseStart: Invoking callback 1/1 for Microsoft.TestPlatform.Extensions.BlameDataCollector.BlameCollector., took 0 ms.
TpTrace Information: 0 : 17604, 6, 2024/05/05, 16:37:43.477, 1854008538343, datacollector.dll, DataCollectionTestCaseEventHandler: Test case 'DetermineTaskPriority_ExecutionTimeLessThan2Weeks_CriticalPriority_NonInitialProjectState_ReturnsMediumPriority - 23a705bc-e126-bb24-0655-41fdeaa5e8cb' started.
TpTrace Information: 0 : 17604, 6, 2024/05/05, 16:37:43.478, 1854008542064, datacollector.dll, DataCollectionTestCaseEventHandler: Test case completing.
TpTrace Information: 0 : 17604, 6, 2024/05/05, 16:37:43.478, 1854008545611, datacollector.dll, BlameCollector.EventsTestCaseEnd: Test Case End
TpTrace Verbose: 0 : 17604, 6, 2024/05/05, 16:37:43.478, 1854008546035, datacollector.dll, MulticastDelegateUtilities.SafeInvoke: DataCollectionEvents.TestCaseEnd: Invoking callback 1/1 for Microsoft.TestPlatform.Extensions.BlameDataCollector.BlameCollector., took 0 ms.
TpTrace Information: 0 : 17604, 6, 2024/05/05, 16:37:43.478, 1854008546661, datacollector.dll, DataCollectionTestCaseEventHandler: Test case 'DetermineTaskPriority_ExecutionTimeLessThan2Weeks_CriticalPriority_NonInitialProjectState_ReturnsMediumPriority - 23a705bc-e126-bb24-0655-41fdeaa5e8cb' completed
TpTrace Information: 0 : 17604, 6, 2024/05/05, 16:37:43.478, 1854008550731, datacollector.dll, DataCollectionTestCaseEventHandler: Test case starting.
TpTrace Information: 0 : 17604, 6, 2024/05/05, 16:37:43.479, 1854008553947, datacollector.dll, BlameCollector.EventsTestCaseStart: Test Case Start
TpTrace Verbose: 0 : 17604, 6, 2024/05/05, 16:37:43.479, 1854008554373, datacollector.dll, MulticastDelegateUtilities.SafeInvoke: DataCollectionEvents.TestCaseStart: Invoking callback 1/1 for Microsoft.TestPlatform.Extensions.BlameDataCollector.BlameCollector., took 0 ms.
TpTrace Information: 0 : 17604, 6, 2024/05/05, 16:37:43.479, 1854008554958, datacollector.dll, DataCollectionTestCaseEventHandler: Test case 'DetermineTaskPriority_ExecutionTimeLessThan2Weeks_CriticalPriority_ReturnsHighPriority - 31e885b5-646f-1f5b-dfc3-022be4d4a866' started.
TpTrace Information: 0 : 17604, 6, 2024/05/05, 16:37:43.479, 1854008558925, datacollector.dll, DataCollectionTestCaseEventHandler: Test case completing.
TpTrace Information: 0 : 17604, 6, 2024/05/05, 16:37:43.480, 1854008561782, datacollector.dll, BlameCollector.EventsTestCaseEnd: Test Case End
TpTrace Verbose: 0 : 17604, 6, 2024/05/05, 16:37:43.480, 1854008562095, datacollector.dll, MulticastDelegateUtilities.SafeInvoke: DataCollectionEvents.TestCaseEnd: Invoking callback 1/1 for Microsoft.TestPlatform.Extensions.BlameDataCollector.BlameCollector., took 0 ms.
TpTrace Information: 0 : 17604, 6, 2024/05/05, 16:37:43.480, 1854008562717, datacollector.dll, DataCollectionTestCaseEventHandler: Test case 'DetermineTaskPriority_ExecutionTimeLessThan2Weeks_CriticalPriority_ReturnsHighPriority - 31e885b5-646f-1f5b-dfc3-022be4d4a866' completed
TpTrace Information: 0 : 17604, 6, 2024/05/05, 16:37:43.480, 1854008568145, datacollector.dll, DataCollectionTestCaseEventHandler: Test case starting.
TpTrace Information: 0 : 17604, 6, 2024/05/05, 16:37:43.481, 1854008572304, datacollector.dll, BlameCollector.EventsTestCaseStart: Test Case Start
TpTrace Verbose: 0 : 17604, 6, 2024/05/05, 16:37:43.481, 1854008572689, datacollector.dll, MulticastDelegateUtilities.SafeInvoke: DataCollectionEvents.TestCaseStart: Invoking callback 1/1 for Microsoft.TestPlatform.Extensions.BlameDataCollector.BlameCollector., took 0 ms.
TpTrace Information: 0 : 17604, 6, 2024/05/05, 16:37:43.481, 1854008573379, datacollector.dll, DataCollectionTestCaseEventHandler: Test case 'DetermineTaskPriority_ExecutionTimeLessThan2Weeks_NonCriticalPriority_ReturnsHighPriority - 17021581-99c3-c33c-041e-acf90597e5f9' started.
TpTrace Information: 0 : 17604, 6, 2024/05/05, 16:37:43.481, 1854008577836, datacollector.dll, DataCollectionTestCaseEventHandler: Test case completing.
TpTrace Information: 0 : 17604, 6, 2024/05/05, 16:37:43.482, 1854008581230, datacollector.dll, BlameCollector.EventsTestCaseEnd: Test Case End
TpTrace Verbose: 0 : 17604, 6, 2024/05/05, 16:37:43.482, 1854008581603, datacollector.dll, MulticastDelegateUtilities.SafeInvoke: DataCollectionEvents.TestCaseEnd: Invoking callback 1/1 for Microsoft.TestPlatform.Extensions.BlameDataCollector.BlameCollector., took 0 ms.
TpTrace Information: 0 : 17604, 6, 2024/05/05, 16:37:43.482, 1854008582360, datacollector.dll, DataCollectionTestCaseEventHandler: Test case 'DetermineTaskPriority_ExecutionTimeLessThan2Weeks_NonCriticalPriority_ReturnsHighPriority - 17021581-99c3-c33c-041e-acf90597e5f9' completed
TpTrace Information: 0 : 17604, 6, 2024/05/05, 16:37:43.491, 1854008679118, datacollector.dll, DataCollectionTestCaseEventHandler: Test session ended
TpTrace Information: 0 : 17604, 1, 2024/05/05, 16:37:43.547, 1854009236764, datacollector.dll, DataCollectionRequestHandler.ProcessRequests: Datacollector received message: (DataCollection.AfterTestRunEnd) -> {"MessageType":"DataCollection.AfterTestRunEnd","Payload":false}
TpTrace Information: 0 : 17604, 1, 2024/05/05, 16:37:43.548, 1854009243443, datacollector.dll, Blame Collector: Session End
TpTrace Information: 0 : 17604, 1, 2024/05/05, 16:37:43.548, 1854009244040, datacollector.dll, BlameCollector.CollectDumpAndAbortTesthost: Custom path to dump directory was provided via VSTEST_DUMP_PATH. Skipping attachment upload, the caller is responsible for collecting and uploading the dumps themselves.
TpTrace Verbose: 0 : 17604, 1, 2024/05/05, 16:37:43.548, 1854009244514, datacollector.dll, MulticastDelegateUtilities.SafeInvoke: DataCollectionEvents.SessionEnd: Invoking callback 1/1 for Microsoft.TestPlatform.Extensions.BlameDataCollector.BlameCollector., took 0 ms.
TpTrace Information: 0 : 17604, 1, 2024/05/05, 16:37:43.548, 1854009248594, datacollector.dll, DataCollectionManager.CleanupPlugins: CleanupPlugins called
TpTrace Verbose: 0 : 17604, 1, 2024/05/05, 16:37:43.548, 1854009248981, datacollector.dll, DataCollectionManager.CleanupPlugins: Cleaning up 1 plugins
TpTrace Verbose: 0 : 17604, 1, 2024/05/05, 16:37:43.548, 1854009249536, datacollector.dll, dataCollectorInfo.DisposeDataCollector: calling Dispose() on Microsoft.TestPlatform.Extensions.BlameDataCollector.BlameCollector
TpTrace Information: 0 : 17604, 1, 2024/05/05, 16:37:43.548, 1854009249962, datacollector.dll, DataCollectionManager.CleanupPlugins: CleanupPlugins finished
TpTrace Information: 0 : 17604, 1, 2024/05/05, 16:37:43.551, 1854009278348, datacollector.dll, DataCollectionRequestHandler.ProcessRequests : Session End message received from server. Closing the connection.
TpTrace Information: 0 : 17604, 1, 2024/05/05, 16:37:43.551, 1854009279694, datacollector.dll, Closing the connection !
TpTrace Information: 0 : 17604, 1, 2024/05/05, 16:37:43.551, 1854009279943, datacollector.dll, DataCollectionRequestHandler.ProcessRequests : DataCollection completed
TpTrace Information: 0 : 17604, 1, 2024/05/05, 16:37:43.551, 1854009280095, datacollector.dll, Program.Main: exiting datacollector process.
