TpTrace Verbose: 0 : 18484, 1, 2024/05/05, 16:37:42.230, 1853996066518, vstest.console.dll, Version: 17.9.0-release-24072-02 Current process architecture: X64
TpTrace Verbose: 0 : 18484, 1, 2024/05/05, 16:37:42.233, 1853996092098, vstest.console.dll, Runtime location: C:\Program Files\dotnet\shared\Microsoft.NETCore.App\8.0.4
TpTrace Verbose: 0 : 18484, 1, 2024/05/05, 16:37:42.240, 1853996164225, vstest.console.dll, ArtifactProcessingPostProcessModeProcessorExecutor.Initialize: ArtifactProcessingMode.Collect
TpTrace Verbose: 0 : 18484, 1, 2024/05/05, 16:37:42.240, 1853996165466, vstest.console.dll, TestSessionCorrelationIdProcessorModeProcessorExecutor.Initialize: TestSessionCorrelationId '16448_00992574-0cae-400f-8798-5995a11cb301'
TpTrace Information: 0 : 18484, 1, 2024/05/05, 16:37:42.248, 1853996249228, vstest.console.dll, FilePatternParser: The given file D:\БРУ\3 КУРС\6 Семестр\ОС\лр11\OS_20\TaskPriorityCalculator\NunitTesting\bin\Debug\net6.0\fine-code-coverage\build-output\NunitTesting.dll is a full path.
TpTrace Verbose: 0 : 18484, 1, 2024/05/05, 16:37:42.258, 1853996349029, vstest.console.dll, TestPluginCache.DiscoverTestExtensions: finding test extensions in assemblies ends with: RuntimeProvider.dll TPluginInfo: Microsoft.VisualStudio.TestPlatform.Common.ExtensionFramework.Utilities.TestRuntimePluginInformation TExtension: Microsoft.VisualStudio.TestPlatform.ObjectModel.Host.ITestRuntimeProvider
TpTrace Verbose: 0 : 18484, 1, 2024/05/05, 16:37:42.259, 1853996359670, vstest.console.dll, TestPluginCache.GetExtensionPaths: Filtered extension paths: 
TpTrace Verbose: 0 : 18484, 1, 2024/05/05, 16:37:42.259, 1853996360337, vstest.console.dll, TestPluginCache.GetExtensionPaths: Added default extension paths: C:\Program Files\dotnet\sdk\8.0.204\Extensions\Microsoft.Diagnostics.NETCore.Client.dll
C:\Program Files\dotnet\sdk\8.0.204\Extensions\Microsoft.TestPlatform.Extensions.BlameDataCollector.dll
C:\Program Files\dotnet\sdk\8.0.204\Extensions\Microsoft.TestPlatform.Extensions.EventLogCollector.dll
C:\Program Files\dotnet\sdk\8.0.204\Extensions\Microsoft.TestPlatform.TestHostRuntimeProvider.dll
C:\Program Files\dotnet\sdk\8.0.204\Extensions\Microsoft.VisualStudio.TestPlatform.Extensions.Html.TestLogger.dll
C:\Program Files\dotnet\sdk\8.0.204\Extensions\Microsoft.VisualStudio.TestPlatform.Extensions.Trx.TestLogger.dll
TpTrace Verbose: 0 : 18484, 1, 2024/05/05, 16:37:42.259, 1853996360494, vstest.console.dll, TestPluginCache.GetExtensionPaths: Added unfilterableExtensionPaths: 
TpTrace Information: 0 : 18484, 1, 2024/05/05, 16:37:42.260, 1853996365318, vstest.console.dll, AssemblyResolver.ctor: Creating AssemblyResolver with searchDirectories C:\Program Files\dotnet\sdk\8.0.204\Extensions,C:\Program Files\dotnet\sdk\8.0.204
TpTrace Verbose: 0 : 18484, 1, 2024/05/05, 16:37:42.261, 1853996378762, vstest.console.dll, TestPluginCache.DiscoverTestExtensions: Discovering the extensions using extension path.
TpTrace Verbose: 0 : 18484, 1, 2024/05/05, 16:37:42.261, 1853996379827, vstest.console.dll, TestPluginCache.GetExtensionPaths: Filtered extension paths: 
TpTrace Verbose: 0 : 18484, 1, 2024/05/05, 16:37:42.261, 1853996380105, vstest.console.dll, TestPluginCache.GetExtensionPaths: Added default extension paths: C:\Program Files\dotnet\sdk\8.0.204\Extensions\Microsoft.Diagnostics.NETCore.Client.dll
C:\Program Files\dotnet\sdk\8.0.204\Extensions\Microsoft.TestPlatform.Extensions.BlameDataCollector.dll
C:\Program Files\dotnet\sdk\8.0.204\Extensions\Microsoft.TestPlatform.Extensions.EventLogCollector.dll
C:\Program Files\dotnet\sdk\8.0.204\Extensions\Microsoft.TestPlatform.TestHostRuntimeProvider.dll
C:\Program Files\dotnet\sdk\8.0.204\Extensions\Microsoft.VisualStudio.TestPlatform.Extensions.Html.TestLogger.dll
C:\Program Files\dotnet\sdk\8.0.204\Extensions\Microsoft.VisualStudio.TestPlatform.Extensions.Trx.TestLogger.dll
TpTrace Verbose: 0 : 18484, 1, 2024/05/05, 16:37:42.261, 1853996380271, vstest.console.dll, TestPluginCache.GetExtensionPaths: Added unfilterableExtensionPaths: 
TpTrace Verbose: 0 : 18484, 1, 2024/05/05, 16:37:42.261, 1853996380791, vstest.console.dll, TestPluginCache.DiscoverTestExtensions: Discovering the extensions using allExtensionPaths: C:\Program Files\dotnet\sdk\8.0.204\Extensions\Microsoft.Diagnostics.NETCore.Client.dll
C:\Program Files\dotnet\sdk\8.0.204\Extensions\Microsoft.TestPlatform.Extensions.BlameDataCollector.dll
C:\Program Files\dotnet\sdk\8.0.204\Extensions\Microsoft.TestPlatform.Extensions.EventLogCollector.dll
C:\Program Files\dotnet\sdk\8.0.204\Extensions\Microsoft.TestPlatform.TestHostRuntimeProvider.dll
C:\Program Files\dotnet\sdk\8.0.204\Extensions\Microsoft.VisualStudio.TestPlatform.Extensions.Html.TestLogger.dll
C:\Program Files\dotnet\sdk\8.0.204\Extensions\Microsoft.VisualStudio.TestPlatform.Extensions.Trx.TestLogger.dll
TpTrace Information: 0 : 18484, 1, 2024/05/05, 16:37:42.262, 1853996381962, vstest.console.dll, AssemblyResolver.AddSearchDirectories: Adding more searchDirectories C:\Program Files\dotnet\sdk\8.0.204\Extensions,C:\Program Files\dotnet\sdk\8.0.204
TpTrace Information: 0 : 18484, 1, 2024/05/05, 16:37:42.262, 1853996382351, vstest.console.dll, AssemblyResolver.AddSearchDirectories: Adding more searchDirectories C:\Program Files\dotnet\sdk\8.0.204\Extensions,C:\Program Files\dotnet\sdk\8.0.204
TpTrace Information: 0 : 18484, 1, 2024/05/05, 16:37:42.262, 1853996382554, vstest.console.dll, AssemblyResolver.AddSearchDirectories: Adding more searchDirectories C:\Program Files\dotnet\sdk\8.0.204\Extensions,C:\Program Files\dotnet\sdk\8.0.204
TpTrace Information: 0 : 18484, 1, 2024/05/05, 16:37:42.262, 1853996382716, vstest.console.dll, AssemblyResolver.AddSearchDirectories: Adding more searchDirectories C:\Program Files\dotnet\sdk\8.0.204\Extensions,C:\Program Files\dotnet\sdk\8.0.204
TpTrace Information: 0 : 18484, 1, 2024/05/05, 16:37:42.262, 1853996382873, vstest.console.dll, AssemblyResolver.AddSearchDirectories: Adding more searchDirectories C:\Program Files\dotnet\sdk\8.0.204\Extensions,C:\Program Files\dotnet\sdk\8.0.204
TpTrace Information: 0 : 18484, 1, 2024/05/05, 16:37:42.262, 1853996383084, vstest.console.dll, AssemblyResolver.AddSearchDirectories: Adding more searchDirectories C:\Program Files\dotnet\sdk\8.0.204\Extensions,C:\Program Files\dotnet\sdk\8.0.204
TpTrace Information: 0 : 18484, 1, 2024/05/05, 16:37:42.262, 1853996388370, vstest.console.dll, AssemblyResolver.OnResolve: Microsoft.Diagnostics.NETCore.Client: Resolving assembly.
TpTrace Information: 0 : 18484, 1, 2024/05/05, 16:37:42.262, 1853996389095, vstest.console.dll, AssemblyResolver.OnResolve: Microsoft.Diagnostics.NETCore.Client: Searching in: 'C:\Program Files\dotnet\sdk\8.0.204\Extensions'.
TpTrace Information: 0 : 18484, 1, 2024/05/05, 16:37:42.273, 1853996494137, vstest.console.dll, AssemblyResolver.OnResolve: Microsoft.Diagnostics.NETCore.Client: Loading assembly 'C:\Program Files\dotnet\sdk\8.0.204\Extensions\Microsoft.Diagnostics.NETCore.Client.dll'.
TpTrace Information: 0 : 18484, 1, 2024/05/05, 16:37:42.275, 1853996513472, vstest.console.dll, AssemblyResolver.OnResolve: Resolved assembly: Microsoft.Diagnostics.NETCore.Client, from path: C:\Program Files\dotnet\sdk\8.0.204\Extensions\Microsoft.Diagnostics.NETCore.Client.dll
TpTrace Verbose: 0 : 18484, 1, 2024/05/05, 16:37:42.278, 1853996543491, vstest.console.dll, MetadataReaderExtensionsHelper: Discovering extensions inside assembly 'Microsoft.Diagnostics.NETCore.Client, Version=0.2.9.2401, Culture=neutral, PublicKeyToken=31bf3856ad364e35' file path 'C:\Program Files\dotnet\sdk\8.0.204\Extensions\Microsoft.Diagnostics.NETCore.Client.dll'
TpTrace Information: 0 : 18484, 1, 2024/05/05, 16:37:42.283, 1853996593863, vstest.console.dll, AssemblyResolver.OnResolve: Microsoft.Bcl.AsyncInterfaces: Resolving assembly.
TpTrace Information: 0 : 18484, 1, 2024/05/05, 16:37:42.283, 1853996594750, vstest.console.dll, AssemblyResolver.OnResolve: Microsoft.Bcl.AsyncInterfaces: Searching in: 'C:\Program Files\dotnet\sdk\8.0.204\Extensions'.
TpTrace Information: 0 : 18484, 1, 2024/05/05, 16:37:42.283, 1853996595292, vstest.console.dll, AssemblyResolver.OnResolve: Microsoft.Bcl.AsyncInterfaces: Assembly path does not exist: 'C:\Program Files\dotnet\sdk\8.0.204\Extensions\Microsoft.Bcl.AsyncInterfaces.dll', returning.
TpTrace Information: 0 : 18484, 1, 2024/05/05, 16:37:42.283, 1853996595954, vstest.console.dll, AssemblyResolver.OnResolve: Microsoft.Bcl.AsyncInterfaces: Assembly path does not exist: 'C:\Program Files\dotnet\sdk\8.0.204\Extensions\Microsoft.Bcl.AsyncInterfaces.exe', returning.
TpTrace Information: 0 : 18484, 1, 2024/05/05, 16:37:42.283, 1853996596166, vstest.console.dll, AssemblyResolver.OnResolve: Microsoft.Bcl.AsyncInterfaces: Searching in: 'C:\Program Files\dotnet\sdk\8.0.204'.
TpTrace Information: 0 : 18484, 1, 2024/05/05, 16:37:42.283, 1853996596478, vstest.console.dll, AssemblyResolver.OnResolve: Microsoft.Bcl.AsyncInterfaces: Assembly path does not exist: 'C:\Program Files\dotnet\sdk\8.0.204\Microsoft.Bcl.AsyncInterfaces.dll', returning.
TpTrace Information: 0 : 18484, 1, 2024/05/05, 16:37:42.283, 1853996596735, vstest.console.dll, AssemblyResolver.OnResolve: Microsoft.Bcl.AsyncInterfaces: Assembly path does not exist: 'C:\Program Files\dotnet\sdk\8.0.204\Microsoft.Bcl.AsyncInterfaces.exe', returning.
TpTrace Information: 0 : 18484, 1, 2024/05/05, 16:37:42.283, 1853996596855, vstest.console.dll, AssemblyResolver.OnResolve: Microsoft.Bcl.AsyncInterfaces: Failed to load assembly.
TpTrace Verbose: 0 : 18484, 1, 2024/05/05, 16:37:42.283, 1853996597075, vstest.console.dll, CurrentDomainAssemblyResolve: Resolving assembly 'Microsoft.Bcl.AsyncInterfaces'.
TpTrace Information: 0 : 18484, 1, 2024/05/05, 16:37:42.283, 1853996597418, vstest.console.dll, AssemblyResolver.OnResolve: Microsoft.Bcl.AsyncInterfaces: Resolving assembly.
TpTrace Information: 0 : 18484, 1, 2024/05/05, 16:37:42.283, 1853996597612, vstest.console.dll, AssemblyResolver.OnResolve: Microsoft.Bcl.AsyncInterfaces: Resolved from cache.
TpTrace Verbose: 0 : 18484, 1, 2024/05/05, 16:37:42.283, 1853996597726, vstest.console.dll, CurrentDomainAssemblyResolve: Resolving assembly 'Microsoft.Bcl.AsyncInterfaces'.
TpTrace Verbose: 0 : 18484, 1, 2024/05/05, 16:37:42.283, 1853996597891, vstest.console.dll, CurrentDomainAssemblyResolve: Failed to resolve assembly 'Microsoft.Bcl.AsyncInterfaces'.
TpTrace Verbose: 0 : 18484, 1, 2024/05/05, 16:37:42.289, 1853996658311, vstest.console.dll, CurrentDomainAssemblyResolve: Failed to resolve assembly 'Microsoft.Bcl.AsyncInterfaces'.
TpTrace Warning: 0 : 18484, 1, 2024/05/05, 16:37:42.307, 1853996836648, vstest.console.dll, TestPluginDiscoverer: Failed to get types from assembly 'Microsoft.Diagnostics.NETCore.Client, Version=0.2.9.2401, Culture=neutral, PublicKeyToken=31bf3856ad364e35'. Error: System.Reflection.ReflectionTypeLoadException: Unable to load one or more of the requested types.
Could not load file or assembly 'Microsoft.Bcl.AsyncInterfaces, Version=6.0.0.0, Culture=neutral, PublicKeyToken=cc7b13ffcd2ddd51'. Не удается найти указанный файл.
   at System.Reflection.RuntimeModule.GetTypes(RuntimeModule module)
   at System.Reflection.RuntimeModule.GetTypes()
   at Microsoft.VisualStudio.TestPlatform.Common.ExtensionFramework.TestPluginDiscoverer.GetTestExtensionsFromAssembly[TPluginInfo,TExtension](Assembly assembly, Dictionary`2 pluginInfos, String filePath) in /_/src/Microsoft.TestPlatform.Common/ExtensionFramework/TestPluginDiscoverer.cs:line 158
System.IO.FileNotFoundException: Could not load file or assembly 'Microsoft.Bcl.AsyncInterfaces, Version=6.0.0.0, Culture=neutral, PublicKeyToken=cc7b13ffcd2ddd51'. Не удается найти указанный файл.
File name: 'Microsoft.Bcl.AsyncInterfaces, Version=6.0.0.0, Culture=neutral, PublicKeyToken=cc7b13ffcd2ddd51'
 ---> System.IO.FileNotFoundException: Could not load file or assembly 'Microsoft.Bcl.AsyncInterfaces, Culture=neutral, PublicKeyToken=null'. Не удается найти указанный файл.
File name: 'Microsoft.Bcl.AsyncInterfaces, Culture=neutral, PublicKeyToken=null'
   at System.Reflection.RuntimeAssembly.InternalLoad(AssemblyName assemblyName, StackCrawlMark& stackMark, AssemblyLoadContext assemblyLoadContext, RuntimeAssembly requestingAssembly, Boolean throwOnFileNotFound)
   at System.Reflection.Assembly.Load(AssemblyName assemblyRef)
   at Microsoft.VisualStudio.TestPlatform.Common.ExtensionFramework.TestPluginCache.CurrentDomainAssemblyResolve(Object sender, AssemblyResolveEventArgs args) in /_/src/Microsoft.TestPlatform.Common/ExtensionFramework/TestPluginCache.cs:line 513
   at System.Runtime.Loader.AssemblyLoadContext.GetFirstResolvedAssemblyFromResolvingEvent(AssemblyName assemblyName)
   at System.Runtime.Loader.AssemblyLoadContext.ResolveUsingEvent(AssemblyName assemblyName)
   at System.Runtime.Loader.AssemblyLoadContext.ResolveUsingResolvingEvent(IntPtr gchManagedAssemblyLoadContext, AssemblyName assemblyName)
TpTrace Warning: 0 : 18484, 1, 2024/05/05, 16:37:42.307, 1853996839090, vstest.console.dll, LoaderExceptions: System.IO.FileNotFoundException: Could not load file or assembly 'Microsoft.Bcl.AsyncInterfaces, Version=6.0.0.0, Culture=neutral, PublicKeyToken=cc7b13ffcd2ddd51'. Не удается найти указанный файл.
File name: 'Microsoft.Bcl.AsyncInterfaces, Version=6.0.0.0, Culture=neutral, PublicKeyToken=cc7b13ffcd2ddd51'
 ---> System.IO.FileNotFoundException: Could not load file or assembly 'Microsoft.Bcl.AsyncInterfaces, Culture=neutral, PublicKeyToken=null'. Не удается найти указанный файл.
File name: 'Microsoft.Bcl.AsyncInterfaces, Culture=neutral, PublicKeyToken=null'
   at System.Reflection.RuntimeAssembly.InternalLoad(AssemblyName assemblyName, StackCrawlMark& stackMark, AssemblyLoadContext assemblyLoadContext, RuntimeAssembly requestingAssembly, Boolean throwOnFileNotFound)
   at System.Reflection.Assembly.Load(AssemblyName assemblyRef)
   at Microsoft.VisualStudio.TestPlatform.Common.ExtensionFramework.TestPluginCache.CurrentDomainAssemblyResolve(Object sender, AssemblyResolveEventArgs args) in /_/src/Microsoft.TestPlatform.Common/ExtensionFramework/TestPluginCache.cs:line 513
   at System.Runtime.Loader.AssemblyLoadContext.GetFirstResolvedAssemblyFromResolvingEvent(AssemblyName assemblyName)
   at System.Runtime.Loader.AssemblyLoadContext.ResolveUsingEvent(AssemblyName assemblyName)
   at System.Runtime.Loader.AssemblyLoadContext.ResolveUsingResolvingEvent(IntPtr gchManagedAssemblyLoadContext, AssemblyName assemblyName)
TpTrace Information: 0 : 18484, 1, 2024/05/05, 16:37:42.307, 1853996840067, vstest.console.dll, AssemblyResolver.OnResolve: Microsoft.TestPlatform.Extensions.BlameDataCollector: Resolving assembly.
TpTrace Information: 0 : 18484, 1, 2024/05/05, 16:37:42.307, 1853996840373, vstest.console.dll, AssemblyResolver.OnResolve: Microsoft.TestPlatform.Extensions.BlameDataCollector: Searching in: 'C:\Program Files\dotnet\sdk\8.0.204\Extensions'.
TpTrace Information: 0 : 18484, 1, 2024/05/05, 16:37:42.309, 1853996853313, vstest.console.dll, AssemblyResolver.OnResolve: Microsoft.TestPlatform.Extensions.BlameDataCollector: Loading assembly 'C:\Program Files\dotnet\sdk\8.0.204\Extensions\Microsoft.TestPlatform.Extensions.BlameDataCollector.dll'.
TpTrace Information: 0 : 18484, 1, 2024/05/05, 16:37:42.310, 1853996866681, vstest.console.dll, AssemblyResolver.OnResolve: Resolved assembly: Microsoft.TestPlatform.Extensions.BlameDataCollector, from path: C:\Program Files\dotnet\sdk\8.0.204\Extensions\Microsoft.TestPlatform.Extensions.BlameDataCollector.dll
TpTrace Verbose: 0 : 18484, 1, 2024/05/05, 16:37:42.310, 1853996867248, vstest.console.dll, MetadataReaderExtensionsHelper: Discovering extensions inside assembly 'Microsoft.TestPlatform.Extensions.BlameDataCollector, Version=15.0.0.0, Culture=neutral, PublicKeyToken=b03f5f7f11d50a3a' file path 'C:\Program Files\dotnet\sdk\8.0.204\Extensions\Microsoft.TestPlatform.Extensions.BlameDataCollector.dll'
TpTrace Information: 0 : 18484, 1, 2024/05/05, 16:37:42.312, 1853996888992, vstest.console.dll, AssemblyResolver.OnResolve: Microsoft.TestPlatform.Extensions.EventLogCollector: Resolving assembly.
TpTrace Information: 0 : 18484, 1, 2024/05/05, 16:37:42.312, 1853996890098, vstest.console.dll, AssemblyResolver.OnResolve: Microsoft.TestPlatform.Extensions.EventLogCollector: Searching in: 'C:\Program Files\dotnet\sdk\8.0.204\Extensions'.
TpTrace Information: 0 : 18484, 1, 2024/05/05, 16:37:42.313, 1853996900978, vstest.console.dll, AssemblyResolver.OnResolve: Microsoft.TestPlatform.Extensions.EventLogCollector: Loading assembly 'C:\Program Files\dotnet\sdk\8.0.204\Extensions\Microsoft.TestPlatform.Extensions.EventLogCollector.dll'.
TpTrace Information: 0 : 18484, 1, 2024/05/05, 16:37:42.314, 1853996906308, vstest.console.dll, AssemblyResolver.OnResolve: Resolved assembly: Microsoft.TestPlatform.Extensions.EventLogCollector, from path: C:\Program Files\dotnet\sdk\8.0.204\Extensions\Microsoft.TestPlatform.Extensions.EventLogCollector.dll
TpTrace Verbose: 0 : 18484, 1, 2024/05/05, 16:37:42.314, 1853996906819, vstest.console.dll, MetadataReaderExtensionsHelper: Discovering extensions inside assembly 'Microsoft.TestPlatform.Extensions.EventLogCollector, Version=15.0.0.0, Culture=neutral, PublicKeyToken=b03f5f7f11d50a3a' file path 'C:\Program Files\dotnet\sdk\8.0.204\Extensions\Microsoft.TestPlatform.Extensions.EventLogCollector.dll'
TpTrace Information: 0 : 18484, 1, 2024/05/05, 16:37:42.318, 1853996946788, vstest.console.dll, AssemblyResolver.OnResolve: Microsoft.TestPlatform.TestHostRuntimeProvider: Resolving assembly.
TpTrace Information: 0 : 18484, 1, 2024/05/05, 16:37:42.318, 1853996947399, vstest.console.dll, AssemblyResolver.OnResolve: Microsoft.TestPlatform.TestHostRuntimeProvider: Searching in: 'C:\Program Files\dotnet\sdk\8.0.204\Extensions'.
TpTrace Information: 0 : 18484, 1, 2024/05/05, 16:37:42.319, 1853996954262, vstest.console.dll, AssemblyResolver.OnResolve: Microsoft.TestPlatform.TestHostRuntimeProvider: Loading assembly 'C:\Program Files\dotnet\sdk\8.0.204\Extensions\Microsoft.TestPlatform.TestHostRuntimeProvider.dll'.
TpTrace Information: 0 : 18484, 1, 2024/05/05, 16:37:42.320, 1853996965704, vstest.console.dll, AssemblyResolver.OnResolve: Resolved assembly: Microsoft.TestPlatform.TestHostRuntimeProvider, from path: C:\Program Files\dotnet\sdk\8.0.204\Extensions\Microsoft.TestPlatform.TestHostRuntimeProvider.dll
TpTrace Verbose: 0 : 18484, 1, 2024/05/05, 16:37:42.320, 1853996966211, vstest.console.dll, MetadataReaderExtensionsHelper: Discovering extensions inside assembly 'Microsoft.TestPlatform.TestHostRuntimeProvider, Version=15.0.0.0, Culture=neutral, PublicKeyToken=b03f5f7f11d50a3a' file path 'C:\Program Files\dotnet\sdk\8.0.204\Extensions\Microsoft.TestPlatform.TestHostRuntimeProvider.dll'
TpTrace Information: 0 : 18484, 1, 2024/05/05, 16:37:42.322, 1853996989745, vstest.console.dll, GetTestExtensionFromType: Register extension with identifier data 'HostProvider://DefaultTestHost' and type 'Microsoft.VisualStudio.TestPlatform.CrossPlatEngine.Hosting.DefaultTestHostManager, Microsoft.TestPlatform.TestHostRuntimeProvider, Version=15.0.0.0, Culture=neutral, PublicKeyToken=b03f5f7f11d50a3a' inside file 'C:\Program Files\dotnet\sdk\8.0.204\Extensions\Microsoft.TestPlatform.TestHostRuntimeProvider.dll'
TpTrace Information: 0 : 18484, 1, 2024/05/05, 16:37:42.323, 1853996991732, vstest.console.dll, GetTestExtensionFromType: Register extension with identifier data 'HostProvider://DotnetTestHost' and type 'Microsoft.VisualStudio.TestPlatform.CrossPlatEngine.Hosting.DotnetTestHostManager, Microsoft.TestPlatform.TestHostRuntimeProvider, Version=15.0.0.0, Culture=neutral, PublicKeyToken=b03f5f7f11d50a3a' inside file 'C:\Program Files\dotnet\sdk\8.0.204\Extensions\Microsoft.TestPlatform.TestHostRuntimeProvider.dll'
TpTrace Information: 0 : 18484, 1, 2024/05/05, 16:37:42.323, 1853996992240, vstest.console.dll, AssemblyResolver.OnResolve: Microsoft.VisualStudio.TestPlatform.Extensions.Html.TestLogger: Resolving assembly.
TpTrace Information: 0 : 18484, 1, 2024/05/05, 16:37:42.323, 1853996992467, vstest.console.dll, AssemblyResolver.OnResolve: Microsoft.VisualStudio.TestPlatform.Extensions.Html.TestLogger: Searching in: 'C:\Program Files\dotnet\sdk\8.0.204\Extensions'.
TpTrace Information: 0 : 18484, 1, 2024/05/05, 16:37:42.324, 1853997001558, vstest.console.dll, AssemblyResolver.OnResolve: Microsoft.VisualStudio.TestPlatform.Extensions.Html.TestLogger: Loading assembly 'C:\Program Files\dotnet\sdk\8.0.204\Extensions\Microsoft.VisualStudio.TestPlatform.Extensions.Html.TestLogger.dll'.
TpTrace Information: 0 : 18484, 1, 2024/05/05, 16:37:42.324, 1853997008820, vstest.console.dll, AssemblyResolver.OnResolve: Resolved assembly: Microsoft.VisualStudio.TestPlatform.Extensions.Html.TestLogger, from path: C:\Program Files\dotnet\sdk\8.0.204\Extensions\Microsoft.VisualStudio.TestPlatform.Extensions.Html.TestLogger.dll
TpTrace Verbose: 0 : 18484, 1, 2024/05/05, 16:37:42.324, 1853997009285, vstest.console.dll, MetadataReaderExtensionsHelper: Discovering extensions inside assembly 'Microsoft.VisualStudio.TestPlatform.Extensions.Html.TestLogger, Version=15.0.0.0, Culture=neutral, PublicKeyToken=b03f5f7f11d50a3a' file path 'C:\Program Files\dotnet\sdk\8.0.204\Extensions\Microsoft.VisualStudio.TestPlatform.Extensions.Html.TestLogger.dll'
TpTrace Information: 0 : 18484, 1, 2024/05/05, 16:37:42.325, 1853997019111, vstest.console.dll, AssemblyResolver.OnResolve: Microsoft.VisualStudio.TestPlatform.Extensions.Trx.TestLogger: Resolving assembly.
TpTrace Information: 0 : 18484, 1, 2024/05/05, 16:37:42.325, 1853997019490, vstest.console.dll, AssemblyResolver.OnResolve: Microsoft.VisualStudio.TestPlatform.Extensions.Trx.TestLogger: Searching in: 'C:\Program Files\dotnet\sdk\8.0.204\Extensions'.
TpTrace Information: 0 : 18484, 1, 2024/05/05, 16:37:42.327, 1853997033700, vstest.console.dll, AssemblyResolver.OnResolve: Microsoft.VisualStudio.TestPlatform.Extensions.Trx.TestLogger: Loading assembly 'C:\Program Files\dotnet\sdk\8.0.204\Extensions\Microsoft.VisualStudio.TestPlatform.Extensions.Trx.TestLogger.dll'.
TpTrace Information: 0 : 18484, 1, 2024/05/05, 16:37:42.329, 1853997056834, vstest.console.dll, AssemblyResolver.OnResolve: Resolved assembly: Microsoft.VisualStudio.TestPlatform.Extensions.Trx.TestLogger, from path: C:\Program Files\dotnet\sdk\8.0.204\Extensions\Microsoft.VisualStudio.TestPlatform.Extensions.Trx.TestLogger.dll
TpTrace Verbose: 0 : 18484, 1, 2024/05/05, 16:37:42.329, 1853997058101, vstest.console.dll, MetadataReaderExtensionsHelper: Discovering extensions inside assembly 'Microsoft.VisualStudio.TestPlatform.Extensions.Trx.TestLogger, Version=15.0.0.0, Culture=neutral, PublicKeyToken=b03f5f7f11d50a3a' file path 'C:\Program Files\dotnet\sdk\8.0.204\Extensions\Microsoft.VisualStudio.TestPlatform.Extensions.Trx.TestLogger.dll'
TpTrace Verbose: 0 : 18484, 1, 2024/05/05, 16:37:42.332, 1853997082275, vstest.console.dll, TestPluginCache: Discovered the extensions using extension path ''.
TpTrace Verbose: 0 : 18484, 1, 2024/05/05, 16:37:42.332, 1853997083180, vstest.console.dll, TestPluginCache: Discoverers are ''.
TpTrace Verbose: 0 : 18484, 1, 2024/05/05, 16:37:42.332, 1853997083485, vstest.console.dll, TestPluginCache: Executors are ''.
TpTrace Verbose: 0 : 18484, 1, 2024/05/05, 16:37:42.332, 1853997083743, vstest.console.dll, TestPluginCache: Executors2 are ''.
TpTrace Verbose: 0 : 18484, 1, 2024/05/05, 16:37:42.332, 1853997083992, vstest.console.dll, TestPluginCache: Setting providers are ''.
TpTrace Verbose: 0 : 18484, 1, 2024/05/05, 16:37:42.332, 1853997084243, vstest.console.dll, TestPluginCache: Loggers are ''.
TpTrace Verbose: 0 : 18484, 1, 2024/05/05, 16:37:42.332, 1853997086522, vstest.console.dll, TestPluginCache: TestHosts are 'HostProvider://DefaultTestHost,HostProvider://DotnetTestHost'.
TpTrace Verbose: 0 : 18484, 1, 2024/05/05, 16:37:42.332, 1853997087010, vstest.console.dll, TestPluginCache: DataCollectors are ''.
TpTrace Information: 0 : 18484, 1, 2024/05/05, 16:37:42.358, 1853997343365, vstest.console.dll, RunTestsArgumentProcessor:Execute: Test run is starting.
TpTrace Verbose: 0 : 18484, 1, 2024/05/05, 16:37:42.358, 1853997344468, vstest.console.dll, RunTestsArgumentProcessor:Execute: Queuing Test run.
TpTrace Information: 0 : 18484, 1, 2024/05/05, 16:37:42.358, 1853997346974, vstest.console.dll, TestRequestManager.RunTests: run tests started.
TpTrace Information: 0 : 18484, 1, 2024/05/05, 16:37:42.359, 1853997358370, vstest.console.dll, AssemblyMetadataProvider.GetFrameworkName: Determined framework:'.NETCoreApp,Version=v6.0' for source: 'D:\БРУ\3 КУРС\6 Семестр\ОС\лр11\OS_20\TaskPriorityCalculator\NunitTesting\bin\Debug\net6.0\fine-code-coverage\build-output\NunitTesting.dll'
TpTrace Information: 0 : 18484, 1, 2024/05/05, 16:37:42.359, 1853997359751, vstest.console.dll, Determined framework for all sources: .NETCoreApp,Version=v6.0
TpTrace Verbose: 0 : 18484, 1, 2024/05/05, 16:37:42.360, 1853997362922, vstest.console.dll, TestRequestManager.UpdateRunSettingsIfRequired: Default architecture: X64 IsDefaultTargetArchitecture: True, Current process architecture: X64 OperatingSystem: Windows.
TpTrace Information: 0 : 18484, 1, 2024/05/05, 16:37:42.361, 1853997375838, vstest.console.dll, AssemblyMetadataProvider.GetArchitecture: Determined architecture:AnyCPU info for assembly: D:\БРУ\3 КУРС\6 Семестр\ОС\лр11\OS_20\TaskPriorityCalculator\NunitTesting\bin\Debug\net6.0\fine-code-coverage\build-output\NunitTesting.dll
TpTrace Information: 0 : 18484, 1, 2024/05/05, 16:37:42.361, 1853997376575, vstest.console.dll, Determined platform for source 'D:\БРУ\3 КУРС\6 Семестр\ОС\лр11\OS_20\TaskPriorityCalculator\NunitTesting\bin\Debug\net6.0\fine-code-coverage\build-output\NunitTesting.dll' was AnyCPU and it will use the default plaform X64.
TpTrace Information: 0 : 18484, 1, 2024/05/05, 16:37:42.361, 1853997376861, vstest.console.dll, None of the sources provided any runnable platform, using the default platform: X64
TpTrace Information: 0 : 18484, 1, 2024/05/05, 16:37:42.361, 1853997378082, vstest.console.dll, Platform was updated to 'X64'.
TpTrace Information: 0 : 18484, 1, 2024/05/05, 16:37:42.366, 1853997423067, vstest.console.dll, InferRunSettingsHelper.IsTestSettingsEnabled: Unable to navigate to RunSettings/MSTest. Current node: RunSettings
TpTrace Information: 0 : 18484, 1, 2024/05/05, 16:37:42.366, 1853997430266, vstest.console.dll, AssemblyResolver.OnResolve: Microsoft.VisualStudio.TestPlatform.Fakes: Resolving assembly.
TpTrace Information: 0 : 18484, 1, 2024/05/05, 16:37:42.367, 1853997431093, vstest.console.dll, AssemblyResolver.OnResolve: Microsoft.VisualStudio.TestPlatform.Fakes: Searching in: 'C:\Program Files\dotnet\sdk\8.0.204\Extensions'.
TpTrace Information: 0 : 18484, 1, 2024/05/05, 16:37:42.367, 1853997431933, vstest.console.dll, AssemblyResolver.OnResolve: Microsoft.VisualStudio.TestPlatform.Fakes: Assembly path does not exist: 'C:\Program Files\dotnet\sdk\8.0.204\Extensions\Microsoft.VisualStudio.TestPlatform.Fakes.dll', returning.
TpTrace Information: 0 : 18484, 1, 2024/05/05, 16:37:42.367, 1853997432258, vstest.console.dll, AssemblyResolver.OnResolve: Microsoft.VisualStudio.TestPlatform.Fakes: Assembly path does not exist: 'C:\Program Files\dotnet\sdk\8.0.204\Extensions\Microsoft.VisualStudio.TestPlatform.Fakes.exe', returning.
TpTrace Information: 0 : 18484, 1, 2024/05/05, 16:37:42.367, 1853997432398, vstest.console.dll, AssemblyResolver.OnResolve: Microsoft.VisualStudio.TestPlatform.Fakes: Searching in: 'C:\Program Files\dotnet\sdk\8.0.204'.
TpTrace Information: 0 : 18484, 1, 2024/05/05, 16:37:42.367, 1853997432822, vstest.console.dll, AssemblyResolver.OnResolve: Microsoft.VisualStudio.TestPlatform.Fakes: Assembly path does not exist: 'C:\Program Files\dotnet\sdk\8.0.204\Microsoft.VisualStudio.TestPlatform.Fakes.dll', returning.
TpTrace Information: 0 : 18484, 1, 2024/05/05, 16:37:42.367, 1853997433112, vstest.console.dll, AssemblyResolver.OnResolve: Microsoft.VisualStudio.TestPlatform.Fakes: Assembly path does not exist: 'C:\Program Files\dotnet\sdk\8.0.204\Microsoft.VisualStudio.TestPlatform.Fakes.exe', returning.
TpTrace Information: 0 : 18484, 1, 2024/05/05, 16:37:42.367, 1853997433251, vstest.console.dll, AssemblyResolver.OnResolve: Microsoft.VisualStudio.TestPlatform.Fakes: Failed to load assembly.
TpTrace Information: 0 : 18484, 1, 2024/05/05, 16:37:42.367, 1853997435234, vstest.console.dll, Failed to load assembly Microsoft.VisualStudio.TestPlatform.Fakes, Version=17.0.0.0, Culture=neutral. Reason:System.IO.FileNotFoundException: Could not load file or assembly 'Microsoft.VisualStudio.TestPlatform.Fakes, Version=17.0.0.0, Culture=neutral, PublicKeyToken=null'. Не удается найти указанный файл.
File name: 'Microsoft.VisualStudio.TestPlatform.Fakes, Version=17.0.0.0, Culture=neutral, PublicKeyToken=null'
   at System.Reflection.RuntimeAssembly.InternalLoad(AssemblyName assemblyName, StackCrawlMark& stackMark, AssemblyLoadContext assemblyLoadContext, RuntimeAssembly requestingAssembly, Boolean throwOnFileNotFound)
   at System.Reflection.Assembly.Load(AssemblyName assemblyRef)
   at Microsoft.VisualStudio.TestPlatform.Common.Utilities.FakesUtilities.LoadTestPlatformAssembly() in /_/src/Microsoft.TestPlatform.Common/Utilities/FakesUtilities.cs:line 272
TpTrace Verbose: 0 : 18484, 1, 2024/05/05, 16:37:42.370, 1853997461489, vstest.console.dll, TestPluginCache.DiscoverTestExtensions: finding test extensions in assemblies ends with: TestLogger.dll TPluginInfo: Microsoft.VisualStudio.TestPlatform.Common.ExtensionFramework.Utilities.TestLoggerPluginInformation TExtension: Microsoft.VisualStudio.TestPlatform.ObjectModel.Client.ITestLogger
TpTrace Verbose: 0 : 18484, 1, 2024/05/05, 16:37:42.370, 1853997462362, vstest.console.dll, TestPluginCache.GetExtensionPaths: Filtered extension paths: 
TpTrace Verbose: 0 : 18484, 1, 2024/05/05, 16:37:42.370, 1853997462533, vstest.console.dll, TestPluginCache.GetExtensionPaths: Added default extension paths: C:\Program Files\dotnet\sdk\8.0.204\Extensions\Microsoft.Diagnostics.NETCore.Client.dll
C:\Program Files\dotnet\sdk\8.0.204\Extensions\Microsoft.TestPlatform.Extensions.BlameDataCollector.dll
C:\Program Files\dotnet\sdk\8.0.204\Extensions\Microsoft.TestPlatform.Extensions.EventLogCollector.dll
C:\Program Files\dotnet\sdk\8.0.204\Extensions\Microsoft.TestPlatform.TestHostRuntimeProvider.dll
C:\Program Files\dotnet\sdk\8.0.204\Extensions\Microsoft.VisualStudio.TestPlatform.Extensions.Html.TestLogger.dll
C:\Program Files\dotnet\sdk\8.0.204\Extensions\Microsoft.VisualStudio.TestPlatform.Extensions.Trx.TestLogger.dll
TpTrace Verbose: 0 : 18484, 1, 2024/05/05, 16:37:42.370, 1853997462658, vstest.console.dll, TestPluginCache.GetExtensionPaths: Added unfilterableExtensionPaths: 
TpTrace Information: 0 : 18484, 1, 2024/05/05, 16:37:42.370, 1853997463672, vstest.console.dll, AssemblyResolver.AddSearchDirectories: Adding more searchDirectories C:\Program Files\dotnet\sdk\8.0.204\Extensions,C:\Program Files\dotnet\sdk\8.0.204
TpTrace Verbose: 0 : 18484, 1, 2024/05/05, 16:37:42.370, 1853997463894, vstest.console.dll, TestPluginCache.DiscoverTestExtensions: Discovering the extensions using extension path.
TpTrace Verbose: 0 : 18484, 1, 2024/05/05, 16:37:42.370, 1853997464046, vstest.console.dll, TestPluginCache.GetExtensionPaths: Filtered extension paths: 
TpTrace Verbose: 0 : 18484, 1, 2024/05/05, 16:37:42.370, 1853997464190, vstest.console.dll, TestPluginCache.GetExtensionPaths: Added default extension paths: C:\Program Files\dotnet\sdk\8.0.204\Extensions\Microsoft.Diagnostics.NETCore.Client.dll
C:\Program Files\dotnet\sdk\8.0.204\Extensions\Microsoft.TestPlatform.Extensions.BlameDataCollector.dll
C:\Program Files\dotnet\sdk\8.0.204\Extensions\Microsoft.TestPlatform.Extensions.EventLogCollector.dll
C:\Program Files\dotnet\sdk\8.0.204\Extensions\Microsoft.TestPlatform.TestHostRuntimeProvider.dll
C:\Program Files\dotnet\sdk\8.0.204\Extensions\Microsoft.VisualStudio.TestPlatform.Extensions.Html.TestLogger.dll
C:\Program Files\dotnet\sdk\8.0.204\Extensions\Microsoft.VisualStudio.TestPlatform.Extensions.Trx.TestLogger.dll
TpTrace Verbose: 0 : 18484, 1, 2024/05/05, 16:37:42.370, 1853997464336, vstest.console.dll, TestPluginCache.GetExtensionPaths: Added unfilterableExtensionPaths: 
TpTrace Verbose: 0 : 18484, 1, 2024/05/05, 16:37:42.370, 1853997464883, vstest.console.dll, TestPluginCache.DiscoverTestExtensions: Discovering the extensions using allExtensionPaths: C:\Program Files\dotnet\sdk\8.0.204\Extensions\Microsoft.Diagnostics.NETCore.Client.dll
C:\Program Files\dotnet\sdk\8.0.204\Extensions\Microsoft.TestPlatform.Extensions.BlameDataCollector.dll
C:\Program Files\dotnet\sdk\8.0.204\Extensions\Microsoft.TestPlatform.Extensions.EventLogCollector.dll
C:\Program Files\dotnet\sdk\8.0.204\Extensions\Microsoft.TestPlatform.TestHostRuntimeProvider.dll
C:\Program Files\dotnet\sdk\8.0.204\Extensions\Microsoft.VisualStudio.TestPlatform.Extensions.Html.TestLogger.dll
C:\Program Files\dotnet\sdk\8.0.204\Extensions\Microsoft.VisualStudio.TestPlatform.Extensions.Trx.TestLogger.dll
TpTrace Information: 0 : 18484, 1, 2024/05/05, 16:37:42.370, 1853997465175, vstest.console.dll, AssemblyResolver.AddSearchDirectories: Adding more searchDirectories C:\Program Files\dotnet\sdk\8.0.204\Extensions,C:\Program Files\dotnet\sdk\8.0.204
TpTrace Information: 0 : 18484, 1, 2024/05/05, 16:37:42.370, 1853997465347, vstest.console.dll, AssemblyResolver.AddSearchDirectories: Adding more searchDirectories C:\Program Files\dotnet\sdk\8.0.204\Extensions,C:\Program Files\dotnet\sdk\8.0.204
TpTrace Information: 0 : 18484, 1, 2024/05/05, 16:37:42.370, 1853997465490, vstest.console.dll, AssemblyResolver.AddSearchDirectories: Adding more searchDirectories C:\Program Files\dotnet\sdk\8.0.204\Extensions,C:\Program Files\dotnet\sdk\8.0.204
TpTrace Information: 0 : 18484, 1, 2024/05/05, 16:37:42.370, 1853997465630, vstest.console.dll, AssemblyResolver.AddSearchDirectories: Adding more searchDirectories C:\Program Files\dotnet\sdk\8.0.204\Extensions,C:\Program Files\dotnet\sdk\8.0.204
TpTrace Information: 0 : 18484, 1, 2024/05/05, 16:37:42.370, 1853997465769, vstest.console.dll, AssemblyResolver.AddSearchDirectories: Adding more searchDirectories C:\Program Files\dotnet\sdk\8.0.204\Extensions,C:\Program Files\dotnet\sdk\8.0.204
TpTrace Information: 0 : 18484, 1, 2024/05/05, 16:37:42.370, 1853997465947, vstest.console.dll, AssemblyResolver.AddSearchDirectories: Adding more searchDirectories C:\Program Files\dotnet\sdk\8.0.204\Extensions,C:\Program Files\dotnet\sdk\8.0.204
TpTrace Verbose: 0 : 18484, 1, 2024/05/05, 16:37:42.370, 1853997466631, vstest.console.dll, MetadataReaderExtensionsHelper: Discovering extensions inside assembly 'Microsoft.Diagnostics.NETCore.Client, Version=0.2.9.2401, Culture=neutral, PublicKeyToken=31bf3856ad364e35' file path 'C:\Program Files\dotnet\sdk\8.0.204\Extensions\Microsoft.Diagnostics.NETCore.Client.dll'
TpTrace Information: 0 : 18484, 1, 2024/05/05, 16:37:42.371, 1853997477833, vstest.console.dll, AssemblyResolver.OnResolve: Microsoft.Bcl.AsyncInterfaces: Resolving assembly.
TpTrace Information: 0 : 18484, 1, 2024/05/05, 16:37:42.371, 1853997478220, vstest.console.dll, AssemblyResolver.OnResolve: Microsoft.Bcl.AsyncInterfaces: Resolved from cache.
TpTrace Verbose: 0 : 18484, 1, 2024/05/05, 16:37:42.371, 1853997478374, vstest.console.dll, CurrentDomainAssemblyResolve: Resolving assembly 'Microsoft.Bcl.AsyncInterfaces'.
TpTrace Information: 0 : 18484, 1, 2024/05/05, 16:37:42.371, 1853997478795, vstest.console.dll, AssemblyResolver.OnResolve: Microsoft.Bcl.AsyncInterfaces: Resolving assembly.
TpTrace Information: 0 : 18484, 1, 2024/05/05, 16:37:42.371, 1853997479828, vstest.console.dll, AssemblyResolver.OnResolve: Microsoft.Bcl.AsyncInterfaces: Resolved from cache.
TpTrace Verbose: 0 : 18484, 1, 2024/05/05, 16:37:42.371, 1853997480069, vstest.console.dll, CurrentDomainAssemblyResolve: Resolving assembly 'Microsoft.Bcl.AsyncInterfaces'.
TpTrace Verbose: 0 : 18484, 1, 2024/05/05, 16:37:42.371, 1853997480242, vstest.console.dll, CurrentDomainAssemblyResolve: Failed to resolve assembly 'Microsoft.Bcl.AsyncInterfaces'.
TpTrace Verbose: 0 : 18484, 1, 2024/05/05, 16:37:42.372, 1853997481498, vstest.console.dll, CurrentDomainAssemblyResolve: Failed to resolve assembly 'Microsoft.Bcl.AsyncInterfaces'.
TpTrace Warning: 0 : 18484, 1, 2024/05/05, 16:37:42.372, 1853997484486, vstest.console.dll, TestPluginDiscoverer: Failed to get types from assembly 'Microsoft.Diagnostics.NETCore.Client, Version=0.2.9.2401, Culture=neutral, PublicKeyToken=31bf3856ad364e35'. Error: System.Reflection.ReflectionTypeLoadException: Unable to load one or more of the requested types.
Could not load file or assembly 'Microsoft.Bcl.AsyncInterfaces, Version=6.0.0.0, Culture=neutral, PublicKeyToken=cc7b13ffcd2ddd51'. Не удается найти указанный файл.
   at System.Reflection.RuntimeModule.GetTypes(RuntimeModule module)
   at System.Reflection.RuntimeModule.GetTypes()
   at Microsoft.VisualStudio.TestPlatform.Common.ExtensionFramework.TestPluginDiscoverer.GetTestExtensionsFromAssembly[TPluginInfo,TExtension](Assembly assembly, Dictionary`2 pluginInfos, String filePath) in /_/src/Microsoft.TestPlatform.Common/ExtensionFramework/TestPluginDiscoverer.cs:line 158
System.IO.FileNotFoundException: Could not load file or assembly 'Microsoft.Bcl.AsyncInterfaces, Version=6.0.0.0, Culture=neutral, PublicKeyToken=cc7b13ffcd2ddd51'. Не удается найти указанный файл.
File name: 'Microsoft.Bcl.AsyncInterfaces, Version=6.0.0.0, Culture=neutral, PublicKeyToken=cc7b13ffcd2ddd51'
 ---> System.IO.FileNotFoundException: Could not load file or assembly 'Microsoft.Bcl.AsyncInterfaces, Culture=neutral, PublicKeyToken=null'. Не удается найти указанный файл.
File name: 'Microsoft.Bcl.AsyncInterfaces, Culture=neutral, PublicKeyToken=null'
   at System.Reflection.RuntimeAssembly.InternalLoad(AssemblyName assemblyName, StackCrawlMark& stackMark, AssemblyLoadContext assemblyLoadContext, RuntimeAssembly requestingAssembly, Boolean throwOnFileNotFound)
   at System.Reflection.Assembly.Load(AssemblyName assemblyRef)
   at Microsoft.VisualStudio.TestPlatform.Common.ExtensionFramework.TestPluginCache.CurrentDomainAssemblyResolve(Object sender, AssemblyResolveEventArgs args) in /_/src/Microsoft.TestPlatform.Common/ExtensionFramework/TestPluginCache.cs:line 513
   at System.Runtime.Loader.AssemblyLoadContext.GetFirstResolvedAssemblyFromResolvingEvent(AssemblyName assemblyName)
   at System.Runtime.Loader.AssemblyLoadContext.ResolveUsingEvent(AssemblyName assemblyName)
   at System.Runtime.Loader.AssemblyLoadContext.ResolveUsingResolvingEvent(IntPtr gchManagedAssemblyLoadContext, AssemblyName assemblyName)
TpTrace Warning: 0 : 18484, 1, 2024/05/05, 16:37:42.372, 1853997485639, vstest.console.dll, LoaderExceptions: System.IO.FileNotFoundException: Could not load file or assembly 'Microsoft.Bcl.AsyncInterfaces, Version=6.0.0.0, Culture=neutral, PublicKeyToken=cc7b13ffcd2ddd51'. Не удается найти указанный файл.
File name: 'Microsoft.Bcl.AsyncInterfaces, Version=6.0.0.0, Culture=neutral, PublicKeyToken=cc7b13ffcd2ddd51'
 ---> System.IO.FileNotFoundException: Could not load file or assembly 'Microsoft.Bcl.AsyncInterfaces, Culture=neutral, PublicKeyToken=null'. Не удается найти указанный файл.
File name: 'Microsoft.Bcl.AsyncInterfaces, Culture=neutral, PublicKeyToken=null'
   at System.Reflection.RuntimeAssembly.InternalLoad(AssemblyName assemblyName, StackCrawlMark& stackMark, AssemblyLoadContext assemblyLoadContext, RuntimeAssembly requestingAssembly, Boolean throwOnFileNotFound)
   at System.Reflection.Assembly.Load(AssemblyName assemblyRef)
   at Microsoft.VisualStudio.TestPlatform.Common.ExtensionFramework.TestPluginCache.CurrentDomainAssemblyResolve(Object sender, AssemblyResolveEventArgs args) in /_/src/Microsoft.TestPlatform.Common/ExtensionFramework/TestPluginCache.cs:line 513
   at System.Runtime.Loader.AssemblyLoadContext.GetFirstResolvedAssemblyFromResolvingEvent(AssemblyName assemblyName)
   at System.Runtime.Loader.AssemblyLoadContext.ResolveUsingEvent(AssemblyName assemblyName)
   at System.Runtime.Loader.AssemblyLoadContext.ResolveUsingResolvingEvent(IntPtr gchManagedAssemblyLoadContext, AssemblyName assemblyName)
TpTrace Verbose: 0 : 18484, 1, 2024/05/05, 16:37:42.372, 1853997486184, vstest.console.dll, MetadataReaderExtensionsHelper: Discovering extensions inside assembly 'Microsoft.TestPlatform.Extensions.BlameDataCollector, Version=15.0.0.0, Culture=neutral, PublicKeyToken=b03f5f7f11d50a3a' file path 'C:\Program Files\dotnet\sdk\8.0.204\Extensions\Microsoft.TestPlatform.Extensions.BlameDataCollector.dll'
TpTrace Information: 0 : 18484, 1, 2024/05/05, 16:37:42.373, 1853997492747, vstest.console.dll, GetTestExtensionFromType: Register extension with identifier data 'logger://Microsoft/TestPlatform/Extensions/Blame/v1' and type 'Microsoft.TestPlatform.Extensions.BlameDataCollector.BlameLogger, Microsoft.TestPlatform.Extensions.BlameDataCollector, Version=15.0.0.0, Culture=neutral, PublicKeyToken=b03f5f7f11d50a3a' inside file 'C:\Program Files\dotnet\sdk\8.0.204\Extensions\Microsoft.TestPlatform.Extensions.BlameDataCollector.dll'
TpTrace Verbose: 0 : 18484, 1, 2024/05/05, 16:37:42.373, 1853997493175, vstest.console.dll, MetadataReaderExtensionsHelper: Discovering extensions inside assembly 'Microsoft.TestPlatform.Extensions.EventLogCollector, Version=15.0.0.0, Culture=neutral, PublicKeyToken=b03f5f7f11d50a3a' file path 'C:\Program Files\dotnet\sdk\8.0.204\Extensions\Microsoft.TestPlatform.Extensions.EventLogCollector.dll'
TpTrace Verbose: 0 : 18484, 1, 2024/05/05, 16:37:42.373, 1853997496396, vstest.console.dll, MetadataReaderExtensionsHelper: Discovering extensions inside assembly 'Microsoft.TestPlatform.TestHostRuntimeProvider, Version=15.0.0.0, Culture=neutral, PublicKeyToken=b03f5f7f11d50a3a' file path 'C:\Program Files\dotnet\sdk\8.0.204\Extensions\Microsoft.TestPlatform.TestHostRuntimeProvider.dll'
TpTrace Verbose: 0 : 18484, 1, 2024/05/05, 16:37:42.374, 1853997501201, vstest.console.dll, MetadataReaderExtensionsHelper: Discovering extensions inside assembly 'Microsoft.VisualStudio.TestPlatform.Extensions.Html.TestLogger, Version=15.0.0.0, Culture=neutral, PublicKeyToken=b03f5f7f11d50a3a' file path 'C:\Program Files\dotnet\sdk\8.0.204\Extensions\Microsoft.VisualStudio.TestPlatform.Extensions.Html.TestLogger.dll'
TpTrace Information: 0 : 18484, 1, 2024/05/05, 16:37:42.374, 1853997507661, vstest.console.dll, GetTestExtensionFromType: Register extension with identifier data 'logger://Microsoft/TestPlatform/HtmlLogger/v1' and type 'Microsoft.VisualStudio.TestPlatform.Extensions.HtmlLogger.HtmlLogger, Microsoft.VisualStudio.TestPlatform.Extensions.Html.TestLogger, Version=15.0.0.0, Culture=neutral, PublicKeyToken=b03f5f7f11d50a3a' inside file 'C:\Program Files\dotnet\sdk\8.0.204\Extensions\Microsoft.VisualStudio.TestPlatform.Extensions.Html.TestLogger.dll'
TpTrace Verbose: 0 : 18484, 1, 2024/05/05, 16:37:42.374, 1853997508103, vstest.console.dll, MetadataReaderExtensionsHelper: Discovering extensions inside assembly 'Microsoft.VisualStudio.TestPlatform.Extensions.Trx.TestLogger, Version=15.0.0.0, Culture=neutral, PublicKeyToken=b03f5f7f11d50a3a' file path 'C:\Program Files\dotnet\sdk\8.0.204\Extensions\Microsoft.VisualStudio.TestPlatform.Extensions.Trx.TestLogger.dll'
TpTrace Information: 0 : 18484, 1, 2024/05/05, 16:37:42.375, 1853997513059, vstest.console.dll, GetTestExtensionFromType: Register extension with identifier data 'logger://Microsoft/TestPlatform/TrxLogger/v1' and type 'Microsoft.VisualStudio.TestPlatform.Extensions.TrxLogger.TrxLogger, Microsoft.VisualStudio.TestPlatform.Extensions.Trx.TestLogger, Version=15.0.0.0, Culture=neutral, PublicKeyToken=b03f5f7f11d50a3a' inside file 'C:\Program Files\dotnet\sdk\8.0.204\Extensions\Microsoft.VisualStudio.TestPlatform.Extensions.Trx.TestLogger.dll'
TpTrace Verbose: 0 : 18484, 1, 2024/05/05, 16:37:42.375, 1853997513589, vstest.console.dll, TestPluginCache: Discovered the extensions using extension path ''.
TpTrace Verbose: 0 : 18484, 1, 2024/05/05, 16:37:42.375, 1853997513772, vstest.console.dll, TestPluginCache: Discoverers are ''.
TpTrace Verbose: 0 : 18484, 1, 2024/05/05, 16:37:42.375, 1853997513896, vstest.console.dll, TestPluginCache: Executors are ''.
TpTrace Verbose: 0 : 18484, 1, 2024/05/05, 16:37:42.375, 1853997514068, vstest.console.dll, TestPluginCache: Executors2 are ''.
TpTrace Verbose: 0 : 18484, 1, 2024/05/05, 16:37:42.375, 1853997514201, vstest.console.dll, TestPluginCache: Setting providers are ''.
TpTrace Verbose: 0 : 18484, 1, 2024/05/05, 16:37:42.375, 1853997516733, vstest.console.dll, TestPluginCache: Loggers are 'logger://Microsoft/TestPlatform/Extensions/Blame/v1,logger://Microsoft/TestPlatform/HtmlLogger/v1,logger://Microsoft/TestPlatform/TrxLogger/v1'.
TpTrace Verbose: 0 : 18484, 1, 2024/05/05, 16:37:42.375, 1853997517275, vstest.console.dll, TestPluginCache: TestHosts are 'HostProvider://DefaultTestHost,HostProvider://DotnetTestHost'.
TpTrace Verbose: 0 : 18484, 1, 2024/05/05, 16:37:42.375, 1853997517477, vstest.console.dll, TestPluginCache: DataCollectors are ''.
TpTrace Information: 0 : 18484, 1, 2024/05/05, 16:37:42.376, 1853997523228, vstest.console.dll, TestPluginManager.CreateTestExtension: Attempting to load test extension: Microsoft.TestPlatform.Extensions.BlameDataCollector.BlameLogger
TpTrace Verbose: 0 : 18484, 1, 2024/05/05, 16:37:42.386, 1853997627425, vstest.console.dll, TestEngine: Initializing Parallel Execution as MaxCpuCount is set to: 1
TpTrace Information: 0 : 18484, 1, 2024/05/05, 16:37:42.387, 1853997640736, vstest.console.dll, TestPluginManager.CreateTestExtension: Attempting to load test extension: Microsoft.VisualStudio.TestPlatform.CrossPlatEngine.Hosting.DefaultTestHostManager
TpTrace Information: 0 : 18484, 1, 2024/05/05, 16:37:42.388, 1853997650456, vstest.console.dll, TestPluginManager.CreateTestExtension: Attempting to load test extension: Microsoft.VisualStudio.TestPlatform.CrossPlatEngine.Hosting.DotnetTestHostManager
TpTrace Information: 0 : 18484, 1, 2024/05/05, 16:37:42.389, 1853997654383, vstest.console.dll, InferRunSettingsHelper.IsTestSettingsEnabled: Unable to navigate to RunSettings/MSTest. Current node: RunSettings
TpTrace Verbose: 0 : 18484, 1, 2024/05/05, 16:37:42.389, 1853997660312, vstest.console.dll, ParallelOperationManager.ClearSlots: Clearing all slots. Slots should accept more work: True
TpTrace Verbose: 0 : 18484, 1, 2024/05/05, 16:37:42.390, 1853997665704, vstest.console.dll, ParallelOperationManager.SetOccupiedSlotCount: Setting slot counts AvailableSlotCount = 1, OccupiedSlotCount = 0.
TpTrace Verbose: 0 : 18484, 1, 2024/05/05, 16:37:42.390, 1853997667971, vstest.console.dll, Occupied slots:

TpTrace Verbose: 0 : 18484, 1, 2024/05/05, 16:37:42.392, 1853997689672, vstest.console.dll, TestEngine.GetExecutionManager: Chosen execution manager 'Microsoft.VisualStudio.TestPlatform.CrossPlatEngine.Client.Parallel.ParallelProxyExecutionManager, Microsoft.TestPlatform.CrossPlatEngine, Version=15.0.0.0, Culture=neutral, PublicKeyToken=b03f5f7f11d50a3a' ParallelLevel '1'.
TpTrace Verbose: 0 : 18484, 1, 2024/05/05, 16:37:42.392, 1853997690364, vstest.console.dll, TestRunRequest.ExecuteAsync: Creating test run request.
TpTrace Verbose: 0 : 18484, 1, 2024/05/05, 16:37:42.393, 1853997691655, vstest.console.dll, TestRunRequest.ExecuteAsync: Starting.
TpTrace Information: 0 : 18484, 1, 2024/05/05, 16:37:42.393, 1853997698605, vstest.console.dll, TestRunRequest.ExecuteAsync: Starting run with settings:TestRunCriteria:
   KeepAlive=False,FrequencyOfRunStatsChangeEvent=10,RunStatsChangeEventTimeout=00:00:01.5000000,TestCaseFilter=,TestExecutorLauncher=
   Settingsxml=<RunSettings>
  <RunConfiguration>
    <ResultsDirectory>D:\БРУ\3 КУРС\6 Семестр\ОС\лр11\OS_20\TaskPriorityCalculator\NunitTesting\bin\Debug\net6.0\fine-code-coverage\coverage-tool-output</ResultsDirectory>
    <TargetPlatform>X64</TargetPlatform>
    <TargetFrameworkVersion>.NETCoreApp,Version=v6.0</TargetFrameworkVersion>
    <DesignMode>False</DesignMode>
    <CollectSourceInformation>False</CollectSourceInformation>
  </RunConfiguration>
  <LoggerRunSettings>
    <Loggers>
      <Logger friendlyName="blame" enabled="True" />
      <Logger friendlyName="Console" uri="logger://microsoft/TestPlatform/ConsoleLogger/v1" assemblyQualifiedName="Microsoft.VisualStudio.TestPlatform.CommandLine.Internal.ConsoleLogger, vstest.console, Version=15.0.0.0, Culture=neutral, PublicKeyToken=b03f5f7f11d50a3a" codeBase="C:\Program Files\dotnet\sdk\8.0.204\vstest.console.dll" enabled="True" />
    </Loggers>
  </LoggerRunSettings>
  <DataCollectionRunSettings>
    <DataCollectors>
      <DataCollector friendlyName="blame" enabled="True">
        <Configuration>
          <ResultsDirectory>D:\БРУ\3 КУРС\6 Семестр\ОС\лр11\OS_20\TaskPriorityCalculator\NunitTesting\bin\Debug\net6.0\fine-code-coverage\coverage-tool-output</ResultsDirectory>
        </Configuration>
      </DataCollector>
    </DataCollectors>
  </DataCollectionRunSettings>
</RunSettings>

TpTrace Verbose: 0 : 18484, 1, 2024/05/05, 16:37:42.393, 1853997698955, vstest.console.dll, TestRunRequest.ExecuteAsync: Wait for the first run request is over.
TpTrace Verbose: 0 : 18484, 1, 2024/05/05, 16:37:42.393, 1853997700582, vstest.console.dll, MulticastDelegateUtilities.SafeInvoke: TestRun.TestRunStart: Invoking callbacks was skipped because there are no subscribers.
TpTrace Verbose: 0 : 18484, 4, 2024/05/05, 16:37:42.394, 1853997703273, vstest.console.dll, MulticastDelegateUtilities.SafeInvoke: InternalTestLoggerEvents.SendTestRunStart: Invoking callback 1/1 for Microsoft.VisualStudio.TestPlatform.CommandLine.Internal.ConsoleLogger., took 0 ms.
TpTrace Verbose: 0 : 18484, 1, 2024/05/05, 16:37:42.394, 1853997708842, vstest.console.dll, ParallelProxyExecutionManager: Start execution. Total sources: 1
TpTrace Verbose: 0 : 18484, 1, 2024/05/05, 16:37:42.395, 1853997711408, vstest.console.dll, ParallelOperationManager.StartWork: Starting adding 1 workloads.
TpTrace Verbose: 0 : 18484, 1, 2024/05/05, 16:37:42.395, 1853997711744, vstest.console.dll, ParallelOperationManager.ClearSlots: Clearing all slots. Slots should accept more work: True
TpTrace Verbose: 0 : 18484, 1, 2024/05/05, 16:37:42.395, 1853997712091, vstest.console.dll, ParallelOperationManager.SetOccupiedSlotCount: Setting slot counts AvailableSlotCount = 1, OccupiedSlotCount = 0.
TpTrace Verbose: 0 : 18484, 1, 2024/05/05, 16:37:42.395, 1853997712287, vstest.console.dll, Occupied slots:

TpTrace Verbose: 0 : 18484, 1, 2024/05/05, 16:37:42.395, 1853997720440, vstest.console.dll, TestRequestSender is acting as server.
TpTrace Verbose: 0 : 18484, 1, 2024/05/05, 16:37:42.397, 1853997731718, vstest.console.dll, ParallelOperationManager.RunWorkInParallel: Adding 1 workload to slot, remaining workloads 0.
TpTrace Verbose: 0 : 18484, 1, 2024/05/05, 16:37:42.397, 1853997732086, vstest.console.dll, ParallelOperationManager.SetOccupiedSlotCount: Setting slot counts AvailableSlotCount = 0, OccupiedSlotCount = 1.
TpTrace Verbose: 0 : 18484, 1, 2024/05/05, 16:37:42.397, 1853997732698, vstest.console.dll, Occupied slots:
0: D:\БРУ\3 КУРС\6 Семестр\ОС\лр11\OS_20\TaskPriorityCalculator\NunitTesting\bin\Debug\net6.0\fine-code-coverage\build-output\NunitTesting.dll
TpTrace Verbose: 0 : 18484, 1, 2024/05/05, 16:37:42.398, 1853997741255, vstest.console.dll, ParallelOperationManager.RunWorkInParallel: Started host in slot number 0 for work (source): D:\БРУ\3 КУРС\6 Семестр\ОС\лр11\OS_20\TaskPriorityCalculator\NunitTesting\bin\Debug\net6.0\fine-code-coverage\build-output\NunitTesting.dll.
TpTrace Verbose: 0 : 18484, 1, 2024/05/05, 16:37:42.398, 1853997750509, vstest.console.dll, ParallelOperationManager.RunWorkInParallel: We started 1 work items, which is the max parallel level. Won't start more work.
TpTrace Verbose: 0 : 18484, 1, 2024/05/05, 16:37:42.398, 1853997750844, vstest.console.dll, ParallelOperationManager.RunWorkInParallel: We started 1 work items in here, returning True.
TpTrace Information: 0 : 18484, 1, 2024/05/05, 16:37:42.399, 1853997751087, vstest.console.dll, TestRunRequest.ExecuteAsync: Started.
TpTrace Verbose: 0 : 18484, 5, 2024/05/05, 16:37:42.399, 1853997751165, vstest.console.dll, ParallelProxyExecutionManager.StartTestRunOnConcurrentManager: Initializing uninitialized client. Started clients: 0
TpTrace Verbose: 0 : 18484, 5, 2024/05/05, 16:37:42.399, 1853997752234, vstest.console.dll, DataCollectionRequestSender.InitializeCommunication : Initialize communication. 
TpTrace Verbose: 0 : 18484, 1, 2024/05/05, 16:37:42.399, 1853997754649, vstest.console.dll, TestRunRequest.WaitForCompletion: Waiting with timeout -1.
TpTrace Information: 0 : 18484, 5, 2024/05/05, 16:37:42.404, 1853997804027, vstest.console.dll, Listening on Endpoint : 127.0.0.1:53468
TpTrace Verbose: 0 : 18484, 5, 2024/05/05, 16:37:42.409, 1853997852052, vstest.console.dll, DotnetDataCollectionLauncher: Adding  --runtimeconfig "C:\Program Files\dotnet\sdk\8.0.204\datacollector.runtimeconfig.json" in args
TpTrace Verbose: 0 : 18484, 5, 2024/05/05, 16:37:42.409, 1853997854823, vstest.console.dll, DotnetDataCollectionLauncher: Adding  --depsfile "C:\Program Files\dotnet\sdk\8.0.204\datacollector.deps.json" in args
TpTrace Verbose: 0 : 18484, 5, 2024/05/05, 16:37:42.409, 1853997855867, vstest.console.dll, DotnetDataCollectionLauncher: Full path of dotnet.exe is C:\Program Files\dotnet\dotnet.exe
TpTrace Information: 0 : 18484, 5, 2024/05/05, 16:37:42.415, 1853997913218, vstest.console.dll, ProxyDataCollectionManager.Initialize: Launched datacollector processId: 17604 port: 53468
TpTrace Information: 0 : 18484, 5, 2024/05/05, 16:37:42.415, 1853997914607, vstest.console.dll, ProxyDataCollectionManager.Initialize: waiting for connection with timeout: 90 seconds
TpTrace Verbose: 0 : 18484, 5, 2024/05/05, 16:37:42.415, 1853997915062, vstest.console.dll, DataCollectionRequestSender.WaitForRequestHandlerConnection : Waiting for connection with timeout: 90000
TpTrace Information: 0 : 18484, 7, 2024/05/05, 16:37:42.529, 1853999052613, vstest.console.dll, Using the buffer size of 16384 bytes
TpTrace Verbose: 0 : 18484, 5, 2024/05/05, 16:37:42.529, 1853999052780, vstest.console.dll, SocketCommunicationManager.WaitForClientConnection took: 113 ms, with 90000 ms timeout, and finished with True.
TpTrace Information: 0 : 18484, 7, 2024/05/05, 16:37:42.529, 1853999053853, vstest.console.dll, Accepted Client request and set the flag
TpTrace Verbose: 0 : 18484, 5, 2024/05/05, 16:37:42.529, 1853999055170, vstest.console.dll, ProxyDataCollectionManager.InvokeDataCollectionServiceAction: Starting.
TpTrace Information: 0 : 18484, 5, 2024/05/05, 16:37:42.529, 1853999055912, vstest.console.dll, ProxyDataCollectionManager.BeforeTestRunStart: Get environment variable and port for datacollector processId: 17604 port: 53468
TpTrace Verbose: 0 : 18484, 5, 2024/05/05, 16:37:42.529, 1853999057149, vstest.console.dll, DataCollectionRequestSender.SendBeforeTestRunStartAndGetResult: Send BeforeTestRunStart message with settingsXml <RunSettings><RunConfiguration><ResultsDirectory>D:\БРУ\3 КУРС\6 Семестр\ОС\лр11\OS_20\TaskPriorityCalculator\NunitTesting\bin\Debug\net6.0\fine-code-coverage\coverage-tool-output</ResultsDirectory><TargetPlatform>X64</TargetPlatform><TargetFrameworkVersion>.NETCoreApp,Version=v6.0</TargetFrameworkVersion><DesignMode>False</DesignMode><CollectSourceInformation>False</CollectSourceInformation><TestAdaptersPaths>C:\Program Files\dotnet\sdk\8.0.204\Extensions</TestAdaptersPaths></RunConfiguration><LoggerRunSettings><Loggers><Logger friendlyName="blame" enabled="True" /><Logger friendlyName="Console" uri="logger://microsoft/TestPlatform/ConsoleLogger/v1" assemblyQualifiedName="Microsoft.VisualStudio.TestPlatform.CommandLine.Internal.ConsoleLogger, vstest.console, Version=15.0.0.0, Culture=neutral, PublicKeyToken=b03f5f7f11d50a3a" codeBase="C:\Program Files\dotnet\sdk\8.0.204\vstest.console.dll" enabled="True" /></Loggers></LoggerRunSettings><DataCollectionRunSettings><DataCollectors><DataCollector friendlyName="blame" enabled="True"><Configuration><ResultsDirectory>D:\БРУ\3 КУРС\6 Семестр\ОС\лр11\OS_20\TaskPriorityCalculator\NunitTesting\bin\Debug\net6.0\fine-code-coverage\coverage-tool-output</ResultsDirectory></Configuration></DataCollector></DataCollectors></DataCollectionRunSettings></RunSettings> and sources System.Collections.Generic.List`1[System.String]: 
TpTrace Verbose: 0 : 18484, 5, 2024/05/05, 16:37:42.585, 1853999618638, vstest.console.dll, DataCollectionRequestSender.SendBeforeTestRunStartAndGetResult: Received message: (DataCollection.SendMessage) -> {"MessageType":"DataCollection.SendMessage","Payload":{"FriendlyName":null,"Uri":null,"TestCaseId":"00000000-0000-0000-0000-000000000000","Message":"Logging DataCollector Diagnostics in file: D:\\БРУ\\3 КУРС\\6 Семестр\\ОС\\лр11\\OS_20\\TaskPriorityCalculator\\NunitTesting\\bin\\Debug\\net6.0\\fine-code-coverage\\coverage-tool-output\\diagnostics.datacollector.24-05-05_16-37-42_40870_5.log","Level":0}}
TpTrace Verbose: 0 : 18484, 5, 2024/05/05, 16:37:42.653, 1854000294222, vstest.console.dll, DataCollectionRequestSender.SendBeforeTestRunStartAndGetResult: Received message: (DataCollection.BeforeTestRunStartResult) -> {"MessageType":"DataCollection.BeforeTestRunStartResult","Payload":{"EnvironmentVariables":{},"DataCollectionEventsPort":53470}}
TpTrace Information: 0 : 18484, 5, 2024/05/05, 16:37:42.659, 1854000356698, vstest.console.dll, ProxyDataCollectionManager.BeforeTestRunStart: SendBeforeTestRunStartAndGetResult successful, env variable from datacollector:   and testhost port: 53470
TpTrace Information: 0 : 18484, 5, 2024/05/05, 16:37:42.659, 1854000358070, vstest.console.dll, ProxyDataCollectionManager.InvokeDataCollectionServiceAction: Completed.
TpTrace Verbose: 0 : 18484, 5, 2024/05/05, 16:37:42.659, 1854000358457, vstest.console.dll, ParallelProxyExecutionManager.StartTestRunOnConcurrentManager: Initializing test run. Started clients: 0
TpTrace Verbose: 0 : 18484, 5, 2024/05/05, 16:37:42.659, 1854000359328, vstest.console.dll, ProxyExecutionManager: Test host is always Lazy initialize.
TpTrace Verbose: 0 : 18484, 5, 2024/05/05, 16:37:42.660, 1854000361599, vstest.console.dll, TestRequestSender.InitializeCommunication: initialize communication. 
TpTrace Information: 0 : 18484, 5, 2024/05/05, 16:37:42.660, 1854000368547, vstest.console.dll, SocketServer.Start: Listening on endpoint : 127.0.0.1:53471
TpTrace Verbose: 0 : 18484, 5, 2024/05/05, 16:37:42.661, 1854000374547, vstest.console.dll, DotnetTestHostmanager.GetTestHostProcessStartInfo: Platform environment 'X64' target architecture 'X64' framework '.NETCoreApp,Version=v6.0' OS 'Windows'
TpTrace Verbose: 0 : 18484, 5, 2024/05/05, 16:37:42.661, 1854000375767, vstest.console.dll, DotnetTestHostmanager: Adding  --runtimeconfig "D:\БРУ\3 КУРС\6 Семестр\ОС\лр11\OS_20\TaskPriorityCalculator\NunitTesting\bin\Debug\net6.0\fine-code-coverage\build-output\NunitTesting.runtimeconfig.json" in args
TpTrace Verbose: 0 : 18484, 5, 2024/05/05, 16:37:42.661, 1854000376077, vstest.console.dll, DotnetTestHostmanager: Adding  --depsfile "D:\БРУ\3 КУРС\6 Семестр\ОС\лр11\OS_20\TaskPriorityCalculator\NunitTesting\bin\Debug\net6.0\fine-code-coverage\build-output\NunitTesting.deps.json" in args
TpTrace Verbose: 0 : 18484, 5, 2024/05/05, 16:37:42.661, 1854000377019, vstest.console.dll, DotnetTestHostmanager.IsWinOnArm: Current PROCESSOR_ARCHITECTURE from environment variable 'AMD64'
TpTrace Verbose: 0 : 18484, 5, 2024/05/05, 16:37:42.661, 1854000377291, vstest.console.dll, DotnetTestHostmanager.IsWinOnArm: Is Windows on ARM 'False'
TpTrace Verbose: 0 : 18484, 5, 2024/05/05, 16:37:42.661, 1854000377515, vstest.console.dll, DotnetTestHostManager: testhost.exe found at path: D:\БРУ\3 КУРС\6 Семестр\ОС\лр11\OS_20\TaskPriorityCalculator\NunitTesting\bin\Debug\net6.0\fine-code-coverage\build-output\testhost.exe
TpTrace Verbose: 0 : 18484, 5, 2024/05/05, 16:37:42.661, 1854000377752, vstest.console.dll, DotnetTestHostmanager: Full path of host exe is D:\БРУ\3 КУРС\6 Семестр\ОС\лр11\OS_20\TaskPriorityCalculator\NunitTesting\bin\Debug\net6.0\fine-code-coverage\build-output\testhost.exe
TpTrace Verbose: 0 : 18484, 5, 2024/05/05, 16:37:42.661, 1854000378812, vstest.console.dll, DotnetTestHostmanager.LaunchTestHostAsync: Found 'VSTEST_WINAPPHOST_DOTNET_ROOT' in env variables, value 'C:\Program Files\dotnet', forwarding to 'DOTNET_ROOT'
TpTrace Verbose: 0 : 18484, 5, 2024/05/05, 16:37:42.661, 1854000380145, vstest.console.dll, DotnetTestHostManager: Starting process 'D:\БРУ\3 КУРС\6 Семестр\ОС\лр11\OS_20\TaskPriorityCalculator\NunitTesting\bin\Debug\net6.0\fine-code-coverage\build-output\testhost.exe' with command line ' --runtimeconfig "D:\БРУ\3 КУРС\6 Семестр\ОС\лр11\OS_20\TaskPriorityCalculator\NunitTesting\bin\Debug\net6.0\fine-code-coverage\build-output\NunitTesting.runtimeconfig.json" --depsfile "D:\БРУ\3 КУРС\6 Семестр\ОС\лр11\OS_20\TaskPriorityCalculator\NunitTesting\bin\Debug\net6.0\fine-code-coverage\build-output\NunitTesting.deps.json" --port 53471 --endpoint 127.0.0.1:053471 --role client --parentprocessid 18484 --diag "D:\БРУ\3 КУРС\6 Семестр\ОС\лр11\OS_20\TaskPriorityCalculator\NunitTesting\bin\Debug\net6.0\fine-code-coverage\coverage-tool-output\diagnostics.host.24-05-05_16-37-42_66107_5.log" --tracelevel 4 --datacollectionport 53470 --telemetryoptedin false'
TpTrace Verbose: 0 : 18484, 5, 2024/05/05, 16:37:42.698, 1854000742211, vstest.console.dll, MulticastDelegateUtilities.SafeInvoke: HostProviderEvents.OnHostLaunched: Invoking callback 1/2 for Microsoft.VisualStudio.TestPlatform.CrossPlatEngine.Client.ProxyExecutionManagerWithDataCollection., took 1 ms.
TpTrace Verbose: 0 : 18484, 5, 2024/05/05, 16:37:42.698, 1854000745280, vstest.console.dll, Test Runtime launched
TpTrace Verbose: 0 : 18484, 5, 2024/05/05, 16:37:42.698, 1854000746105, vstest.console.dll, MulticastDelegateUtilities.SafeInvoke: HostProviderEvents.OnHostLaunched: Invoking callback 2/2 for Microsoft.VisualStudio.TestPlatform.CrossPlatEngine.Client.ProxyOperationManager., took 0 ms.
TpTrace Verbose: 0 : 18484, 5, 2024/05/05, 16:37:42.698, 1854000749990, vstest.console.dll, TestRequestSender.WaitForRequestHandlerConnection: waiting for connection with timeout: 90000.
TpTrace Verbose: 0 : 18484, 5, 2024/05/05, 16:37:42.837, 1854002135486, vstest.console.dll, TestRequestSender.WaitForRequestHandlerConnection: waiting took 138 ms, with timeout 90000 ms, and result 0, which is success.
TpTrace Verbose: 0 : 18484, 11, 2024/05/05, 16:37:42.837, 1854002135485, vstest.console.dll, MulticastDelegateUtilities.SafeInvoke: SocketServer: ClientConnected: Invoking callback 1/1 for Microsoft.VisualStudio.TestPlatform.CommunicationUtilities.TestRequestSender., took 0 ms.
TpTrace Verbose: 0 : 18484, 11, 2024/05/05, 16:37:42.837, 1854002137898, vstest.console.dll, SocketServer.OnClientConnected: Client connected for endPoint: 127.0.0.1:53471, starting MessageLoopAsync:
TpTrace Verbose: 0 : 18484, 13, 2024/05/05, 16:37:42.838, 1854002142048, vstest.console.dll, TcpClientExtensions.MessageLoopAsync: Polling on remoteEndPoint: 127.0.0.1:53472 localEndPoint: 127.0.0.1:53471 after 0 ms
TpTrace Verbose: 0 : 18484, 5, 2024/05/05, 16:37:42.838, 1854002145601, vstest.console.dll, TestRequestSender.CheckVersionWithTestHost: Sending check version message: {"MessageType":"ProtocolVersion","Payload":7}
TpTrace Verbose: 0 : 18484, 13, 2024/05/05, 16:37:42.950, 1854003266195, vstest.console.dll, TcpClientExtensions.MessageLoopAsync: NotifyDataAvailable remoteEndPoint: 127.0.0.1:53472 localEndPoint: 127.0.0.1:53471
TpTrace Verbose: 0 : 18484, 13, 2024/05/05, 16:37:42.950, 1854003268454, vstest.console.dll, TestRequestSender.CheckVersionWithTestHost: onMessageReceived received message: (ProtocolVersion) -> {"MessageType":"ProtocolVersion","Payload":7}
TpTrace Verbose: 0 : 18484, 13, 2024/05/05, 16:37:42.951, 1854003276551, vstest.console.dll, MulticastDelegateUtilities.SafeInvoke: LengthPrefixCommunicationChannel: MessageReceived: Invoking callback 1/1 for Microsoft.VisualStudio.TestPlatform.CommunicationUtilities.TestRequestSender+<>c__DisplayClass29_0., took 0 ms.
TpTrace Verbose: 0 : 18484, 5, 2024/05/05, 16:37:42.951, 1854003277281, vstest.console.dll, TestPluginCache.GetExtensionPaths: Filtered extension paths: 
TpTrace Verbose: 0 : 18484, 5, 2024/05/05, 16:37:42.951, 1854003278200, vstest.console.dll, TestPluginCache.GetExtensionPaths: Added default extension paths: C:\Program Files\dotnet\sdk\8.0.204\Extensions\Microsoft.Diagnostics.NETCore.Client.dll
C:\Program Files\dotnet\sdk\8.0.204\Extensions\Microsoft.TestPlatform.Extensions.BlameDataCollector.dll
C:\Program Files\dotnet\sdk\8.0.204\Extensions\Microsoft.TestPlatform.Extensions.EventLogCollector.dll
C:\Program Files\dotnet\sdk\8.0.204\Extensions\Microsoft.TestPlatform.TestHostRuntimeProvider.dll
C:\Program Files\dotnet\sdk\8.0.204\Extensions\Microsoft.VisualStudio.TestPlatform.Extensions.Html.TestLogger.dll
C:\Program Files\dotnet\sdk\8.0.204\Extensions\Microsoft.VisualStudio.TestPlatform.Extensions.Trx.TestLogger.dll
TpTrace Verbose: 0 : 18484, 13, 2024/05/05, 16:37:42.951, 1854003277400, vstest.console.dll, TcpClientExtensions.MessageLoopAsync: Polling on remoteEndPoint: 127.0.0.1:53472 localEndPoint: 127.0.0.1:53471 after 113 ms
TpTrace Verbose: 0 : 18484, 5, 2024/05/05, 16:37:42.951, 1854003278626, vstest.console.dll, TestPluginCache.GetExtensionPaths: Added unfilterableExtensionPaths: 
TpTrace Verbose: 0 : 18484, 5, 2024/05/05, 16:37:42.953, 1854003296660, vstest.console.dll, TestRequestSender.InitializeExecution: Sending initialize execution with message: {"Version":7,"MessageType":"TestExecution.Initialize","Payload":["D:\\БРУ\\3 КУРС\\6 Семестр\\ОС\\лр11\\OS_20\\TaskPriorityCalculator\\NunitTesting\\bin\\Debug\\net6.0\\fine-code-coverage\\build-output\\NUnit3.TestAdapter.dll"]}
TpTrace Verbose: 0 : 18484, 5, 2024/05/05, 16:37:42.953, 1854003297922, vstest.console.dll, ParallelProxyExecutionManager.StartTestRunOnConcurrentManager: Execution starting. Started clients: 1
TpTrace Verbose: 0 : 18484, 5, 2024/05/05, 16:37:42.953, 1854003299725, vstest.console.dll, TestRunRequest:SendTestRunMessage: Starting.
TpTrace Verbose: 0 : 18484, 5, 2024/05/05, 16:37:42.953, 1854003300698, vstest.console.dll, MulticastDelegateUtilities.SafeInvoke: TestRun.LogMessages: Invoking callback 1/1 for Microsoft.VisualStudio.TestPlatform.CommandLine.TestRunResultAggregator., took 0 ms.
TpTrace Information: 0 : 18484, 5, 2024/05/05, 16:37:42.953, 1854003300884, vstest.console.dll, TestRunRequest:SendTestRunMessage: Completed.
TpTrace Verbose: 0 : 18484, 4, 2024/05/05, 16:37:42.954, 1854003302445, vstest.console.dll, MulticastDelegateUtilities.SafeInvoke: InternalTestLoggerEvents.SendTestRunMessage: Invoking callback 1/1 for Microsoft.VisualStudio.TestPlatform.CommandLine.Internal.ConsoleLogger., took 0 ms.
TpTrace Warning: 0 : 18484, 5, 2024/05/05, 16:37:42.954, 1854003303327, vstest.console.dll, InferRunSettingsHelper.MakeRunsettingsCompatible: Removing the following settings: TargetPlatform from RunSettings file. To use those settings please move to latest version of Microsoft.NET.Test.Sdk
TpTrace Verbose: 0 : 18484, 5, 2024/05/05, 16:37:42.957, 1854003340598, vstest.console.dll, TestRequestSender.StartTestRun: Sending test run with message: {"Version":7,"MessageType":"TestExecution.StartWithSources","Payload":{"AdapterSourceMap":{"_none_":["D:\\БРУ\\3 КУРС\\6 Семестр\\ОС\\лр11\\OS_20\\TaskPriorityCalculator\\NunitTesting\\bin\\Debug\\net6.0\\fine-code-coverage\\build-output\\NunitTesting.dll"]},"RunSettings":"<RunSettings>\r\n  <RunConfiguration>\r\n    <ResultsDirectory>D:\\БРУ\\3 КУРС\\6 Семестр\\ОС\\лр11\\OS_20\\TaskPriorityCalculator\\NunitTesting\\bin\\Debug\\net6.0\\fine-code-coverage\\coverage-tool-output</ResultsDirectory>\r\n    <TargetFrameworkVersion>.NETCoreApp,Version=v6.0</TargetFrameworkVersion>\r\n    <DesignMode>False</DesignMode>\r\n    <CollectSourceInformation>False</CollectSourceInformation>\r\n  </RunConfiguration>\r\n  <LoggerRunSettings>\r\n    <Loggers>\r\n      <Logger friendlyName=\"blame\" enabled=\"True\" />\r\n      <Logger friendlyName=\"Console\" uri=\"logger://microsoft/TestPlatform/ConsoleLogger/v1\" assemblyQualifiedName=\"Microsoft.VisualStudio.TestPlatform.CommandLine.Internal.ConsoleLogger, vstest.console, Version=15.0.0.0, Culture=neutral, PublicKeyToken=b03f5f7f11d50a3a\" codeBase=\"C:\\Program Files\\dotnet\\sdk\\8.0.204\\vstest.console.dll\" enabled=\"True\" />\r\n    </Loggers>\r\n  </LoggerRunSettings>\r\n  <DataCollectionRunSettings>\r\n    <DataCollectors>\r\n      <DataCollector friendlyName=\"blame\" enabled=\"True\">\r\n        <Configuration>\r\n          <ResultsDirectory>D:\\БРУ\\3 КУРС\\6 Семестр\\ОС\\лр11\\OS_20\\TaskPriorityCalculator\\NunitTesting\\bin\\Debug\\net6.0\\fine-code-coverage\\coverage-tool-output</ResultsDirectory>\r\n        </Configuration>\r\n      </DataCollector>\r\n    </DataCollectors>\r\n  </DataCollectionRunSettings>\r\n</RunSettings>","TestExecutionContext":{"FrequencyOfRunStatsChangeEvent":10,"RunStatsChangeEventTimeout":"00:00:01.5000000","InIsolation":false,"KeepAlive":false,"AreTestCaseLevelEventsRequired":false,"IsDebug":false,"TestCaseFilter":null,"FilterOptions":null},"Package":null}}
TpTrace Verbose: 0 : 18484, 5, 2024/05/05, 16:37:42.958, 1854003341833, vstest.console.dll, ParallelProxyExecutionManager.StartTestRunOnConcurrentManager: Execution started. Started clients: 1
TpTrace Verbose: 0 : 18484, 13, 2024/05/05, 16:37:42.985, 1854003611175, vstest.console.dll, TcpClientExtensions.MessageLoopAsync: NotifyDataAvailable remoteEndPoint: 127.0.0.1:53472 localEndPoint: 127.0.0.1:53471
TpTrace Verbose: 0 : 18484, 13, 2024/05/05, 16:37:42.985, 1854003615731, vstest.console.dll, TestRequestSender.OnExecutionMessageReceived: Received message: {"Version":7,"MessageType":"TestSession.Message","Payload":{"MessageLevel":0,"Message":"Ведение журналов диагностики TestHost в файле: D:\\БРУ\\3 КУРС\\6 Семестр\\ОС\\лр11\\OS_20\\TaskPriorityCalculator\\NunitTesting\\bin\\Debug\\net6.0\\fine-code-coverage\\coverage-tool-output\\diagnostics.host.24-05-05_16-37-42_66107_5.log"}}
TpTrace Verbose: 0 : 18484, 13, 2024/05/05, 16:37:42.988, 1854003641888, vstest.console.dll, TestRunRequest:SendTestRunMessage: Starting.
TpTrace Verbose: 0 : 18484, 13, 2024/05/05, 16:37:42.988, 1854003642860, vstest.console.dll, MulticastDelegateUtilities.SafeInvoke: TestRun.LogMessages: Invoking callback 1/1 for Microsoft.VisualStudio.TestPlatform.CommandLine.TestRunResultAggregator., took 0 ms.
TpTrace Information: 0 : 18484, 13, 2024/05/05, 16:37:42.988, 1854003643032, vstest.console.dll, TestRunRequest:SendTestRunMessage: Completed.
TpTrace Verbose: 0 : 18484, 4, 2024/05/05, 16:37:42.988, 1854003643147, vstest.console.dll, MulticastDelegateUtilities.SafeInvoke: InternalTestLoggerEvents.SendTestRunMessage: Invoking callback 1/1 for Microsoft.VisualStudio.TestPlatform.CommandLine.Internal.ConsoleLogger., took 0 ms.
TpTrace Verbose: 0 : 18484, 13, 2024/05/05, 16:37:42.988, 1854003643480, vstest.console.dll, MulticastDelegateUtilities.SafeInvoke: LengthPrefixCommunicationChannel: MessageReceived: Invoking callback 1/1 for Microsoft.VisualStudio.TestPlatform.CommunicationUtilities.TestRequestSender+<>c__DisplayClass34_0., took 3 ms.
TpTrace Verbose: 0 : 18484, 13, 2024/05/05, 16:37:42.988, 1854003643848, vstest.console.dll, TcpClientExtensions.MessageLoopAsync: Polling on remoteEndPoint: 127.0.0.1:53472 localEndPoint: 127.0.0.1:53471 after 36 ms
TpTrace Verbose: 0 : 18484, 13, 2024/05/05, 16:37:43.217, 1854005939308, vstest.console.dll, TcpClientExtensions.MessageLoopAsync: NotifyDataAvailable remoteEndPoint: 127.0.0.1:53472 localEndPoint: 127.0.0.1:53471
TpTrace Verbose: 0 : 18484, 13, 2024/05/05, 16:37:43.218, 1854005941348, vstest.console.dll, TestRequestSender.OnExecutionMessageReceived: Received message: {"Version":7,"MessageType":"TestSession.Message","Payload":{"MessageLevel":0,"Message":"NUnit Adapter 4.4.0.0: Test execution started"}}
TpTrace Verbose: 0 : 18484, 13, 2024/05/05, 16:37:43.218, 1854005943650, vstest.console.dll, TestRunRequest:SendTestRunMessage: Starting.
TpTrace Verbose: 0 : 18484, 13, 2024/05/05, 16:37:43.218, 1854005944434, vstest.console.dll, MulticastDelegateUtilities.SafeInvoke: TestRun.LogMessages: Invoking callback 1/1 for Microsoft.VisualStudio.TestPlatform.CommandLine.TestRunResultAggregator., took 0 ms.
TpTrace Information: 0 : 18484, 13, 2024/05/05, 16:37:43.218, 1854005944813, vstest.console.dll, TestRunRequest:SendTestRunMessage: Completed.
TpTrace Verbose: 0 : 18484, 4, 2024/05/05, 16:37:43.218, 1854005944767, vstest.console.dll, MulticastDelegateUtilities.SafeInvoke: InternalTestLoggerEvents.SendTestRunMessage: Invoking callback 1/1 for Microsoft.VisualStudio.TestPlatform.CommandLine.Internal.ConsoleLogger., took 0 ms.
TpTrace Verbose: 0 : 18484, 13, 2024/05/05, 16:37:43.218, 1854005945218, vstest.console.dll, MulticastDelegateUtilities.SafeInvoke: LengthPrefixCommunicationChannel: MessageReceived: Invoking callback 1/1 for Microsoft.VisualStudio.TestPlatform.CommunicationUtilities.TestRequestSender+<>c__DisplayClass34_0., took 0 ms.
TpTrace Verbose: 0 : 18484, 13, 2024/05/05, 16:37:43.218, 1854005946120, vstest.console.dll, TcpClientExtensions.MessageLoopAsync: Polling on remoteEndPoint: 127.0.0.1:53472 localEndPoint: 127.0.0.1:53471 after 230 ms
TpTrace Verbose: 0 : 18484, 13, 2024/05/05, 16:37:43.241, 1854006174809, vstest.console.dll, TcpClientExtensions.MessageLoopAsync: NotifyDataAvailable remoteEndPoint: 127.0.0.1:53472 localEndPoint: 127.0.0.1:53471
TpTrace Verbose: 0 : 18484, 13, 2024/05/05, 16:37:43.241, 1854006176659, vstest.console.dll, TestRequestSender.OnExecutionMessageReceived: Received message: {"Version":7,"MessageType":"TestSession.Message","Payload":{"MessageLevel":0,"Message":"Running all tests in D:\\БРУ\\3 КУРС\\6 Семестр\\ОС\\лр11\\OS_20\\TaskPriorityCalculator\\NunitTesting\\bin\\Debug\\net6.0\\fine-code-coverage\\build-output\\NunitTesting.dll"}}
TpTrace Verbose: 0 : 18484, 13, 2024/05/05, 16:37:43.241, 1854006177943, vstest.console.dll, TestRunRequest:SendTestRunMessage: Starting.
TpTrace Verbose: 0 : 18484, 13, 2024/05/05, 16:37:43.241, 1854006178429, vstest.console.dll, MulticastDelegateUtilities.SafeInvoke: TestRun.LogMessages: Invoking callback 1/1 for Microsoft.VisualStudio.TestPlatform.CommandLine.TestRunResultAggregator., took 0 ms.
TpTrace Information: 0 : 18484, 13, 2024/05/05, 16:37:43.241, 1854006178630, vstest.console.dll, TestRunRequest:SendTestRunMessage: Completed.
TpTrace Verbose: 0 : 18484, 4, 2024/05/05, 16:37:43.241, 1854006178794, vstest.console.dll, MulticastDelegateUtilities.SafeInvoke: InternalTestLoggerEvents.SendTestRunMessage: Invoking callback 1/1 for Microsoft.VisualStudio.TestPlatform.CommandLine.Internal.ConsoleLogger., took 0 ms.
TpTrace Verbose: 0 : 18484, 13, 2024/05/05, 16:37:43.241, 1854006178890, vstest.console.dll, MulticastDelegateUtilities.SafeInvoke: LengthPrefixCommunicationChannel: MessageReceived: Invoking callback 1/1 for Microsoft.VisualStudio.TestPlatform.CommunicationUtilities.TestRequestSender+<>c__DisplayClass34_0., took 0 ms.
TpTrace Verbose: 0 : 18484, 13, 2024/05/05, 16:37:43.241, 1854006179800, vstest.console.dll, TcpClientExtensions.MessageLoopAsync: Polling on remoteEndPoint: 127.0.0.1:53472 localEndPoint: 127.0.0.1:53471 after 23 ms
TpTrace Verbose: 0 : 18484, 13, 2024/05/05, 16:37:43.349, 1854007259821, vstest.console.dll, TcpClientExtensions.MessageLoopAsync: NotifyDataAvailable remoteEndPoint: 127.0.0.1:53472 localEndPoint: 127.0.0.1:53471
TpTrace Verbose: 0 : 18484, 13, 2024/05/05, 16:37:43.350, 1854007262588, vstest.console.dll, TestRequestSender.OnExecutionMessageReceived: Received message: {"Version":7,"MessageType":"TestSession.Message","Payload":{"MessageLevel":0,"Message":"   NUnit3TestExecutor discovered 14 of 14 NUnit test cases using Current Discovery mode, Non-Explicit run"}}
TpTrace Verbose: 0 : 18484, 13, 2024/05/05, 16:37:43.350, 1854007264405, vstest.console.dll, TestRunRequest:SendTestRunMessage: Starting.
TpTrace Verbose: 0 : 18484, 13, 2024/05/05, 16:37:43.350, 1854007265213, vstest.console.dll, MulticastDelegateUtilities.SafeInvoke: TestRun.LogMessages: Invoking callback 1/1 for Microsoft.VisualStudio.TestPlatform.CommandLine.TestRunResultAggregator., took 0 ms.
TpTrace Information: 0 : 18484, 13, 2024/05/05, 16:37:43.350, 1854007265675, vstest.console.dll, TestRunRequest:SendTestRunMessage: Completed.
TpTrace Verbose: 0 : 18484, 4, 2024/05/05, 16:37:43.350, 1854007265649, vstest.console.dll, MulticastDelegateUtilities.SafeInvoke: InternalTestLoggerEvents.SendTestRunMessage: Invoking callback 1/1 for Microsoft.VisualStudio.TestPlatform.CommandLine.Internal.ConsoleLogger., took 0 ms.
TpTrace Verbose: 0 : 18484, 13, 2024/05/05, 16:37:43.350, 1854007266270, vstest.console.dll, MulticastDelegateUtilities.SafeInvoke: LengthPrefixCommunicationChannel: MessageReceived: Invoking callback 1/1 for Microsoft.VisualStudio.TestPlatform.CommunicationUtilities.TestRequestSender+<>c__DisplayClass34_0., took 0 ms.
TpTrace Verbose: 0 : 18484, 13, 2024/05/05, 16:37:43.350, 1854007267142, vstest.console.dll, TcpClientExtensions.MessageLoopAsync: Polling on remoteEndPoint: 127.0.0.1:53472 localEndPoint: 127.0.0.1:53471 after 108 ms
TpTrace Verbose: 0 : 18484, 13, 2024/05/05, 16:37:43.472, 1854008487283, vstest.console.dll, TcpClientExtensions.MessageLoopAsync: NotifyDataAvailable remoteEndPoint: 127.0.0.1:53472 localEndPoint: 127.0.0.1:53471
TpTrace Verbose: 0 : 18484, 13, 2024/05/05, 16:37:43.472, 1854008490256, vstest.console.dll, TestRequestSender.OnExecutionMessageReceived: Received message: {"Version":7,"MessageType":"TestExecution.StatsChange","Payload":{"NewTestResults":[{"TestCase":{"Id":"78b778ad-a9d9-8b15-d041-8d19c330c0a7","FullyQualifiedName":"NunitTesting.DDT.TestTaskPriority(LessThan2Weeks,Critical,SpecializedEquipment,Initial,High)","DisplayName":"TestTaskPriority(LessThan2Weeks,Critical,SpecializedEquipment,Initial,High)","ExecutorUri":"executor://NUnit3TestExecutor","Source":"D:\\БРУ\\3 КУРС\\6 Семестр\\ОС\\лр11\\OS_20\\TaskPriorityCalculator\\NunitTesting\\bin\\Debug\\net6.0\\fine-code-coverage\\build-output\\NunitTesting.dll","CodeFilePath":null,"LineNumber":0,"Properties":[{"Key":{"Id":"NUnit.Seed","Label":"Seed","Category":"","Description":"","Attributes":0,"ValueType":"System.String"},"Value":"1478123039"}]},"Attachments":[],"Outcome":1,"ErrorMessage":null,"ErrorStackTrace":null,"DisplayName":"TestTaskPriority(LessThan2Weeks,Critical,SpecializedEquipment,Initial,High)","Messages":[],"ComputerName":"SCORPIOSTATION","Duration":"00:00:00.0096720","StartTime":"2024-05-05T13:37:43.36931+00:00","EndTime":"2024-05-05T13:37:43.3789246+00:00","Properties":[{"Key":{"Id":"NUnit.Seed","Label":"Seed","Category":"","Description":"","Attributes":0,"ValueType":"System.String"},"Value":"1478123039"}]},{"TestCase":{"Id":"f61f45c8-fab7-4eec-b76e-00e1adff27bc","FullyQualifiedName":"NunitTesting.DDT.TestTaskPriority(LessThan2Weeks,High,ProjectManagerSupport,Initial,High)","DisplayName":"TestTaskPriority(LessThan2Weeks,High,ProjectManagerSupport,Initial,High)","ExecutorUri":"executor://NUnit3TestExecutor","Source":"D:\\БРУ\\3 КУРС\\6 Семестр\\ОС\\лр11\\OS_20\\TaskPriorityCalculator\\NunitTesting\\bin\\Debug\\net6.0\\fine-code-coverage\\build-output\\NunitTesting.dll","CodeFilePath":null,"LineNumber":0,"Properties":[{"Key":{"Id":"NUnit.Seed","Label":"Seed","Category":"","Description":"","Attributes":0,"ValueType":"System.String"},"Value":"1050371153"}]},"Attachments":[],"Outcome":1,"ErrorMessage":null,"ErrorStackTrace":null,"DisplayName":"TestTaskPriority(LessThan2Weeks,High,ProjectManagerSupport,Initial,High)","Messages":[],"ComputerName":"SCORPIOSTATION","Duration":"00:00:00.0000780","StartTime":"2024-05-05T13:37:43.3799718+00:00","EndTime":"2024-05-05T13:37:43.3800498+00:00","Properties":[{"Key":{"Id":"NUnit.Seed","Label":"Seed","Category":"","Description":"","Attributes":0,"ValueType":"System.String"},"Value":"1050371153"}]},{"TestCase":{"Id":"78b778ad-a9d9-8b15-d041-8d19c330c0a7","FullyQualifiedName":"NunitTesting.DDT.TestTaskPriority(LessThan2Weeks,Critical,SpecializedEquipment,Initial,High)","DisplayName":"TestTaskPriority(LessThan2Weeks,Critical,SpecializedEquipment,Initial,High)","ExecutorUri":"executor://NUnit3TestExecutor","Source":"D:\\БРУ\\3 КУРС\\6 Семестр\\ОС\\лр11\\OS_20\\TaskPriorityCalculator\\NunitTesting\\bin\\Debug\\net6.0\\fine-code-coverage\\build-output\\NunitTesting.dll","CodeFilePath":null,"LineNumber":0,"Properties":[{"Key":{"Id":"NUnit.Seed","Label":"Seed","Category":"","Description":"","Attributes":0,"ValueType":"System.String"},"Value":"620035162"}]},"Attachments":[],"Outcome":1,"ErrorMessage":null,"ErrorStackTrace":null,"DisplayName":"TestTaskPriority(LessThan2Weeks,Critical,SpecializedEquipment,Initial,High)","Messages":[],"ComputerName":"SCORPIOSTATION","Duration":"00:00:00.0000120","StartTime":"2024-05-05T13:37:43.3800599+00:00","EndTime":"2024-05-05T13:37:43.3800717+00:00","Properties":[{"Key":{"Id":"NUnit.Seed","Label":"Seed","Category":"","Description":"","Attributes":0,"ValueType":"System.String"},"Value":"620035162"}]},{"TestCase":{"Id":"fa34bbbc-d660-0183-8788-edb873fdcfc6","FullyQualifiedName":"NunitTesting.DDT.TestTaskPriority(LessThan2Weeks,Critical,ProjectManagerSupport,InProgress,High)","DisplayName":"TestTaskPriority(LessThan2Weeks,Critical,ProjectManagerSupport,InProgress,High)","ExecutorUri":"executor://NUnit3TestExecutor","Source":"D:\\БРУ\\3 КУРС\\6 Семестр\\ОС\\лр11\\OS_20\\TaskPriorityCalculator\\NunitTesting\\bin\\Debug\\net6.0\\fine-code-coverage\\build-output\\NunitTesting.dll","CodeFilePath":null,"LineNumber":0,"Properties":[{"Key":{"Id":"NUnit.Seed","Label":"Seed","Category":"","Description":"","Attributes":0,"ValueType":"System.String"},"Value":"1943912411"}]},"Attachments":[],"Outcome":1,"ErrorMessage":null,"ErrorStackTrace":null,"DisplayName":"TestTaskPriority(LessThan2Weeks,Critical,ProjectManagerSupport,InProgress,High)","Messages":[],"ComputerName":"SCORPIOSTATION","Duration":"00:00:00.0000080","StartTime":"2024-05-05T13:37:43.3800778+00:00","EndTime":"2024-05-05T13:37:43.3800861+00:00","Properties":[{"Key":{"Id":"NUnit.Seed","Label":"Seed","Category":"","Description":"","Attributes":0,"ValueType":"System.String"},"Value":"1943912411"}]},{"TestCase":{"Id":"d50d657f-47ce-78a0-8888-ca9999e2b17e","FullyQualifiedName":"NunitTesting.DDT.TestTaskPriority(Between2And4Weeks,Critical,SpecializedEquipment,Initial,High)","DisplayName":"TestTaskPriority(Between2And4Weeks,Critical,SpecializedEquipment,Initial,High)","ExecutorUri":"executor://NUnit3TestExecutor","Source":"D:\\БРУ\\3 КУРС\\6 Семестр\\ОС\\лр11\\OS_20\\TaskPriorityCalculator\\NunitTesting\\bin\\Debug\\net6.0\\fine-code-coverage\\build-output\\NunitTesting.dll","CodeFilePath":null,"LineNumber":0,"Properties":[{"Key":{"Id":"NUnit.Seed","Label":"Seed","Category":"","Description":"","Attributes":0,"ValueType":"System.String"},"Value":"1338103056"}]},"Attachments":[],"Outcome":1,"ErrorMessage":null,"ErrorStackTrace":null,"DisplayName":"TestTaskPriority(Between2And4Weeks,Critical,SpecializedEquipment,Initial,High)","Messages":[],"ComputerName":"SCORPIOSTATION","Duration":"00:00:00.0000080","StartTime":"2024-05-05T13:37:43.380089+00:00","EndTime":"2024-05-05T13:37:43.3800969+00:00","Properties":[{"Key":{"Id":"NUnit.Seed","Label":"Seed","Category":"","Description":"","Attributes":0,"ValueType":"System.String"},"Value":"1338103056"}]},{"TestCase":{"Id":"69c9de2c-a903-460c-1f0e-177d124c6f83","FullyQualifiedName":"NunitTesting.DDT.TestTaskPriority(Between2And4Weeks,Critical,ProjectManagerSupport,InProgress,Medium)","DisplayName":"TestTaskPriority(Between2And4Weeks,Critical,ProjectManagerSupport,InProgress,Medium)","ExecutorUri":"executor://NUnit3TestExecutor","Source":"D:\\БРУ\\3 КУРС\\6 Семестр\\ОС\\лр11\\OS_20\\TaskPriorityCalculator\\NunitTesting\\bin\\Debug\\net6.0\\fine-code-coverage\\build-output\\NunitTesting.dll","CodeFilePath":null,"LineNumber":0,"Properties":[{"Key":{"Id":"NUnit.Seed","Label":"Seed","Category":"","Description":"","Attributes":0,"ValueType":"System.String"},"Value":"1430455399"}]},"Attachments":[],"Outcome":1,"ErrorMessage":null,"ErrorStackTrace":null,"DisplayName":"TestTaskPriority(Between2And4Weeks,Critical,ProjectManagerSupport,InProgress,Medium)","Messages":[],"ComputerName":"SCORPIOSTATION","Duration":"00:00:00.0000110","StartTime":"2024-05-05T13:37:43.3800996+00:00","EndTime":"2024-05-05T13:37:43.3801105+00:00","Properties":[{"Key":{"Id":"NUnit.Seed","Label":"Seed","Category":"","Description":"","Attributes":0,"ValueType":"System.String"},"Value":"1430455399"}]},{"TestCase":{"Id":"46cc0131-b302-36fc-ef7e-21a9db9b9c2d","FullyQualifiedName":"NunitTesting.DDT.TestTaskPriority(Between2And4Weeks,Critical,ExternalExperts,Finalizing,Low)","DisplayName":"TestTaskPriority(Between2And4Weeks,Critical,ExternalExperts,Finalizing,Low)","ExecutorUri":"executor://NUnit3TestExecutor","Source":"D:\\БРУ\\3 КУРС\\6 Семестр\\ОС\\лр11\\OS_20\\TaskPriorityCalculator\\NunitTesting\\bin\\Debug\\net6.0\\fine-code-coverage\\build-output\\NunitTesting.dll","CodeFilePath":null,"LineNumber":0,"Properties":[{"Key":{"Id":"NUnit.Seed","Label":"Seed","Category":"","Description":"","Attributes":0,"ValueType":"System.String"},"Value":"321697659"}]},"Attachments":[],"Outcome":1,"ErrorMessage":null,"ErrorStackTrace":null,"DisplayName":"TestTaskPriority(Between2And4Weeks,Critical,ExternalExperts,Finalizing,Low)","Messages":[],"ComputerName":"SCORPIOSTATION","Duration":"00:00:00.0000080","StartTime":"2024-05-05T13:37:43.3801133+00:00","EndTime":"2024-05-05T13:37:43.3801212+00:00","Properties":[{"Key":{"Id":"NUnit.Seed","Label":"Seed","Category":"","Description":"","Attributes":0,"ValueType":"System.String"},"Value":"321697659"}]},{"TestCase":{"Id":"c9c23289-1c86-dd5c-7f94-87e1d53cffc5","FullyQualifiedName":"NunitTesting.Tests.DetermineTaskPriority_ExecutionTimeBetween2And4Weeks_CriticalPriority_FinalizingProjectState_ReturnsLowPriority","DisplayName":"DetermineTaskPriority_ExecutionTimeBetween2And4Weeks_CriticalPriority_FinalizingProjectState_ReturnsLowPriority","ExecutorUri":"executor://NUnit3TestExecutor","Source":"D:\\БРУ\\3 КУРС\\6 Семестр\\ОС\\лр11\\OS_20\\TaskPriorityCalculator\\NunitTesting\\bin\\Debug\\net6.0\\fine-code-coverage\\build-output\\NunitTesting.dll","CodeFilePath":null,"LineNumber":0,"Properties":[{"Key":{"Id":"NUnit.Seed","Label":"Seed","Category":"","Description":"","Attributes":0,"ValueType":"System.String"},"Value":"1810033633"}]},"Attachments":[],"Outcome":1,"ErrorMessage":null,"ErrorStackTrace":null,"DisplayName":"DetermineTaskPriority_ExecutionTimeBetween2And4Weeks_CriticalPriority_FinalizingProjectState_ReturnsLowPriority","Messages":[],"ComputerName":"SCORPIOSTATION","Duration":"00:00:00.0001140","StartTime":"2024-05-05T13:37:43.381616+00:00","EndTime":"2024-05-05T13:37:43.3817303+00:00","Properties":[{"Key":{"Id":"NUnit.Seed","Label":"Seed","Category":"","Description":"","Attributes":0,"ValueType":"System.String"},"Value":"1810033633"}]},{"TestCase":{"Id":"2ce41e71-5643-ed26-aefb-3c658474b7de","FullyQualifiedName":"NunitTesting.Tests.DetermineTaskPriority_ExecutionTimeBetween2And4Weeks_CriticalPriority_InitialProjectState_ReturnsHighPriority","DisplayName":"DetermineTaskPriority_ExecutionTimeBetween2And4Weeks_CriticalPriority_InitialProjectState_ReturnsHighPriority","ExecutorUri":"executor://NUnit3TestExecutor","Source":"D:\\БРУ\\3 КУРС\\6 Семестр\\ОС\\лр11\\OS_20\\TaskPriorityCalculator\\NunitTesting\\bin\\Debug\\net6.0\\fine-code-coverage\\build-output\\NunitTesting.dll","CodeFilePath":null,"LineNumber":0,"Properties":[{"Key":{"Id":"NUnit.Seed","Label":"Seed","Category":"","Description":"","Attributes":0,"ValueType":"System.String"},"Value":"1098057161"}]},"Attachments":[],"Outcome":1,"ErrorMessage":null,"ErrorStackTrace":null,"DisplayName":"DetermineTaskPriority_ExecutionTimeBetween2And4Weeks_CriticalPriority_InitialProjectState_ReturnsHighPriority","Messages":[],"ComputerName":"SCORPIOSTATION","Duration":"00:00:00.0000720","StartTime":"2024-05-05T13:37:43.3817364+00:00","EndTime":"2024-05-05T13:37:43.3818084+00:00","Properties":[{"Key":{"Id":"NUnit.Seed","Label":"Seed","Category":"","Description":"","Attributes":0,"ValueType":"System.String"},"Value":"1098057161"}]}],"TestRunStatistics":{"ExecutedTests":9,"Stats":{"Passed":9}},"ActiveTests":[{"Id":"88a78464-9315-1a91-9f45-8dd4082b0b13","FullyQualifiedName":"NunitTesting.Tests.DetermineTaskPriority_ExecutionTimeBetween2And4Weeks_CriticalPriority_NonInitialProjectState_ReturnsMediumPriority","DisplayName":"DetermineTaskPriority_ExecutionTimeBetween2And4Weeks_CriticalPriority_NonInitialProjectState_ReturnsMediumPriority","ExecutorUri":"executor://NUnit3TestExecutor","Source":"D:\\БРУ\\3 КУРС\\6 Семестр\\ОС\\лр11\\OS_20\\TaskPriorityCalculator\\NunitTesting\\bin\\Debug\\net6.0\\fine-code-coverage\\build-output\\NunitTesting.dll","CodeFilePath":null,"LineNumber":0,"Properties":[{"Key":{"Id":"NUnit.Seed","Label":"Seed","Category":"","Description":"","Attributes":0,"ValueType":"System.String"},"Value":"883087977"}]}]}}
TpTrace Verbose: 0 : 18484, 13, 2024/05/05, 16:37:43.493, 1854008695849, vstest.console.dll, TestRunRequest:SendTestRunStatsChange: Starting.
TpTrace Verbose: 0 : 18484, 13, 2024/05/05, 16:37:43.493, 1854008697140, vstest.console.dll, InProgress is DetermineTaskPriority_ExecutionTimeBetween2And4Weeks_CriticalPriority_NonInitialProjectState_ReturnsMediumPriority
TpTrace Verbose: 0 : 18484, 13, 2024/05/05, 16:37:43.493, 1854008699269, vstest.console.dll, MulticastDelegateUtilities.SafeInvoke: TestRun.RunStatsChanged: Invoking callbacks was skipped because there are no subscribers.
TpTrace Information: 0 : 18484, 13, 2024/05/05, 16:37:43.493, 1854008700145, vstest.console.dll, TestRunRequest:SendTestRunStatsChange: Completed.
TpTrace Verbose: 0 : 18484, 13, 2024/05/05, 16:37:43.494, 1854008701370, vstest.console.dll, MulticastDelegateUtilities.SafeInvoke: LengthPrefixCommunicationChannel: MessageReceived: Invoking callback 1/1 for Microsoft.VisualStudio.TestPlatform.CommunicationUtilities.TestRequestSender+<>c__DisplayClass34_0., took 21 ms.
TpTrace Verbose: 0 : 18484, 13, 2024/05/05, 16:37:43.494, 1854008703367, vstest.console.dll, TcpClientExtensions.MessageLoopAsync: Polling on remoteEndPoint: 127.0.0.1:53472 localEndPoint: 127.0.0.1:53471 after 143 ms
TpTrace Verbose: 0 : 18484, 13, 2024/05/05, 16:37:43.494, 1854008704400, vstest.console.dll, TcpClientExtensions.MessageLoopAsync: NotifyDataAvailable remoteEndPoint: 127.0.0.1:53472 localEndPoint: 127.0.0.1:53471
TpTrace Verbose: 0 : 18484, 13, 2024/05/05, 16:37:43.494, 1854008705529, vstest.console.dll, TestRequestSender.OnExecutionMessageReceived: Received message: {"Version":7,"MessageType":"TestSession.Message","Payload":{"MessageLevel":0,"Message":"NUnit Adapter 4.4.0.0: Test execution complete"}}
TpTrace Verbose: 0 : 18484, 13, 2024/05/05, 16:37:43.494, 1854008707496, vstest.console.dll, TestRunRequest:SendTestRunMessage: Starting.
TpTrace Verbose: 0 : 18484, 13, 2024/05/05, 16:37:43.494, 1854008708595, vstest.console.dll, MulticastDelegateUtilities.SafeInvoke: TestRun.LogMessages: Invoking callback 1/1 for Microsoft.VisualStudio.TestPlatform.CommandLine.TestRunResultAggregator., took 0 ms.
TpTrace Information: 0 : 18484, 13, 2024/05/05, 16:37:43.494, 1854008709016, vstest.console.dll, TestRunRequest:SendTestRunMessage: Completed.
TpTrace Verbose: 0 : 18484, 13, 2024/05/05, 16:37:43.494, 1854008709519, vstest.console.dll, MulticastDelegateUtilities.SafeInvoke: LengthPrefixCommunicationChannel: MessageReceived: Invoking callback 1/1 for Microsoft.VisualStudio.TestPlatform.CommunicationUtilities.TestRequestSender+<>c__DisplayClass34_0., took 0 ms.
TpTrace Verbose: 0 : 18484, 13, 2024/05/05, 16:37:43.494, 1854008710149, vstest.console.dll, TcpClientExtensions.MessageLoopAsync: Polling on remoteEndPoint: 127.0.0.1:53472 localEndPoint: 127.0.0.1:53471 after 0 ms
TpTrace Verbose: 0 : 18484, 4, 2024/05/05, 16:37:43.495, 1854008720041, vstest.console.dll, MulticastDelegateUtilities.SafeInvoke: InternalTestLoggerEvents.SendTestResult: Invoking callback 1/1 for Microsoft.VisualStudio.TestPlatform.CommandLine.Internal.ConsoleLogger., took 2 ms.
TpTrace Verbose: 0 : 18484, 4, 2024/05/05, 16:37:43.496, 1854008722990, vstest.console.dll, MulticastDelegateUtilities.SafeInvoke: InternalTestLoggerEvents.SendTestResult: Invoking callback 1/1 for Microsoft.VisualStudio.TestPlatform.CommandLine.Internal.ConsoleLogger., took 0 ms.
TpTrace Verbose: 0 : 18484, 4, 2024/05/05, 16:37:43.496, 1854008723796, vstest.console.dll, MulticastDelegateUtilities.SafeInvoke: InternalTestLoggerEvents.SendTestResult: Invoking callback 1/1 for Microsoft.VisualStudio.TestPlatform.CommandLine.Internal.ConsoleLogger., took 0 ms.
TpTrace Verbose: 0 : 18484, 4, 2024/05/05, 16:37:43.496, 1854008724262, vstest.console.dll, MulticastDelegateUtilities.SafeInvoke: InternalTestLoggerEvents.SendTestResult: Invoking callback 1/1 for Microsoft.VisualStudio.TestPlatform.CommandLine.Internal.ConsoleLogger., took 0 ms.
TpTrace Verbose: 0 : 18484, 4, 2024/05/05, 16:37:43.496, 1854008724772, vstest.console.dll, MulticastDelegateUtilities.SafeInvoke: InternalTestLoggerEvents.SendTestResult: Invoking callback 1/1 for Microsoft.VisualStudio.TestPlatform.CommandLine.Internal.ConsoleLogger., took 0 ms.
TpTrace Verbose: 0 : 18484, 4, 2024/05/05, 16:37:43.496, 1854008725313, vstest.console.dll, MulticastDelegateUtilities.SafeInvoke: InternalTestLoggerEvents.SendTestResult: Invoking callback 1/1 for Microsoft.VisualStudio.TestPlatform.CommandLine.Internal.ConsoleLogger., took 0 ms.
TpTrace Verbose: 0 : 18484, 4, 2024/05/05, 16:37:43.496, 1854008725805, vstest.console.dll, MulticastDelegateUtilities.SafeInvoke: InternalTestLoggerEvents.SendTestResult: Invoking callback 1/1 for Microsoft.VisualStudio.TestPlatform.CommandLine.Internal.ConsoleLogger., took 0 ms.
TpTrace Verbose: 0 : 18484, 4, 2024/05/05, 16:37:43.496, 1854008726233, vstest.console.dll, MulticastDelegateUtilities.SafeInvoke: InternalTestLoggerEvents.SendTestResult: Invoking callback 1/1 for Microsoft.VisualStudio.TestPlatform.CommandLine.Internal.ConsoleLogger., took 0 ms.
TpTrace Verbose: 0 : 18484, 4, 2024/05/05, 16:37:43.496, 1854008726614, vstest.console.dll, MulticastDelegateUtilities.SafeInvoke: InternalTestLoggerEvents.SendTestResult: Invoking callback 1/1 for Microsoft.VisualStudio.TestPlatform.CommandLine.Internal.ConsoleLogger., took 0 ms.
TpTrace Verbose: 0 : 18484, 4, 2024/05/05, 16:37:43.496, 1854008726930, vstest.console.dll, MulticastDelegateUtilities.SafeInvoke: InternalTestLoggerEvents.SendTestRunMessage: Invoking callback 1/1 for Microsoft.VisualStudio.TestPlatform.CommandLine.Internal.ConsoleLogger., took 0 ms.
TpTrace Verbose: 0 : 18484, 13, 2024/05/05, 16:37:43.502, 1854008783742, vstest.console.dll, TcpClientExtensions.MessageLoopAsync: NotifyDataAvailable remoteEndPoint: 127.0.0.1:53472 localEndPoint: 127.0.0.1:53471
TpTrace Verbose: 0 : 18484, 13, 2024/05/05, 16:37:43.502, 1854008785436, vstest.console.dll, TestRequestSender.OnExecutionMessageReceived: Received message: {"Version":7,"MessageType":"TestExecution.Completed","Payload":{"TestRunCompleteArgs":{"TestRunStatistics":{"ExecutedTests":14,"Stats":{"Passed":14}},"IsCanceled":false,"IsAborted":false,"Error":null,"AttachmentSets":[],"InvokedDataCollectors":[],"ElapsedTimeInRunningTests":"00:00:00.3368637","Metrics":{},"DiscoveredExtensions":{"TestDiscoverers":["NUnit.VisualStudio.TestAdapter.NUnit3TestDiscoverer, NUnit3.TestAdapter, Version=4.4.0.0, Culture=neutral, PublicKeyToken=4cb40d35494691ac"],"TestExecutors":["executor://NUnit3TestExecutor"],"TestExecutors2":[],"TestSettingsProviders":[]}},"LastRunTests":{"NewTestResults":[{"TestCase":{"Id":"88a78464-9315-1a91-9f45-8dd4082b0b13","FullyQualifiedName":"NunitTesting.Tests.DetermineTaskPriority_ExecutionTimeBetween2And4Weeks_CriticalPriority_NonInitialProjectState_ReturnsMediumPriority","DisplayName":"DetermineTaskPriority_ExecutionTimeBetween2And4Weeks_CriticalPriority_NonInitialProjectState_ReturnsMediumPriority","ExecutorUri":"executor://NUnit3TestExecutor","Source":"D:\\БРУ\\3 КУРС\\6 Семестр\\ОС\\лр11\\OS_20\\TaskPriorityCalculator\\NunitTesting\\bin\\Debug\\net6.0\\fine-code-coverage\\build-output\\NunitTesting.dll","CodeFilePath":null,"LineNumber":0,"Properties":[{"Key":{"Id":"NUnit.Seed","Label":"Seed","Category":"","Description":"","Attributes":0,"ValueType":"System.String"},"Value":"883087977"}]},"Attachments":[],"Outcome":1,"ErrorMessage":null,"ErrorStackTrace":null,"DisplayName":"DetermineTaskPriority_ExecutionTimeBetween2And4Weeks_CriticalPriority_NonInitialProjectState_ReturnsMediumPriority","Messages":[],"ComputerName":"SCORPIOSTATION","Duration":"00:00:00.0000760","StartTime":"2024-05-05T13:37:43.3818132+00:00","EndTime":"2024-05-05T13:37:43.3818891+00:00","Properties":[{"Key":{"Id":"NUnit.Seed","Label":"Seed","Category":"","Description":"","Attributes":0,"ValueType":"System.String"},"Value":"883087977"}]},{"TestCase":{"Id":"c8b90a43-92b0-413d-b8c0-a18f3fe2d016","FullyQualifiedName":"NunitTesting.Tests.DetermineTaskPriority_ExecutionTimeLessThan2Weeks_CriticalPriority_InitialProjectState_ReturnsHighPriority","DisplayName":"DetermineTaskPriority_ExecutionTimeLessThan2Weeks_CriticalPriority_InitialProjectState_ReturnsHighPriority","ExecutorUri":"executor://NUnit3TestExecutor","Source":"D:\\БРУ\\3 КУРС\\6 Семестр\\ОС\\лр11\\OS_20\\TaskPriorityCalculator\\NunitTesting\\bin\\Debug\\net6.0\\fine-code-coverage\\build-output\\NunitTesting.dll","CodeFilePath":null,"LineNumber":0,"Properties":[{"Key":{"Id":"NUnit.Seed","Label":"Seed","Category":"","Description":"","Attributes":0,"ValueType":"System.String"},"Value":"432633124"}]},"Attachments":[],"Outcome":1,"ErrorMessage":null,"ErrorStackTrace":null,"DisplayName":"DetermineTaskPriority_ExecutionTimeLessThan2Weeks_CriticalPriority_InitialProjectState_ReturnsHighPriority","Messages":[],"ComputerName":"SCORPIOSTATION","Duration":"00:00:00.0000670","StartTime":"2024-05-05T13:37:43.3818939+00:00","EndTime":"2024-05-05T13:37:43.3819604+00:00","Properties":[{"Key":{"Id":"NUnit.Seed","Label":"Seed","Category":"","Description":"","Attributes":0,"ValueType":"System.String"},"Value":"432633124"}]},{"TestCase":{"Id":"23a705bc-e126-bb24-0655-41fdeaa5e8cb","FullyQualifiedName":"NunitTesting.Tests.DetermineTaskPriority_ExecutionTimeLessThan2Weeks_CriticalPriority_NonInitialProjectState_ReturnsMediumPriority","DisplayName":"DetermineTaskPriority_ExecutionTimeLessThan2Weeks_CriticalPriority_NonInitialProjectState_ReturnsMediumPriority","ExecutorUri":"executor://NUnit3TestExecutor","Source":"D:\\БРУ\\3 КУРС\\6 Семестр\\ОС\\лр11\\OS_20\\TaskPriorityCalculator\\NunitTesting\\bin\\Debug\\net6.0\\fine-code-coverage\\build-output\\NunitTesting.dll","CodeFilePath":null,"LineNumber":0,"Properties":[{"Key":{"Id":"NUnit.Seed","Label":"Seed","Category":"","Description":"","Attributes":0,"ValueType":"System.String"},"Value":"806054462"}]},"Attachments":[],"Outcome":1,"ErrorMessage":null,"ErrorStackTrace":null,"DisplayName":"DetermineTaskPriority_ExecutionTimeLessThan2Weeks_CriticalPriority_NonInitialProjectState_ReturnsMediumPriority","Messages":[],"ComputerName":"SCORPIOSTATION","Duration":"00:00:00.0000660","StartTime":"2024-05-05T13:37:43.3819651+00:00","EndTime":"2024-05-05T13:37:43.3820316+00:00","Properties":[{"Key":{"Id":"NUnit.Seed","Label":"Seed","Category":"","Description":"","Attributes":0,"ValueType":"System.String"},"Value":"806054462"}]},{"TestCase":{"Id":"31e885b5-646f-1f5b-dfc3-022be4d4a866","FullyQualifiedName":"NunitTesting.Tests.DetermineTaskPriority_ExecutionTimeLessThan2Weeks_CriticalPriority_ReturnsHighPriority","DisplayName":"DetermineTaskPriority_ExecutionTimeLessThan2Weeks_CriticalPriority_ReturnsHighPriority","ExecutorUri":"executor://NUnit3TestExecutor","Source":"D:\\БРУ\\3 КУРС\\6 Семестр\\ОС\\лр11\\OS_20\\TaskPriorityCalculator\\NunitTesting\\bin\\Debug\\net6.0\\fine-code-coverage\\build-output\\NunitTesting.dll","CodeFilePath":null,"LineNumber":0,"Properties":[{"Key":{"Id":"NUnit.Seed","Label":"Seed","Category":"","Description":"","Attributes":0,"ValueType":"System.String"},"Value":"1485209668"}]},"Attachments":[],"Outcome":1,"ErrorMessage":null,"ErrorStackTrace":null,"DisplayName":"DetermineTaskPriority_ExecutionTimeLessThan2Weeks_CriticalPriority_ReturnsHighPriority","Messages":[],"ComputerName":"SCORPIOSTATION","Duration":"00:00:00.0000670","StartTime":"2024-05-05T13:37:43.3820362+00:00","EndTime":"2024-05-05T13:37:43.3821034+00:00","Properties":[{"Key":{"Id":"NUnit.Seed","Label":"Seed","Category":"","Description":"","Attributes":0,"ValueType":"System.String"},"Value":"1485209668"}]},{"TestCase":{"Id":"17021581-99c3-c33c-041e-acf90597e5f9","FullyQualifiedName":"NunitTesting.Tests.DetermineTaskPriority_ExecutionTimeLessThan2Weeks_NonCriticalPriority_ReturnsHighPriority","DisplayName":"DetermineTaskPriority_ExecutionTimeLessThan2Weeks_NonCriticalPriority_ReturnsHighPriority","ExecutorUri":"executor://NUnit3TestExecutor","Source":"D:\\БРУ\\3 КУРС\\6 Семестр\\ОС\\лр11\\OS_20\\TaskPriorityCalculator\\NunitTesting\\bin\\Debug\\net6.0\\fine-code-coverage\\build-output\\NunitTesting.dll","CodeFilePath":null,"LineNumber":0,"Properties":[{"Key":{"Id":"NUnit.Seed","Label":"Seed","Category":"","Description":"","Attributes":0,"ValueType":"System.String"},"Value":"1374607225"}]},"Attachments":[],"Outcome":1,"ErrorMessage":null,"ErrorStackTrace":null,"DisplayName":"DetermineTaskPriority_ExecutionTimeLessThan2Weeks_NonCriticalPriority_ReturnsHighPriority","Messages":[],"ComputerName":"SCORPIOSTATION","Duration":"00:00:00.0000610","StartTime":"2024-05-05T13:37:43.3821079+00:00","EndTime":"2024-05-05T13:37:43.3821688+00:00","Properties":[{"Key":{"Id":"NUnit.Seed","Label":"Seed","Category":"","Description":"","Attributes":0,"ValueType":"System.String"},"Value":"1374607225"}]}],"TestRunStatistics":{"ExecutedTests":14,"Stats":{"Passed":14}},"ActiveTests":[]},"RunAttachments":[],"ExecutorUris":["executor://nunit3testexecutor/"]}}
TpTrace Verbose: 0 : 18484, 13, 2024/05/05, 16:37:43.502, 1854008786421, vstest.console.dll, TestRequestSender.EndSession: Sending end session.
TpTrace Verbose: 0 : 18484, 13, 2024/05/05, 16:37:43.502, 1854008787556, vstest.console.dll, ProxyOperationManager.Close: waiting for test host to exit for 100 ms
TpTrace Verbose: 0 : 18484, 12, 2024/05/05, 16:37:43.540, 1854009166750, vstest.console.dll, TestHostManagerCallbacks.ctor: Experimental forwarding output is disabled.
TpTrace Warning: 0 : 18484, 12, 2024/05/05, 16:37:43.540, 1854009169069, vstest.console.dll, TestHostManagerCallbacks.ErrorReceivedCallback Test host standard error line: 
TpTrace Verbose: 0 : 18484, 12, 2024/05/05, 16:37:43.546, 1854009228260, vstest.console.dll, TestHostProvider.ExitCallBack: Host exited starting callback.
TpTrace Information: 0 : 18484, 12, 2024/05/05, 16:37:43.546, 1854009229507, vstest.console.dll, TestHostManagerCallbacks.ExitCallBack: Testhost processId: 15848 exited with exitcode: 0 error: ''
TpTrace Verbose: 0 : 18484, 12, 2024/05/05, 16:37:43.546, 1854009229777, vstest.console.dll, DotnetTestHostManager.OnHostExited: invoking OnHostExited callback
TpTrace Verbose: 0 : 18484, 12, 2024/05/05, 16:37:43.546, 1854009230134, vstest.console.dll, CrossPlatEngine.TestHostManagerHostExited: calling on client process exit callback.
TpTrace Information: 0 : 18484, 12, 2024/05/05, 16:37:43.546, 1854009230424, vstest.console.dll, TestRequestSender.OnClientProcessExit: Test host process exited. Standard error: 
TpTrace Information: 0 : 18484, 12, 2024/05/05, 16:37:43.546, 1854009230785, vstest.console.dll, SocketServer.Stop: Stop server endPoint: 127.0.0.1:53471
TpTrace Information: 0 : 18484, 12, 2024/05/05, 16:37:43.546, 1854009230917, vstest.console.dll, SocketServer.Stop: Cancellation requested. Stopping message loop.
TpTrace Verbose: 0 : 18484, 12, 2024/05/05, 16:37:43.547, 1854009231572, vstest.console.dll, MulticastDelegateUtilities.SafeInvoke: HostProviderEvents.OnHostExited: Invoking callback 1/1 for Microsoft.VisualStudio.TestPlatform.CrossPlatEngine.Client.ProxyOperationManager., took 0 ms.
TpTrace Information: 0 : 18484, 13, 2024/05/05, 16:37:43.547, 1854009231731, vstest.console.dll, SocketServer.Stop: Stop server endPoint: 127.0.0.1:53471
TpTrace Information: 0 : 18484, 13, 2024/05/05, 16:37:43.547, 1854009232326, vstest.console.dll, SocketServer.Stop: Cancellation requested. Stopping message loop.
TpTrace Information: 0 : 18484, 13, 2024/05/05, 16:37:43.547, 1854009232688, vstest.console.dll, Closing the connection
TpTrace Verbose: 0 : 18484, 13, 2024/05/05, 16:37:43.547, 1854009234503, vstest.console.dll, ProxyDataCollectionManager.InvokeDataCollectionServiceAction: Starting.
TpTrace Information: 0 : 18484, 13, 2024/05/05, 16:37:43.547, 1854009234798, vstest.console.dll, ProxyDataCollectionManager.AfterTestRunEnd: Get attachment set and invoked data collectors processId: 17604 port: 53468
TpTrace Verbose: 0 : 18484, 13, 2024/05/05, 16:37:43.547, 1854009235189, vstest.console.dll, DataCollectionRequestSender.SendAfterTestRunStartAndGetResult: Send AfterTestRunEnd message with isCancelled: False
TpTrace Verbose: 0 : 18484, 13, 2024/05/05, 16:37:43.551, 1854009279050, vstest.console.dll, DataCollectionRequestSender.SendAfterTestRunStartAndGetResult: Received message: (DataCollection.AfterTestRunEndResult) -> {"MessageType":"DataCollection.AfterTestRunEndResult","Payload":{"AttachmentSets":[],"InvokedDataCollectors":[{"Uri":"datacollector://Microsoft/TestPlatform/Extensions/Blame/v1","FriendlyName":"Blame","AssemblyQualifiedName":"Microsoft.TestPlatform.Extensions.BlameDataCollector.BlameCollector, Microsoft.TestPlatform.Extensions.BlameDataCollector, Version=15.0.0.0, Culture=neutral, PublicKeyToken=b03f5f7f11d50a3a","FilePath":"C:\\Program Files\\dotnet\\sdk\\8.0.204\\Extensions\\Microsoft.TestPlatform.Extensions.BlameDataCollector.dll","HasAttachmentProcessor":false}],"Metrics":{}}}
TpTrace Information: 0 : 18484, 13, 2024/05/05, 16:37:43.555, 1854009312365, vstest.console.dll, ProxyDataCollectionManager.InvokeDataCollectionServiceAction: Completed.
TpTrace Warning: 0 : 18484, 10, 2024/05/05, 16:37:43.582, 1854009586176, vstest.console.dll, DataCollectionLauncher.ErrorReceivedCallback datacollector standard error line: 
TpTrace Information: 0 : 18484, 10, 2024/05/05, 16:37:43.588, 1854009648245, vstest.console.dll, DataCollectionLauncher.ExitCallBack: Data collector exited with exitcode: 0 error: ''
TpTrace Verbose: 0 : 18484, 13, 2024/05/05, 16:37:43.590, 1854009670138, vstest.console.dll, TestRunRequest:SendTestRunStatsChange: Starting.
TpTrace Verbose: 0 : 18484, 13, 2024/05/05, 16:37:43.590, 1854009670901, vstest.console.dll, MulticastDelegateUtilities.SafeInvoke: TestRun.RunStatsChanged: Invoking callbacks was skipped because there are no subscribers.
TpTrace Information: 0 : 18484, 13, 2024/05/05, 16:37:43.591, 1854009671082, vstest.console.dll, TestRunRequest:SendTestRunStatsChange: Completed.
TpTrace Verbose: 0 : 18484, 4, 2024/05/05, 16:37:43.591, 1854009672042, vstest.console.dll, MulticastDelegateUtilities.SafeInvoke: InternalTestLoggerEvents.SendTestResult: Invoking callback 1/1 for Microsoft.VisualStudio.TestPlatform.CommandLine.Internal.ConsoleLogger., took 0 ms.
TpTrace Verbose: 0 : 18484, 13, 2024/05/05, 16:37:43.591, 1854009673193, vstest.console.dll, ParallelProxyExecutionManager: HandlePartialRunComplete: Total workloads = 1, Total started clients = 1 Total completed clients = 1, Run complete = True, Run canceled: False.
TpTrace Verbose: 0 : 18484, 13, 2024/05/05, 16:37:43.591, 1854009673854, vstest.console.dll, ParallelProxyExecutionManager: HandlePartialRunComplete: All runs completed stopping all managers.
TpTrace Verbose: 0 : 18484, 13, 2024/05/05, 16:37:43.591, 1854009674068, vstest.console.dll, ParallelOperationManager.StopAllManagers: Stopping all managers.
TpTrace Verbose: 0 : 18484, 13, 2024/05/05, 16:37:43.591, 1854009674226, vstest.console.dll, ParallelOperationManager.ClearSlots: Clearing all slots. Slots should accept more work: False
TpTrace Verbose: 0 : 18484, 4, 2024/05/05, 16:37:43.591, 1854009673434, vstest.console.dll, MulticastDelegateUtilities.SafeInvoke: InternalTestLoggerEvents.SendTestResult: Invoking callback 1/1 for Microsoft.VisualStudio.TestPlatform.CommandLine.Internal.ConsoleLogger., took 0 ms.
TpTrace Verbose: 0 : 18484, 13, 2024/05/05, 16:37:43.591, 1854009674474, vstest.console.dll, ParallelOperationManager.SetOccupiedSlotCount: Setting slot counts AvailableSlotCount = 1, OccupiedSlotCount = 0.
TpTrace Verbose: 0 : 18484, 13, 2024/05/05, 16:37:43.591, 1854009676130, vstest.console.dll, Occupied slots:

TpTrace Verbose: 0 : 18484, 4, 2024/05/05, 16:37:43.591, 1854009676340, vstest.console.dll, MulticastDelegateUtilities.SafeInvoke: InternalTestLoggerEvents.SendTestResult: Invoking callback 1/1 for Microsoft.VisualStudio.TestPlatform.CommandLine.Internal.ConsoleLogger., took 0 ms.
TpTrace Verbose: 0 : 18484, 4, 2024/05/05, 16:37:43.591, 1854009677237, vstest.console.dll, MulticastDelegateUtilities.SafeInvoke: InternalTestLoggerEvents.SendTestResult: Invoking callback 1/1 for Microsoft.VisualStudio.TestPlatform.CommandLine.Internal.ConsoleLogger., took 0 ms.
TpTrace Verbose: 0 : 18484, 4, 2024/05/05, 16:37:43.591, 1854009677818, vstest.console.dll, MulticastDelegateUtilities.SafeInvoke: InternalTestLoggerEvents.SendTestResult: Invoking callback 1/1 for Microsoft.VisualStudio.TestPlatform.CommandLine.Internal.ConsoleLogger., took 0 ms.
TpTrace Verbose: 0 : 18484, 4, 2024/05/05, 16:37:43.597, 1854009732403, vstest.console.dll, MulticastDelegateUtilities.SafeInvoke: InternalTestLoggerEvents.SendTestRunComplete: Invoking callback 1/2 for Microsoft.TestPlatform.Extensions.BlameDataCollector.BlameLogger., took 0 ms.
TpTrace Verbose: 0 : 18484, 4, 2024/05/05, 16:37:43.600, 1854009768055, vstest.console.dll, MulticastDelegateUtilities.SafeInvoke: InternalTestLoggerEvents.SendTestRunComplete: Invoking callback 2/2 for Microsoft.VisualStudio.TestPlatform.CommandLine.Internal.ConsoleLogger., took 3 ms.
TpTrace Verbose: 0 : 18484, 13, 2024/05/05, 16:37:43.601, 1854009771455, vstest.console.dll, TestRunRequest:TestRunComplete: Starting. IsAborted:False IsCanceled:False.
TpTrace Verbose: 0 : 18484, 13, 2024/05/05, 16:37:43.601, 1854009772503, vstest.console.dll, ParallelOperationManager.DoActionOnAllManagers: Calling an action on all managers.
TpTrace Verbose: 0 : 18484, 13, 2024/05/05, 16:37:43.602, 1854009781515, vstest.console.dll, TestLoggerManager.HandleTestRunComplete: Ignoring as the object is disposed.
TpTrace Verbose: 0 : 18484, 13, 2024/05/05, 16:37:43.602, 1854009783110, vstest.console.dll, MulticastDelegateUtilities.SafeInvoke: TestRun.TestRunComplete: Invoking callback 1/2 for Microsoft.VisualStudio.TestPlatform.CommandLine.TestRunResultAggregator., took 0 ms.
TpTrace Verbose: 0 : 18484, 13, 2024/05/05, 16:37:43.602, 1854009783881, vstest.console.dll, MulticastDelegateUtilities.SafeInvoke: TestRun.TestRunComplete: Invoking callback 2/2 for Microsoft.VisualStudio.TestPlatform.CommandLine.Processors.RunTestsArgumentExecutor+TestRunRequestEventsRegistrar., took 0 ms.
TpTrace Information: 0 : 18484, 13, 2024/05/05, 16:37:43.602, 1854009784462, vstest.console.dll, TestRunRequest:TestRunComplete: Completed.
TpTrace Verbose: 0 : 18484, 13, 2024/05/05, 16:37:43.602, 1854009784825, vstest.console.dll, TestRequestSender.SetOperationComplete: Setting operation complete.
TpTrace Information: 0 : 18484, 13, 2024/05/05, 16:37:43.602, 1854009784993, vstest.console.dll, SocketServer.Stop: Stop server endPoint: 127.0.0.1:53471
TpTrace Information: 0 : 18484, 13, 2024/05/05, 16:37:43.602, 1854009785123, vstest.console.dll, SocketServer.Stop: Cancellation requested. Stopping message loop.
TpTrace Verbose: 0 : 18484, 13, 2024/05/05, 16:37:43.602, 1854009785306, vstest.console.dll, MulticastDelegateUtilities.SafeInvoke: LengthPrefixCommunicationChannel: MessageReceived: Invoking callback 1/1 for Microsoft.VisualStudio.TestPlatform.CommunicationUtilities.TestRequestSender+<>c__DisplayClass34_0., took 100 ms.
TpTrace Verbose: 0 : 18484, 1, 2024/05/05, 16:37:43.602, 1854009785319, vstest.console.dll, TestRunRequest.Dispose: Starting.
TpTrace Information: 0 : 18484, 1, 2024/05/05, 16:37:43.602, 1854009785865, vstest.console.dll, TestRunRequest.Dispose: Completed.
TpTrace Information: 0 : 18484, 1, 2024/05/05, 16:37:43.602, 1854009786295, vstest.console.dll, TestRequestManager.RunTests: run tests completed.
TpTrace Information: 0 : 18484, 13, 2024/05/05, 16:37:43.602, 1854009786456, vstest.console.dll, SocketServer.PrivateStop: Stopping server endPoint: 127.0.0.1:53471 error: 
TpTrace Information: 0 : 18484, 1, 2024/05/05, 16:37:43.602, 1854009786749, vstest.console.dll, RunTestsArgumentProcessor:Execute: Test run is completed.
TpTrace Verbose: 0 : 18484, 1, 2024/05/05, 16:37:43.602, 1854009788325, vstest.console.dll, Executor.Execute: Exiting with exit code of 0
TpTrace Verbose: 0 : 18484, 13, 2024/05/05, 16:37:43.602, 1854009790188, vstest.console.dll, LengthPrefixCommunicationChannel.Dispose: Dispose reader and writer.
TpTrace Information: 0 : 18484, 13, 2024/05/05, 16:37:43.602, 1854009790733, vstest.console.dll, SocketServer.Stop: Raise disconnected event endPoint: 127.0.0.1:53471 error: 
TpTrace Verbose: 0 : 18484, 13, 2024/05/05, 16:37:43.603, 1854009791307, vstest.console.dll, TestRequestSender: OnTestRunAbort: Operation is already complete. Skip error message.
TpTrace Verbose: 0 : 18484, 13, 2024/05/05, 16:37:43.603, 1854009791524, vstest.console.dll, MulticastDelegateUtilities.SafeInvoke: SocketServer: ClientDisconnected: Invoking callback 1/1 for Microsoft.VisualStudio.TestPlatform.CommunicationUtilities.TestRequestSender., took 0 ms.
TpTrace Verbose: 0 : 18484, 13, 2024/05/05, 16:37:43.603, 1854009791680, vstest.console.dll, TcpClientExtensions.MessageLoopAsync: exiting MessageLoopAsync remoteEndPoint: 127.0.0.1:53472 localEndPoint: 127.0.0.1:53471
