<?xml version="1.0" encoding="utf-8"?>
<coverage line-rate="0.8019" branch-rate="0.35" version="1.9" timestamp="1714916263" lines-covered="81" lines-valid="101" branches-covered="28" branches-valid="80">
  <sources>
    <source>C:\</source>
    <source>D:\БРУ\3 КУРС\6 Семестр\ОС\лр11\OS_20\TaskPriorityCalculator\NunitTesting\</source>
  </sources>
  <packages>
    <package name="NunitTesting" line-rate="0.8019" branch-rate="0.35" complexity="91">
      <classes>
        <class name="AutoGeneratedProgram" filename="Users\user\.nuget\packages\microsoft.net.test.sdk\17.5.0\build\netcoreapp3.1\Microsoft.NET.Test.Sdk.Program.cs" line-rate="0" branch-rate="1" complexity="1">
          <methods>
            <method name="Main" signature="(System.String[])" line-rate="0" branch-rate="1" complexity="1">
              <lines>
                <line number="4" hits="0" branch="False" />
              </lines>
            </method>
          </methods>
          <lines>
            <line number="4" hits="0" branch="False" />
          </lines>
        </class>
        <class name="NunitTesting.DDT" filename="DDT.cs" line-rate="1" branch-rate="1" complexity="2">
          <methods>
            <method name="Setup" signature="()" line-rate="1" branch-rate="1" complexity="1">
              <lines>
                <line number="8" hits="7" branch="False" />
                <line number="9" hits="7" branch="False" />
              </lines>
            </method>
            <method name="TestTaskPriority" signature="(NunitTesting.ProjectManagementSystem/ExecutionTime,NunitTesting.ProjectManagementSystem/TaskPriority,NunitTesting.ProjectManagementSystem/RequiredResources,NunitTesting.ProjectManagementSystem/ProjectState,NunitTesting.ProjectManagementSystem/TaskPriority)" line-rate="1" branch-rate="1" complexity="1">
              <lines>
                <line number="20" hits="7" branch="False" />
                <line number="22" hits="7" branch="False" />
                <line number="25" hits="7" branch="False" />
                <line number="26" hits="7" branch="False" />
              </lines>
            </method>
          </methods>
          <lines>
            <line number="8" hits="7" branch="False" />
            <line number="9" hits="7" branch="False" />
            <line number="20" hits="7" branch="False" />
            <line number="22" hits="7" branch="False" />
            <line number="25" hits="7" branch="False" />
            <line number="26" hits="7" branch="False" />
          </lines>
        </class>
        <class name="NunitTesting.ProjectManagementSystem" filename="Program.cs" line-rate="0.4722" branch-rate="0.35" complexity="80">
          <methods>
            <method name="DetermineTaskPriority" signature="(NunitTesting.ProjectManagementSystem/ExecutionTime,NunitTesting.ProjectManagementSystem/TaskPriority,NunitTesting.ProjectManagementSystem/RequiredResources,NunitTesting.ProjectManagementSystem/ProjectState)" line-rate="0.4722" branch-rate="0.35" complexity="80">
              <lines>
                <line number="45" hits="14" branch="False" />
                <line number="46" hits="14" branch="True" condition-coverage="100% (4/4)">
                  <conditions>
                    <condition number="2" type="jump" coverage="100%" />
                    <condition number="13" type="jump" coverage="100%" />
                  </conditions>
                </line>
                <line number="47" hits="6" branch="False" />
                <line number="48" hits="6" branch="False" />
                <line number="51" hits="8" branch="True" condition-coverage="100% (4/4)">
                  <conditions>
                    <condition number="24" type="jump" coverage="100%" />
                    <condition number="35" type="jump" coverage="100%" />
                  </conditions>
                </line>
                <line number="52" hits="2" branch="False" />
                <line number="53" hits="2" branch="False" />
                <line number="56" hits="6" branch="True" condition-coverage="100% (8/8)">
                  <conditions>
                    <condition number="47" type="jump" coverage="100%" />
                    <condition number="50" type="jump" coverage="100%" />
                    <condition number="53" type="jump" coverage="100%" />
                    <condition number="64" type="jump" coverage="100%" />
                  </conditions>
                </line>
                <line number="57" hits="2" branch="False" />
                <line number="58" hits="2" branch="False" />
                <line number="61" hits="4" branch="True" condition-coverage="100% (8/8)">
                  <conditions>
                    <condition number="76" type="jump" coverage="100%" />
                    <condition number="79" type="jump" coverage="100%" />
                    <condition number="83" type="jump" coverage="100%" />
                    <condition number="99" type="jump" coverage="100%" />
                  </conditions>
                </line>
                <line number="62" hits="2" branch="False" />
                <line number="63" hits="2" branch="False" />
                <line number="66" hits="2" branch="True" condition-coverage="50% (4/8)">
                  <conditions>
                    <condition number="111" type="jump" coverage="50%" />
                    <condition number="114" type="jump" coverage="50%" />
                    <condition number="118" type="jump" coverage="50%" />
                    <condition number="131" type="jump" coverage="50%" />
                  </conditions>
                </line>
                <line number="67" hits="2" branch="False" />
                <line number="68" hits="2" branch="False" />
                <line number="71" hits="0" branch="True" condition-coverage="0% (0/8)">
                  <conditions>
                    <condition number="143" type="jump" coverage="0%" />
                    <condition number="146" type="jump" coverage="0%" />
                    <condition number="149" type="jump" coverage="0%" />
                    <condition number="162" type="jump" coverage="0%" />
                  </conditions>
                </line>
                <line number="72" hits="0" branch="False" />
                <line number="73" hits="0" branch="False" />
                <line number="76" hits="0" branch="True" condition-coverage="0% (0/8)">
                  <conditions>
                    <condition number="174" type="jump" coverage="0%" />
                    <condition number="177" type="jump" coverage="0%" />
                    <condition number="181" type="jump" coverage="0%" />
                    <condition number="197" type="jump" coverage="0%" />
                  </conditions>
                </line>
                <line number="77" hits="0" branch="False" />
                <line number="78" hits="0" branch="False" />
                <line number="81" hits="0" branch="True" condition-coverage="0% (0/8)">
                  <conditions>
                    <condition number="206" type="jump" coverage="0%" />
                    <condition number="209" type="jump" coverage="0%" />
                    <condition number="213" type="jump" coverage="0%" />
                    <condition number="226" type="jump" coverage="0%" />
                  </conditions>
                </line>
                <line number="82" hits="0" branch="False" />
                <line number="83" hits="0" branch="False" />
                <line number="86" hits="0" branch="True" condition-coverage="0% (0/8)">
                  <conditions>
                    <condition number="235" type="jump" coverage="0%" />
                    <condition number="238" type="jump" coverage="0%" />
                    <condition number="241" type="jump" coverage="0%" />
                    <condition number="254" type="jump" coverage="0%" />
                  </conditions>
                </line>
                <line number="87" hits="0" branch="False" />
                <line number="88" hits="0" branch="False" />
                <line number="91" hits="0" branch="True" condition-coverage="0% (0/8)">
                  <conditions>
                    <condition number="263" type="jump" coverage="0%" />
                    <condition number="266" type="jump" coverage="0%" />
                    <condition number="270" type="jump" coverage="0%" />
                    <condition number="286" type="jump" coverage="0%" />
                  </conditions>
                </line>
                <line number="92" hits="0" branch="False" />
                <line number="93" hits="0" branch="False" />
                <line number="96" hits="0" branch="True" condition-coverage="0% (0/8)">
                  <conditions>
                    <condition number="295" type="jump" coverage="0%" />
                    <condition number="298" type="jump" coverage="0%" />
                    <condition number="302" type="jump" coverage="0%" />
                    <condition number="315" type="jump" coverage="0%" />
                  </conditions>
                </line>
                <line number="97" hits="0" branch="False" />
                <line number="98" hits="0" branch="False" />
                <line number="101" hits="0" branch="False" />
                <line number="102" hits="14" branch="False" />
              </lines>
            </method>
          </methods>
          <lines>
            <line number="45" hits="14" branch="False" />
            <line number="46" hits="14" branch="True" condition-coverage="100% (4/4)">
              <conditions>
                <condition number="2" type="jump" coverage="100%" />
                <condition number="13" type="jump" coverage="100%" />
              </conditions>
            </line>
            <line number="47" hits="6" branch="False" />
            <line number="48" hits="6" branch="False" />
            <line number="51" hits="8" branch="True" condition-coverage="100% (4/4)">
              <conditions>
                <condition number="24" type="jump" coverage="100%" />
                <condition number="35" type="jump" coverage="100%" />
              </conditions>
            </line>
            <line number="52" hits="2" branch="False" />
            <line number="53" hits="2" branch="False" />
            <line number="56" hits="6" branch="True" condition-coverage="100% (8/8)">
              <conditions>
                <condition number="47" type="jump" coverage="100%" />
                <condition number="50" type="jump" coverage="100%" />
                <condition number="53" type="jump" coverage="100%" />
                <condition number="64" type="jump" coverage="100%" />
              </conditions>
            </line>
            <line number="57" hits="2" branch="False" />
            <line number="58" hits="2" branch="False" />
            <line number="61" hits="4" branch="True" condition-coverage="100% (8/8)">
              <conditions>
                <condition number="76" type="jump" coverage="100%" />
                <condition number="79" type="jump" coverage="100%" />
                <condition number="83" type="jump" coverage="100%" />
                <condition number="99" type="jump" coverage="100%" />
              </conditions>
            </line>
            <line number="62" hits="2" branch="False" />
            <line number="63" hits="2" branch="False" />
            <line number="66" hits="2" branch="True" condition-coverage="50% (4/8)">
              <conditions>
                <condition number="111" type="jump" coverage="50%" />
                <condition number="114" type="jump" coverage="50%" />
                <condition number="118" type="jump" coverage="50%" />
                <condition number="131" type="jump" coverage="50%" />
              </conditions>
            </line>
            <line number="67" hits="2" branch="False" />
            <line number="68" hits="2" branch="False" />
            <line number="71" hits="0" branch="True" condition-coverage="0% (0/8)">
              <conditions>
                <condition number="143" type="jump" coverage="0%" />
                <condition number="146" type="jump" coverage="0%" />
                <condition number="149" type="jump" coverage="0%" />
                <condition number="162" type="jump" coverage="0%" />
              </conditions>
            </line>
            <line number="72" hits="0" branch="False" />
            <line number="73" hits="0" branch="False" />
            <line number="76" hits="0" branch="True" condition-coverage="0% (0/8)">
              <conditions>
                <condition number="174" type="jump" coverage="0%" />
                <condition number="177" type="jump" coverage="0%" />
                <condition number="181" type="jump" coverage="0%" />
                <condition number="197" type="jump" coverage="0%" />
              </conditions>
            </line>
            <line number="77" hits="0" branch="False" />
            <line number="78" hits="0" branch="False" />
            <line number="81" hits="0" branch="True" condition-coverage="0% (0/8)">
              <conditions>
                <condition number="206" type="jump" coverage="0%" />
                <condition number="209" type="jump" coverage="0%" />
                <condition number="213" type="jump" coverage="0%" />
                <condition number="226" type="jump" coverage="0%" />
              </conditions>
            </line>
            <line number="82" hits="0" branch="False" />
            <line number="83" hits="0" branch="False" />
            <line number="86" hits="0" branch="True" condition-coverage="0% (0/8)">
              <conditions>
                <condition number="235" type="jump" coverage="0%" />
                <condition number="238" type="jump" coverage="0%" />
                <condition number="241" type="jump" coverage="0%" />
                <condition number="254" type="jump" coverage="0%" />
              </conditions>
            </line>
            <line number="87" hits="0" branch="False" />
            <line number="88" hits="0" branch="False" />
            <line number="91" hits="0" branch="True" condition-coverage="0% (0/8)">
              <conditions>
                <condition number="263" type="jump" coverage="0%" />
                <condition number="266" type="jump" coverage="0%" />
                <condition number="270" type="jump" coverage="0%" />
                <condition number="286" type="jump" coverage="0%" />
              </conditions>
            </line>
            <line number="92" hits="0" branch="False" />
            <line number="93" hits="0" branch="False" />
            <line number="96" hits="0" branch="True" condition-coverage="0% (0/8)">
              <conditions>
                <condition number="295" type="jump" coverage="0%" />
                <condition number="298" type="jump" coverage="0%" />
                <condition number="302" type="jump" coverage="0%" />
                <condition number="315" type="jump" coverage="0%" />
              </conditions>
            </line>
            <line number="97" hits="0" branch="False" />
            <line number="98" hits="0" branch="False" />
            <line number="101" hits="0" branch="False" />
            <line number="102" hits="14" branch="False" />
          </lines>
        </class>
        <class name="NunitTesting.Tests" filename="UnitTest1.cs" line-rate="1" branch-rate="1" complexity="8">
          <methods>
            <method name="Setup" signature="()" line-rate="1" branch-rate="1" complexity="1">
              <lines>
                <line number="7" hits="7" branch="False" />
                <line number="8" hits="7" branch="False" />
              </lines>
            </method>
            <method name="DetermineTaskPriority_ExecutionTimeLessThan2Weeks_CriticalPriority_ReturnsHighPriority" signature="()" line-rate="1" branch-rate="1" complexity="1">
              <lines>
                <line number="12" hits="1" branch="False" />
                <line number="14" hits="1" branch="False" />
                <line number="15" hits="1" branch="False" />
                <line number="16" hits="1" branch="False" />
                <line number="17" hits="1" branch="False" />
                <line number="20" hits="1" branch="False" />
                <line number="23" hits="1" branch="False" />
                <line number="24" hits="1" branch="False" />
              </lines>
            </method>
            <method name="DetermineTaskPriority_ExecutionTimeLessThan2Weeks_NonCriticalPriority_ReturnsHighPriority" signature="()" line-rate="1" branch-rate="1" complexity="1">
              <lines>
                <line number="28" hits="1" branch="False" />
                <line number="30" hits="1" branch="False" />
                <line number="31" hits="1" branch="False" />
                <line number="32" hits="1" branch="False" />
                <line number="33" hits="1" branch="False" />
                <line number="36" hits="1" branch="False" />
                <line number="39" hits="1" branch="False" />
                <line number="40" hits="1" branch="False" />
              </lines>
            </method>
            <method name="DetermineTaskPriority_ExecutionTimeLessThan2Weeks_CriticalPriority_InitialProjectState_ReturnsHighPriority" signature="()" line-rate="1" branch-rate="1" complexity="1">
              <lines>
                <line number="44" hits="1" branch="False" />
                <line number="46" hits="1" branch="False" />
                <line number="47" hits="1" branch="False" />
                <line number="48" hits="1" branch="False" />
                <line number="49" hits="1" branch="False" />
                <line number="52" hits="1" branch="False" />
                <line number="55" hits="1" branch="False" />
                <line number="56" hits="1" branch="False" />
              </lines>
            </method>
            <method name="DetermineTaskPriority_ExecutionTimeLessThan2Weeks_CriticalPriority_NonInitialProjectState_ReturnsMediumPriority" signature="()" line-rate="1" branch-rate="1" complexity="1">
              <lines>
                <line number="60" hits="1" branch="False" />
                <line number="62" hits="1" branch="False" />
                <line number="63" hits="1" branch="False" />
                <line number="64" hits="1" branch="False" />
                <line number="65" hits="1" branch="False" />
                <line number="68" hits="1" branch="False" />
                <line number="71" hits="1" branch="False" />
                <line number="72" hits="1" branch="False" />
              </lines>
            </method>
            <method name="DetermineTaskPriority_ExecutionTimeBetween2And4Weeks_CriticalPriority_InitialProjectState_ReturnsHighPriority" signature="()" line-rate="1" branch-rate="1" complexity="1">
              <lines>
                <line number="76" hits="1" branch="False" />
                <line number="78" hits="1" branch="False" />
                <line number="79" hits="1" branch="False" />
                <line number="80" hits="1" branch="False" />
                <line number="81" hits="1" branch="False" />
                <line number="84" hits="1" branch="False" />
                <line number="87" hits="1" branch="False" />
                <line number="88" hits="1" branch="False" />
              </lines>
            </method>
            <method name="DetermineTaskPriority_ExecutionTimeBetween2And4Weeks_CriticalPriority_NonInitialProjectState_ReturnsMediumPriority" signature="()" line-rate="1" branch-rate="1" complexity="1">
              <lines>
                <line number="92" hits="1" branch="False" />
                <line number="94" hits="1" branch="False" />
                <line number="95" hits="1" branch="False" />
                <line number="96" hits="1" branch="False" />
                <line number="97" hits="1" branch="False" />
                <line number="100" hits="1" branch="False" />
                <line number="103" hits="1" branch="False" />
                <line number="104" hits="1" branch="False" />
              </lines>
            </method>
            <method name="DetermineTaskPriority_ExecutionTimeBetween2And4Weeks_CriticalPriority_FinalizingProjectState_ReturnsLowPriority" signature="()" line-rate="1" branch-rate="1" complexity="1">
              <lines>
                <line number="108" hits="1" branch="False" />
                <line number="110" hits="1" branch="False" />
                <line number="111" hits="1" branch="False" />
                <line number="112" hits="1" branch="False" />
                <line number="113" hits="1" branch="False" />
                <line number="116" hits="1" branch="False" />
                <line number="119" hits="1" branch="False" />
                <line number="120" hits="1" branch="False" />
              </lines>
            </method>
          </methods>
          <lines>
            <line number="7" hits="7" branch="False" />
            <line number="8" hits="7" branch="False" />
            <line number="12" hits="1" branch="False" />
            <line number="14" hits="1" branch="False" />
            <line number="15" hits="1" branch="False" />
            <line number="16" hits="1" branch="False" />
            <line number="17" hits="1" branch="False" />
            <line number="20" hits="1" branch="False" />
            <line number="23" hits="1" branch="False" />
            <line number="24" hits="1" branch="False" />
            <line number="28" hits="1" branch="False" />
            <line number="30" hits="1" branch="False" />
            <line number="31" hits="1" branch="False" />
            <line number="32" hits="1" branch="False" />
            <line number="33" hits="1" branch="False" />
            <line number="36" hits="1" branch="False" />
            <line number="39" hits="1" branch="False" />
            <line number="40" hits="1" branch="False" />
            <line number="44" hits="1" branch="False" />
            <line number="46" hits="1" branch="False" />
            <line number="47" hits="1" branch="False" />
            <line number="48" hits="1" branch="False" />
            <line number="49" hits="1" branch="False" />
            <line number="52" hits="1" branch="False" />
            <line number="55" hits="1" branch="False" />
            <line number="56" hits="1" branch="False" />
            <line number="60" hits="1" branch="False" />
            <line number="62" hits="1" branch="False" />
            <line number="63" hits="1" branch="False" />
            <line number="64" hits="1" branch="False" />
            <line number="65" hits="1" branch="False" />
            <line number="68" hits="1" branch="False" />
            <line number="71" hits="1" branch="False" />
            <line number="72" hits="1" branch="False" />
            <line number="76" hits="1" branch="False" />
            <line number="78" hits="1" branch="False" />
            <line number="79" hits="1" branch="False" />
            <line number="80" hits="1" branch="False" />
            <line number="81" hits="1" branch="False" />
            <line number="84" hits="1" branch="False" />
            <line number="87" hits="1" branch="False" />
            <line number="88" hits="1" branch="False" />
            <line number="92" hits="1" branch="False" />
            <line number="94" hits="1" branch="False" />
            <line number="95" hits="1" branch="False" />
            <line number="96" hits="1" branch="False" />
            <line number="97" hits="1" branch="False" />
            <line number="100" hits="1" branch="False" />
            <line number="103" hits="1" branch="False" />
            <line number="104" hits="1" branch="False" />
            <line number="108" hits="1" branch="False" />
            <line number="110" hits="1" branch="False" />
            <line number="111" hits="1" branch="False" />
            <line number="112" hits="1" branch="False" />
            <line number="113" hits="1" branch="False" />
            <line number="116" hits="1" branch="False" />
            <line number="119" hits="1" branch="False" />
            <line number="120" hits="1" branch="False" />
          </lines>
        </class>
      </classes>
    </package>
  </packages>
</coverage>